[INFO ] 2020-09-08 14:37:11,341 -- WorkingPath: /home/wagno/Documents/Pesquisa_de_bolsa/CARSKit_Interface/source/datasets//results/
[INFO ] 2020-09-08 14:37:11,376 -- Your original rating data path: /home/wagno/Documents/Pesquisa_de_bolsa/CARSKit_Interface/source/datasets//ratings.txt
[INFO ] 2020-09-08 14:37:11,376 -- Current working path: /home/wagno/Documents/Pesquisa_de_bolsa/CARSKit_Interface/source/datasets//results/
[WARN ] 2020-09-08 14:37:11,389 -- You rating data is in Compact format. CARSKit is working on transformation on the data format...
[INFO ] 2020-09-08 14:37:11,438 -- User, Item, Rating, time:na, time:weekday, time:weekend, location:na, location:cinema, location:home, companion:na, companion:alone, companion:family, companion:partner
[INFO ] 2020-09-08 14:37:11,524 -- Data transformaton completed (from Compact to Binary format). See new rating file: /home/wagno/Documents/Pesquisa_de_bolsa/CARSKit_Interface/source/datasets//results/train.csv
[INFO ] 2020-09-08 14:37:11,599 -- Dataset: .../source/datasets//results/train.csv
[INFO ] 2020-09-08 14:37:11,602 -- DataPath: /home/wagno/Documents/Pesquisa_de_bolsa/CARSKit_Interface/source/datasets//results/train.csv
[INFO ] 2020-09-08 14:37:11,768 -- Rating data set has been successfully loaded.
[INFO ] 2020-09-08 14:37:11,781 -- 
/******************************************************************************************************
 *
 * Dataset: /home/wagno/Documents/Pesquisa_de_bolsa/CARSKit_Interface/source/datasets//results/train.csv
 * 
 * Statistics of U-I-C Matrix:
 * User amount: 97
 * Item amount: 79
 * Rate amount: 5035
 * Context dimensions: 3 (time, location, companion)
 * Context conditions: 10 (time: 3, location: 3, companion: 4)
 * Context situations: 13
 * Data density: 1.8230%
 * Scale distribution: [1.0 x 829, 2.0 x 625, 4.0 x 1209, 5.0 x 1367, 3.0 x 1005]
 * Average value of all ratings: 3.328892
 * Standard deviation of all ratings: 1.414777
 * Mode of all rating values: 5.000000
 * Median of all rating values: 4.000000
 *
 ******************************************************************************************************/
[INFO ] 2020-09-08 14:37:11,782 -- With Setup: cv -k 5 -p on --rand-seed 1 --test-view all
[DEBUG] 2020-09-08 14:37:11,817 -- Fold [1]: training amount: 4023, test amount: 1006
[DEBUG] 2020-09-08 14:37:11,826 -- Fold [2]: training amount: 4023, test amount: 1006
[DEBUG] 2020-09-08 14:37:11,834 -- Fold [3]: training amount: 4023, test amount: 1006
[DEBUG] 2020-09-08 14:37:11,840 -- Fold [4]: training amount: 4023, test amount: 1006
[DEBUG] 2020-09-08 14:37:11,844 -- Fold [5]: training amount: 4024, test amount: 1005
[DEBUG] 2020-09-08 14:37:11,866 -- CAMF_CU fold [1] iter 1: loss = 4777.5425, delta_loss = -4777.5425, learn_rate = 0.02
[DEBUG] 2020-09-08 14:37:11,868 -- CAMF_CU fold [2] iter 1: loss = 4812.55, delta_loss = -4812.55, learn_rate = 0.02
[DEBUG] 2020-09-08 14:37:11,873 -- CAMF_CU fold [3] iter 1: loss = 4776.3516, delta_loss = -4776.3516, learn_rate = 0.02
[DEBUG] 2020-09-08 14:37:11,879 -- CAMF_CU fold [5] iter 1: loss = 4682.332, delta_loss = -4682.332, learn_rate = 0.02
[DEBUG] 2020-09-08 14:37:11,883 -- CAMF_CU fold [4] iter 1: loss = 4683.467, delta_loss = -4683.467, learn_rate = 0.02
[DEBUG] 2020-09-08 14:37:11,894 -- CAMF_CU fold [1] iter 2: loss = 2751.0142, delta_loss = 2026.5284, learn_rate = 0.02
[DEBUG] 2020-09-08 14:37:11,895 -- CAMF_CU fold [2] iter 2: loss = 2780.3728, delta_loss = 2032.1771, learn_rate = 0.02
[DEBUG] 2020-09-08 14:37:11,901 -- CAMF_CU fold [3] iter 2: loss = 2747.0125, delta_loss = 2029.3391, learn_rate = 0.02
[DEBUG] 2020-09-08 14:37:11,906 -- CAMF_CU fold [5] iter 2: loss = 2781.5105, delta_loss = 1900.8217, learn_rate = 0.02
[DEBUG] 2020-09-08 14:37:11,912 -- CAMF_CU fold [4] iter 2: loss = 2750.6904, delta_loss = 1932.7765, learn_rate = 0.02
[DEBUG] 2020-09-08 14:37:11,927 -- CAMF_CU fold [2] iter 3: loss = 2376.7925, delta_loss = 403.5803, learn_rate = 0.021
[DEBUG] 2020-09-08 14:37:11,931 -- CAMF_CU fold [1] iter 3: loss = 2353.1174, delta_loss = 397.8968, learn_rate = 0.021
[DEBUG] 2020-09-08 14:37:11,932 -- CAMF_CU fold [3] iter 3: loss = 2360.0493, delta_loss = 386.96313, learn_rate = 0.021
[DEBUG] 2020-09-08 14:37:11,935 -- CAMF_CU fold [5] iter 3: loss = 2397.3953, delta_loss = 384.11526, learn_rate = 0.021
[DEBUG] 2020-09-08 14:37:11,937 -- CAMF_CU fold [4] iter 3: loss = 2340.943, delta_loss = 409.74725, learn_rate = 0.021
[DEBUG] 2020-09-08 14:37:11,947 -- CAMF_CU fold [2] iter 4: loss = 2107.919, delta_loss = 268.87347, learn_rate = 0.022049999
[DEBUG] 2020-09-08 14:37:11,951 -- CAMF_CU fold [3] iter 4: loss = 2091.1033, delta_loss = 268.94604, learn_rate = 0.022049999
[DEBUG] 2020-09-08 14:37:11,953 -- CAMF_CU fold [1] iter 4: loss = 2062.3137, delta_loss = 290.80362, learn_rate = 0.022049999
[DEBUG] 2020-09-08 14:37:11,954 -- CAMF_CU fold [5] iter 4: loss = 2127.5813, delta_loss = 269.81403, learn_rate = 0.022049999
[DEBUG] 2020-09-08 14:37:11,955 -- CAMF_CU fold [4] iter 4: loss = 2048.5178, delta_loss = 292.4254, learn_rate = 0.022049999
[DEBUG] 2020-09-08 14:37:11,966 -- CAMF_CU fold [2] iter 5: loss = 1859.6643, delta_loss = 248.25473, learn_rate = 0.0231525
[DEBUG] 2020-09-08 14:37:11,970 -- CAMF_CU fold [3] iter 5: loss = 1828.5486, delta_loss = 262.55466, learn_rate = 0.0231525
[DEBUG] 2020-09-08 14:37:11,973 -- CAMF_CU fold [4] iter 5: loss = 1784.3978, delta_loss = 264.12003, learn_rate = 0.0231525
[DEBUG] 2020-09-08 14:37:11,973 -- CAMF_CU fold [5] iter 5: loss = 1868.3326, delta_loss = 259.24863, learn_rate = 0.0231525
[DEBUG] 2020-09-08 14:37:11,974 -- CAMF_CU fold [1] iter 5: loss = 1785.2793, delta_loss = 277.03445, learn_rate = 0.0231525
[DEBUG] 2020-09-08 14:37:11,985 -- CAMF_CU fold [2] iter 6: loss = 1639.5865, delta_loss = 220.07765, learn_rate = 0.024310125
[DEBUG] 2020-09-08 14:37:11,994 -- CAMF_CU fold [3] iter 6: loss = 1595.741, delta_loss = 232.80762, learn_rate = 0.024310125
[DEBUG] 2020-09-08 14:37:11,995 -- CAMF_CU fold [4] iter 6: loss = 1567.7988, delta_loss = 216.59892, learn_rate = 0.024310125
[DEBUG] 2020-09-08 14:37:11,996 -- CAMF_CU fold [1] iter 6: loss = 1557.7627, delta_loss = 227.51654, learn_rate = 0.024310125
[DEBUG] 2020-09-08 14:37:11,996 -- CAMF_CU fold [5] iter 6: loss = 1634.1228, delta_loss = 234.20985, learn_rate = 0.024310125
[DEBUG] 2020-09-08 14:37:12,008 -- CAMF_CU fold [2] iter 7: loss = 1467.5925, delta_loss = 171.99413, learn_rate = 0.025525631
[DEBUG] 2020-09-08 14:37:12,012 -- CAMF_CU fold [1] iter 7: loss = 1392.0759, delta_loss = 165.68677, learn_rate = 0.025525631
[DEBUG] 2020-09-08 14:37:12,012 -- CAMF_CU fold [3] iter 7: loss = 1422.828, delta_loss = 172.91295, learn_rate = 0.025525631
[DEBUG] 2020-09-08 14:37:12,015 -- CAMF_CU fold [5] iter 7: loss = 1453.2466, delta_loss = 180.87616, learn_rate = 0.025525631
[DEBUG] 2020-09-08 14:37:12,015 -- CAMF_CU fold [4] iter 7: loss = 1403.6075, delta_loss = 164.19136, learn_rate = 0.025525631
[DEBUG] 2020-09-08 14:37:12,025 -- CAMF_CU fold [2] iter 8: loss = 1342.2579, delta_loss = 125.33452, learn_rate = 0.026801912
[DEBUG] 2020-09-08 14:37:12,028 -- CAMF_CU fold [1] iter 8: loss = 1272.6348, delta_loss = 119.44116, learn_rate = 0.026801912
[DEBUG] 2020-09-08 14:37:12,029 -- CAMF_CU fold [3] iter 8: loss = 1299.6033, delta_loss = 123.22472, learn_rate = 0.026801912
[DEBUG] 2020-09-08 14:37:12,035 -- CAMF_CU fold [4] iter 8: loss = 1280.5704, delta_loss = 123.03701, learn_rate = 0.026801912
[DEBUG] 2020-09-08 14:37:12,035 -- CAMF_CU fold [5] iter 8: loss = 1321.5721, delta_loss = 131.67447, learn_rate = 0.026801912
[DEBUG] 2020-09-08 14:37:12,043 -- CAMF_CU fold [2] iter 9: loss = 1251.6564, delta_loss = 90.60162, learn_rate = 0.028142007
[DEBUG] 2020-09-08 14:37:12,044 -- CAMF_CU fold [1] iter 9: loss = 1186.412, delta_loss = 86.222824, learn_rate = 0.028142007
[DEBUG] 2020-09-08 14:37:12,046 -- CAMF_CU fold [3] iter 9: loss = 1209.3306, delta_loss = 90.27272, learn_rate = 0.028142007
[DEBUG] 2020-09-08 14:37:12,054 -- CAMF_CU fold [4] iter 9: loss = 1188.9255, delta_loss = 91.64494, learn_rate = 0.028142007
[DEBUG] 2020-09-08 14:37:12,055 -- CAMF_CU fold [5] iter 9: loss = 1224.4677, delta_loss = 97.10454, learn_rate = 0.028142007
[DEBUG] 2020-09-08 14:37:12,062 -- CAMF_CU fold [3] iter 10: loss = 1142.2985, delta_loss = 67.032135, learn_rate = 0.029549109
[DEBUG] 2020-09-08 14:37:12,063 -- CAMF_CU fold [2] iter 10: loss = 1185.0591, delta_loss = 66.59725, learn_rate = 0.029549109
[DEBUG] 2020-09-08 14:37:12,064 -- CAMF_CU fold [1] iter 10: loss = 1123.5278, delta_loss = 62.884106, learn_rate = 0.029549109
[DEBUG] 2020-09-08 14:37:12,072 -- CAMF_CU fold [5] iter 10: loss = 1153.3473, delta_loss = 71.12027, learn_rate = 0.029549109
[DEBUG] 2020-09-08 14:37:12,073 -- CAMF_CU fold [4] iter 10: loss = 1121.0623, delta_loss = 67.86323, learn_rate = 0.029549109
[DEBUG] 2020-09-08 14:37:12,074 -- CAMF_CU fold [3] iter 11: loss = 1092.3433, delta_loss = 49.95521, learn_rate = 0.031026565
[DEBUG] 2020-09-08 14:37:12,074 -- CAMF_CU fold [2] iter 11: loss = 1135.5724, delta_loss = 49.486717, learn_rate = 0.031026565
[DEBUG] 2020-09-08 14:37:12,075 -- CAMF_CU fold [1] iter 11: loss = 1077.2411, delta_loss = 46.286804, learn_rate = 0.031026565
[DEBUG] 2020-09-08 14:37:12,076 -- CAMF_CU fold [5] iter 11: loss = 1102.5281, delta_loss = 50.81931, learn_rate = 0.031026565
[DEBUG] 2020-09-08 14:37:12,077 -- CAMF_CU fold [4] iter 11: loss = 1071.3372, delta_loss = 49.7251, learn_rate = 0.031026565
[DEBUG] 2020-09-08 14:37:12,077 -- CAMF_CU fold [3] iter 12: loss = 1055.1886, delta_loss = 37.154682, learn_rate = 0.03257789
[DEBUG] 2020-09-08 14:37:12,077 -- CAMF_CU fold [2] iter 12: loss = 1098.9783, delta_loss = 36.594048, learn_rate = 0.03257789
[DEBUG] 2020-09-08 14:37:12,078 -- CAMF_CU fold [5] iter 12: loss = 1067.0237, delta_loss = 35.504303, learn_rate = 0.03257789
[DEBUG] 2020-09-08 14:37:12,079 -- CAMF_CU fold [1] iter 12: loss = 1043.4717, delta_loss = 33.769386, learn_rate = 0.03257789
[DEBUG] 2020-09-08 14:37:12,080 -- CAMF_CU fold [2] iter 13: loss = 1072.3335, delta_loss = 26.644838, learn_rate = 0.034206785
[DEBUG] 2020-09-08 14:37:12,080 -- CAMF_CU fold [4] iter 12: loss = 1035.3804, delta_loss = 35.956844, learn_rate = 0.03257789
[DEBUG] 2020-09-08 14:37:12,081 -- CAMF_CU fold [5] iter 13: loss = 1042.6398, delta_loss = 24.383993, learn_rate = 0.034206785
[DEBUG] 2020-09-08 14:37:12,081 -- CAMF_CU fold [3] iter 13: loss = 1028.0643, delta_loss = 27.124205, learn_rate = 0.034206785
[DEBUG] 2020-09-08 14:37:12,082 -- CAMF_CU fold [1] iter 13: loss = 1019.4671, delta_loss = 24.004593, learn_rate = 0.034206785
[DEBUG] 2020-09-08 14:37:12,082 -- CAMF_CU fold [2] iter 14: loss = 1053.307, delta_loss = 19.026478, learn_rate = 0.035917126
[DEBUG] 2020-09-08 14:37:12,084 -- CAMF_CU fold [5] iter 14: loss = 1026.2921, delta_loss = 16.3476, learn_rate = 0.035917126
[DEBUG] 2020-09-08 14:37:12,084 -- CAMF_CU fold [4] iter 13: loss = 1009.698, delta_loss = 25.682375, learn_rate = 0.034206785
[DEBUG] 2020-09-08 14:37:12,085 -- CAMF_CU fold [3] iter 14: loss = 1009.10657, delta_loss = 18.957775, learn_rate = 0.035917126
[DEBUG] 2020-09-08 14:37:12,085 -- CAMF_CU fold [2] iter 15: loss = 1040.1921, delta_loss = 13.114806, learn_rate = 0.037712984
[DEBUG] 2020-09-08 14:37:12,086 -- CAMF_CU fold [1] iter 14: loss = 1003.08203, delta_loss = 16.385067, learn_rate = 0.035917126
[DEBUG] 2020-09-08 14:37:12,086 -- CAMF_CU fold [5] iter 15: loss = 1015.9549, delta_loss = 10.3372345, learn_rate = 0.037712984
[DEBUG] 2020-09-08 14:37:12,088 -- CAMF_CU fold [4] iter 14: loss = 991.6688, delta_loss = 18.029135, learn_rate = 0.035917126
[DEBUG] 2020-09-08 14:37:12,088 -- CAMF_CU fold [3] iter 15: loss = 996.87524, delta_loss = 12.231303, learn_rate = 0.037712984
[DEBUG] 2020-09-08 14:37:12,088 -- CAMF_CU fold [5] iter 16: loss = 1010.3775, delta_loss = 5.5774045, learn_rate = 0.039598633
[DEBUG] 2020-09-08 14:37:12,088 -- CAMF_CU fold [2] iter 16: loss = 1031.9248, delta_loss = 8.267341, learn_rate = 0.039598633
[DEBUG] 2020-09-08 14:37:12,089 -- CAMF_CU fold [1] iter 15: loss = 992.67737, delta_loss = 10.40463, learn_rate = 0.037712984
[DEBUG] 2020-09-08 14:37:12,090 -- CAMF_CU fold [5] iter 17: loss = 1008.8044, delta_loss = 1.5731417, learn_rate = 0.04157856
[DEBUG] 2020-09-08 14:37:12,090 -- CAMF_CU fold [2] iter 17: loss = 1027.8995, delta_loss = 4.025314, learn_rate = 0.04157856
[DEBUG] 2020-09-08 14:37:12,091 -- CAMF_CU fold [4] iter 15: loss = 979.4646, delta_loss = 12.204217, learn_rate = 0.037712984
[DEBUG] 2020-09-08 14:37:12,091 -- CAMF_CU fold [3] iter 16: loss = 990.20886, delta_loss = 6.6663675, learn_rate = 0.039598633
[DEBUG] 2020-09-08 14:37:12,092 -- CAMF_CU fold [5] iter 18: loss = 1010.7753, delta_loss = -1.9709901, learn_rate = 0.04365749
[DEBUG] 2020-09-08 14:37:12,092 -- CAMF_CU fold [1] iter 16: loss = 987.13165, delta_loss = 5.5457625, learn_rate = 0.039598633
[DEBUG] 2020-09-08 14:37:12,092 -- CAMF_CU fold [2] iter 18: loss = 1027.7412, delta_loss = 0.15836021, learn_rate = 0.04365749
[DEBUG] 2020-09-08 14:37:12,097 -- CAMF_CU fold [5] iter 19: loss = 857.04034, delta_loss = 153.735, learn_rate = 0.021828745
[DEBUG] 2020-09-08 14:37:12,097 -- CAMF_CU fold [3] iter 17: loss = 988.2102, delta_loss = 1.9987104, learn_rate = 0.04157856
[DEBUG] 2020-09-08 14:37:12,097 -- CAMF_CU fold [4] iter 16: loss = 971.8956, delta_loss = 7.5690126, learn_rate = 0.039598633
[DEBUG] 2020-09-08 14:37:12,098 -- CAMF_CU fold [2] iter 19: loss = 1031.1581, delta_loss = -3.4168372, learn_rate = 0.045840364
[DEBUG] 2020-09-08 14:37:12,098 -- CAMF_CU fold [1] iter 17: loss = 985.74146, delta_loss = 1.3901546, learn_rate = 0.04157856
[DEBUG] 2020-09-08 14:37:12,100 -- CAMF_CU fold [2] iter 20: loss = 870.1361, delta_loss = 161.02194, learn_rate = 0.022920182
[DEBUG] 2020-09-08 14:37:12,100 -- CAMF_CU fold [4] iter 17: loss = 968.2574, delta_loss = 3.6382296, learn_rate = 0.04157856
[DEBUG] 2020-09-08 14:37:12,101 -- CAMF_CU fold [3] iter 18: loss = 990.2165, delta_loss = -2.0063267, learn_rate = 0.04365749
[DEBUG] 2020-09-08 14:37:12,101 -- CAMF_CU fold [1] iter 18: loss = 988.0651, delta_loss = -2.3236208, learn_rate = 0.04365749
[DEBUG] 2020-09-08 14:37:12,101 -- CAMF_CU fold [5] iter 20: loss = 843.95294, delta_loss = 13.087403, learn_rate = 0.022920182
[DEBUG] 2020-09-08 14:37:12,103 -- CAMF_CU fold [2] iter 21: loss = 853.8843, delta_loss = 16.25183, learn_rate = 0.024066191
[DEBUG] 2020-09-08 14:37:12,103 -- CAMF_CU fold [4] iter 18: loss = 968.1932, delta_loss = 0.064222574, learn_rate = 0.04365749
[DEBUG] 2020-09-08 14:37:12,104 -- CAMF_CU fold [3] iter 19: loss = 840.98914, delta_loss = 149.22736, learn_rate = 0.021828745
[DEBUG] 2020-09-08 14:37:12,104 -- CAMF_CU fold [5] iter 21: loss = 841.45734, delta_loss = 2.4955842, learn_rate = 0.024066191
[DEBUG] 2020-09-08 14:37:12,104 -- CAMF_CU fold [1] iter 19: loss = 838.04584, delta_loss = 150.01927, learn_rate = 0.021828745
[DEBUG] 2020-09-08 14:37:12,106 -- CAMF_CU fold [4] iter 19: loss = 971.5373, delta_loss = -3.344112, learn_rate = 0.045840364
[DEBUG] 2020-09-08 14:37:12,107 -- CAMF_CU fold [2] iter 22: loss = 851.21234, delta_loss = 2.671907, learn_rate = 0.0252695
[DEBUG] 2020-09-08 14:37:12,108 -- CAMF_CU fold [1] iter 20: loss = 825.1412, delta_loss = 12.904682, learn_rate = 0.022920182
[DEBUG] 2020-09-08 14:37:12,108 -- CAMF_CU fold [5] iter 22: loss = 842.3478, delta_loss = -0.890389, learn_rate = 0.0252695
[DEBUG] 2020-09-08 14:37:12,108 -- CAMF_CU fold [3] iter 20: loss = 827.98816, delta_loss = 13.000972, learn_rate = 0.022920182
[DEBUG] 2020-09-08 14:37:12,109 -- CAMF_CU fold [4] iter 20: loss = 817.64746, delta_loss = 153.88983, learn_rate = 0.022920182
[DEBUG] 2020-09-08 14:37:12,112 -- CAMF_CU fold [2] iter 23: loss = 852.5042, delta_loss = -1.2918535, learn_rate = 0.026532976
[DEBUG] 2020-09-08 14:37:12,112 -- CAMF_CU fold [1] iter 21: loss = 823.12274, delta_loss = 2.0183935, learn_rate = 0.024066191
[DEBUG] 2020-09-08 14:37:12,112 -- CAMF_CU fold [4] iter 21: loss = 803.6915, delta_loss = 13.955916, learn_rate = 0.024066191
[DEBUG] 2020-09-08 14:37:12,113 -- CAMF_CU fold [5] iter 23: loss = 757.4539, delta_loss = 84.89384, learn_rate = 0.01263475
[DEBUG] 2020-09-08 14:37:12,114 -- CAMF_CU fold [2] iter 24: loss = 763.35236, delta_loss = 89.151825, learn_rate = 0.013266488
[DEBUG] 2020-09-08 14:37:12,115 -- CAMF_CU fold [1] iter 22: loss = 824.342, delta_loss = -1.2192172, learn_rate = 0.0252695
[DEBUG] 2020-09-08 14:37:12,115 -- CAMF_CU fold [4] iter 22: loss = 801.3376, delta_loss = 2.353945, learn_rate = 0.0252695
[DEBUG] 2020-09-08 14:37:12,116 -- CAMF_CU fold [2] iter 25: loss = 759.5073, delta_loss = 3.8450737, learn_rate = 0.013929812
[DEBUG] 2020-09-08 14:37:12,116 -- CAMF_CU fold [5] iter 24: loss = 754.4558, delta_loss = 2.998125, learn_rate = 0.013266488
[DEBUG] 2020-09-08 14:37:12,118 -- CAMF_CU fold [1] iter 23: loss = 741.0961, delta_loss = 83.24584, learn_rate = 0.01263475
[DEBUG] 2020-09-08 14:37:12,119 -- CAMF_CU fold [4] iter 23: loss = 802.681, delta_loss = -1.3434458, learn_rate = 0.026532976
[DEBUG] 2020-09-08 14:37:12,120 -- CAMF_CU fold [2] iter 26: loss = 759.1499, delta_loss = 0.35743517, learn_rate = 0.014626304
[DEBUG] 2020-09-08 14:37:12,118 -- CAMF_CU fold [3] iter 21: loss = 825.72125, delta_loss = 2.2668998, learn_rate = 0.024066191
[DEBUG] 2020-09-08 14:37:12,120 -- CAMF_CU fold [5] iter 25: loss = 754.1869, delta_loss = 0.26891097, learn_rate = 0.013929812
[DEBUG] 2020-09-08 14:37:12,122 -- CAMF_CU fold [1] iter 24: loss = 738.02686, delta_loss = 3.0692673, learn_rate = 0.013266488
[DEBUG] 2020-09-08 14:37:12,122 -- CAMF_CU fold [4] iter 24: loss = 717.9182, delta_loss = 84.762794, learn_rate = 0.013266488
[DEBUG] 2020-09-08 14:37:12,123 -- CAMF_CU fold [2] iter 27: loss = 760.17206, delta_loss = -1.0222024, learn_rate = 0.015357618
[DEBUG] 2020-09-08 14:37:12,123 -- CAMF_CU fold [3] iter 22: loss = 826.83484, delta_loss = -1.1135844, learn_rate = 0.0252695
[DEBUG] 2020-09-08 14:37:12,123 -- CAMF_CU fold [5] iter 26: loss = 755.0985, delta_loss = -0.9116173, learn_rate = 0.014626304
[DEBUG] 2020-09-08 14:37:12,124 -- CAMF_CU fold [1] iter 25: loss = 737.8469, delta_loss = 0.17992924, learn_rate = 0.013929812
[DEBUG] 2020-09-08 14:37:12,127 -- CAMF_CU fold [4] iter 25: loss = 714.82794, delta_loss = 3.0902793, learn_rate = 0.013929812
[DEBUG] 2020-09-08 14:37:12,128 -- CAMF_CU fold [3] iter 23: loss = 743.8341, delta_loss = 83.00076, learn_rate = 0.01263475
[DEBUG] 2020-09-08 14:37:12,128 -- CAMF_CU fold [5] iter 27: loss = 707.2512, delta_loss = 47.847294, learn_rate = 0.007313152
[DEBUG] 2020-09-08 14:37:12,128 -- CAMF_CU fold [1] iter 26: loss = 738.8312, delta_loss = -0.98422563, learn_rate = 0.014626304
[DEBUG] 2020-09-08 14:37:12,129 -- CAMF_CU fold [2] iter 28: loss = 709.817, delta_loss = 50.35507, learn_rate = 0.007678809
[DEBUG] 2020-09-08 14:37:12,130 -- CAMF_CU fold [3] iter 24: loss = 741.0005, delta_loss = 2.8336074, learn_rate = 0.013266488
[DEBUG] 2020-09-08 14:37:12,130 -- CAMF_CU fold [4] iter 26: loss = 714.64886, delta_loss = 0.17909001, learn_rate = 0.014626304
[DEBUG] 2020-09-08 14:37:12,131 -- CAMF_CU fold [5] iter 28: loss = 706.9652, delta_loss = 0.2859972, learn_rate = 0.007678809
[DEBUG] 2020-09-08 14:37:12,131 -- CAMF_CU fold [1] iter 27: loss = 691.6907, delta_loss = 47.14049, learn_rate = 0.007313152
[DEBUG] 2020-09-08 14:37:12,132 -- CAMF_CU fold [2] iter 29: loss = 709.3058, delta_loss = 0.5112434, learn_rate = 0.00806275
[DEBUG] 2020-09-08 14:37:12,132 -- CAMF_CU fold [3] iter 25: loss = 740.89246, delta_loss = 0.10804699, learn_rate = 0.013929812
[DEBUG] 2020-09-08 14:37:12,134 -- CAMF_CU fold [4] iter 27: loss = 715.7103, delta_loss = -1.0614296, learn_rate = 0.015357618
[DEBUG] 2020-09-08 14:37:12,134 -- CAMF_CU fold [3] iter 26: loss = 741.93646, delta_loss = -1.043988, learn_rate = 0.014626304
[DEBUG] 2020-09-08 14:37:12,134 -- CAMF_CU fold [1] iter 28: loss = 691.3308, delta_loss = 0.35987744, learn_rate = 0.007678809
[DEBUG] 2020-09-08 14:37:12,134 -- CAMF_CU fold [5] iter 29: loss = 707.30133, delta_loss = -0.33609992, learn_rate = 0.00806275
[DEBUG] 2020-09-08 14:37:12,135 -- CAMF_CU fold [2] iter 30: loss = 709.6037, delta_loss = -0.29794484, learn_rate = 0.008465887
[DEBUG] 2020-09-08 14:37:12,136 -- CAMF_CU fold [3] iter 27: loss = 695.0382, delta_loss = 46.898243, learn_rate = 0.007313152
[DEBUG] 2020-09-08 14:37:12,137 -- CAMF_CU fold [4] iter 28: loss = 667.9492, delta_loss = 47.761086, learn_rate = 0.007678809
[DEBUG] 2020-09-08 14:37:12,137 -- CAMF_CU fold [1] iter 29: loss = 691.656, delta_loss = -0.32521617, learn_rate = 0.00806275
[DEBUG] 2020-09-08 14:37:12,137 -- CAMF_CU fold [5] iter 30: loss = 681.18274, delta_loss = 26.118578, learn_rate = 0.004031375
[DEBUG] 2020-09-08 14:37:12,139 -- CAMF_CU fold [3] iter 28: loss = 694.8246, delta_loss = 0.21360753, learn_rate = 0.007678809
[DEBUG] 2020-09-08 14:37:12,139 -- CAMF_CU fold [2] iter 31: loss = 682.05383, delta_loss = 27.54989, learn_rate = 0.0042329435
[DEBUG] 2020-09-08 14:37:12,141 -- CAMF_CU fold [4] iter 29: loss = 667.6471, delta_loss = 0.30213198, learn_rate = 0.00806275
[DEBUG] 2020-09-08 14:37:12,141 -- CAMF_CU fold [5] iter 31: loss = 681.3123, delta_loss = -0.12959936, learn_rate = 0.0042329435
[DEBUG] 2020-09-08 14:37:12,141 -- CAMF_CU fold [3] iter 29: loss = 695.23846, delta_loss = -0.41385916, learn_rate = 0.00806275
[DEBUG] 2020-09-08 14:37:12,142 -- CAMF_CU fold [1] iter 30: loss = 665.8398, delta_loss = 25.81625, learn_rate = 0.004031375
[DEBUG] 2020-09-08 14:37:12,143 -- CAMF_CU fold [2] iter 32: loss = 682.12744, delta_loss = -0.073625065, learn_rate = 0.004444591
[DEBUG] 2020-09-08 14:37:12,144 -- CAMF_CU fold [3] iter 30: loss = 669.61084, delta_loss = 25.627579, learn_rate = 0.004031375
[DEBUG] 2020-09-08 14:37:12,144 -- CAMF_CU fold [4] iter 30: loss = 668.025, delta_loss = -0.37791923, learn_rate = 0.008465887
[DEBUG] 2020-09-08 14:37:12,145 -- CAMF_CU fold [5] iter 32: loss = 667.6604, delta_loss = 13.6518955, learn_rate = 0.0021164718
[DEBUG] 2020-09-08 14:37:12,146 -- CAMF_CU fold [2] iter 33: loss = 667.69696, delta_loss = 14.4305, learn_rate = 0.0022222954
[DEBUG] 2020-09-08 14:37:12,146 -- CAMF_CU fold [3] iter 31: loss = 669.77814, delta_loss = -0.16726737, learn_rate = 0.0042329435
[DEBUG] 2020-09-08 14:37:12,147 -- CAMF_CU fold [5] iter 33: loss = 667.7591, delta_loss = -0.098637216, learn_rate = 0.0022222954
[DEBUG] 2020-09-08 14:37:12,147 -- CAMF_CU fold [4] iter 31: loss = 641.94073, delta_loss = 26.08428, learn_rate = 0.0042329435
[DEBUG] 2020-09-08 14:37:12,147 -- CAMF_CU fold [1] iter 31: loss = 665.9405, delta_loss = -0.10072475, learn_rate = 0.0042329435
[DEBUG] 2020-09-08 14:37:12,149 -- CAMF_CU fold [5] iter 34: loss = 660.6309, delta_loss = 7.128141, learn_rate = 0.0011111477
[DEBUG] 2020-09-08 14:37:12,149 -- CAMF_CU fold [3] iter 32: loss = 656.3772, delta_loss = 13.400961, learn_rate = 0.0021164718
[DEBUG] 2020-09-08 14:37:12,149 -- CAMF_CU fold [2] iter 34: loss = 667.7768, delta_loss = -0.07983523, learn_rate = 0.00233341
[DEBUG] 2020-09-08 14:37:12,150 -- CAMF_CU fold [4] iter 32: loss = 642.0747, delta_loss = -0.13397369, learn_rate = 0.004444591
[DEBUG] 2020-09-08 14:37:12,150 -- CAMF_CU fold [1] iter 32: loss = 652.41455, delta_loss = 13.525943, learn_rate = 0.0021164718
[DEBUG] 2020-09-08 14:37:12,151 -- CAMF_CU fold [5] iter 35: loss = 660.69354, delta_loss = -0.062602475, learn_rate = 0.001166705
[DEBUG] 2020-09-08 14:37:12,154 -- CAMF_CU fold [3] iter 33: loss = 656.49567, delta_loss = -0.118470214, learn_rate = 0.0022222954
[DEBUG] 2020-09-08 14:37:12,154 -- CAMF_CU fold [2] iter 35: loss = 660.2391, delta_loss = 7.537712, learn_rate = 0.001166705
[DEBUG] 2020-09-08 14:37:12,155 -- CAMF_CU fold [4] iter 33: loss = 628.43036, delta_loss = 13.644321, learn_rate = 0.0022222954
[DEBUG] 2020-09-08 14:37:12,156 -- CAMF_CU fold [1] iter 33: loss = 652.5013, delta_loss = -0.086733766, learn_rate = 0.0022222954
[DEBUG] 2020-09-08 14:37:12,156 -- CAMF_CU fold [5] iter 36: loss = 656.96454, delta_loss = 3.7289913, learn_rate = 5.833525E-4
[DEBUG] 2020-09-08 14:37:12,158 -- CAMF_CU fold [3] iter 34: loss = 649.49756, delta_loss = 6.9980845, learn_rate = 0.0011111477
[DEBUG] 2020-09-08 14:37:12,158 -- CAMF_CU fold [2] iter 36: loss = 660.2952, delta_loss = -0.05617114, learn_rate = 0.0012250403
[DEBUG] 2020-09-08 14:37:12,158 -- CAMF_CU fold [4] iter 34: loss = 628.53467, delta_loss = -0.104296245, learn_rate = 0.00233341
[DEBUG] 2020-09-08 14:37:12,158 -- CAMF_CU fold [1] iter 34: loss = 645.43256, delta_loss = 7.0687194, learn_rate = 0.0011111477
[DEBUG] 2020-09-08 14:37:12,159 -- CAMF_CU fold [5] iter 37: loss = 657.00055, delta_loss = -0.0360215, learn_rate = 6.1252015E-4
[DEBUG] 2020-09-08 14:37:12,161 -- CAMF_CU fold [3] iter 35: loss = 649.5703, delta_loss = -0.07276352, learn_rate = 0.001166705
[DEBUG] 2020-09-08 14:37:12,161 -- CAMF_CU fold [2] iter 37: loss = 656.3516, delta_loss = 3.9436057, learn_rate = 6.1252015E-4
[DEBUG] 2020-09-08 14:37:12,161 -- CAMF_CU fold [4] iter 35: loss = 621.4099, delta_loss = 7.124757, learn_rate = 0.001166705
[DEBUG] 2020-09-08 14:37:12,161 -- CAMF_CU fold [5] iter 38: loss = 655.0468, delta_loss = 1.9537402, learn_rate = 3.0626007E-4
[DEBUG] 2020-09-08 14:37:12,161 -- CAMF_CU fold [1] iter 35: loss = 645.4899, delta_loss = -0.057373717, learn_rate = 0.001166705
[DEBUG] 2020-09-08 14:37:12,163 -- CAMF_CU fold [5] iter 39: loss = 655.0666, delta_loss = -0.019796507, learn_rate = 3.2157308E-4
[DEBUG] 2020-09-08 14:37:12,164 -- CAMF_CU fold [3] iter 36: loss = 645.9092, delta_loss = 3.6611688, learn_rate = 5.833525E-4
[DEBUG] 2020-09-08 14:37:12,164 -- CAMF_CU fold [4] iter 36: loss = 621.4767, delta_loss = -0.06676838, learn_rate = 0.0012250403
[DEBUG] 2020-09-08 14:37:12,164 -- CAMF_CU fold [2] iter 38: loss = 656.38525, delta_loss = -0.033600044, learn_rate = 6.4314617E-4
[DEBUG] 2020-09-08 14:37:12,164 -- CAMF_CU fold [1] iter 36: loss = 641.7905, delta_loss = 3.6994147, learn_rate = 5.833525E-4
[DEBUG] 2020-09-08 14:37:12,169 -- CAMF_CU fold [5] iter 40: loss = 654.04205, delta_loss = 1.0245732, learn_rate = 1.6078654E-4
[DEBUG] 2020-09-08 14:37:12,170 -- CAMF_CU fold [2] iter 39: loss = 654.31903, delta_loss = 2.0662222, learn_rate = 3.2157308E-4
[DEBUG] 2020-09-08 14:37:12,170 -- CAMF_CU fold [4] iter 37: loss = 617.7496, delta_loss = 3.727092, learn_rate = 6.1252015E-4
[DEBUG] 2020-09-08 14:37:12,170 -- CAMF_CU fold [3] iter 37: loss = 645.9504, delta_loss = -0.04124973, learn_rate = 6.1252015E-4
[DEBUG] 2020-09-08 14:37:12,172 -- CAMF_CU fold [5] iter 41: loss = 654.0527, delta_loss = -0.010638793, learn_rate = 1.6882586E-4
[DEBUG] 2020-09-08 14:37:12,173 -- CAMF_CU fold [1] iter 37: loss = 641.82404, delta_loss = -0.033542793, learn_rate = 6.1252015E-4
[DEBUG] 2020-09-08 14:37:12,174 -- CAMF_CU fold [3] iter 38: loss = 644.03217, delta_loss = 1.9182585, learn_rate = 3.0626007E-4
[DEBUG] 2020-09-08 14:37:12,174 -- CAMF_CU fold [2] iter 40: loss = 654.33777, delta_loss = -0.018786285, learn_rate = 3.3765173E-4
[DEBUG] 2020-09-08 14:37:12,174 -- CAMF_CU fold [4] iter 38: loss = 617.78815, delta_loss = -0.038545534, learn_rate = 6.4314617E-4
[DEBUG] 2020-09-08 14:37:12,175 -- CAMF_CU fold [5] iter 42: loss = 653.5151, delta_loss = 0.53758055, learn_rate = 8.441293E-5
[DEBUG] 2020-09-08 14:37:12,176 -- CAMF_CU fold [3] iter 39: loss = 644.0546, delta_loss = -0.02250718, learn_rate = 3.2157308E-4
[DEBUG] 2020-09-08 14:37:12,177 -- CAMF_CU fold [2] iter 41: loss = 653.2542, delta_loss = 1.0835636, learn_rate = 1.6882586E-4
[DEBUG] 2020-09-08 14:37:12,177 -- CAMF_CU fold [4] iter 39: loss = 615.83545, delta_loss = 1.9526697, learn_rate = 3.2157308E-4
[DEBUG] 2020-09-08 14:37:12,177 -- CAMF_CU fold [1] iter 38: loss = 639.88544, delta_loss = 1.9386287, learn_rate = 3.0626007E-4
[DEBUG] 2020-09-08 14:37:12,177 -- CAMF_CU fold [5] iter 43: loss = 653.52075, delta_loss = -0.0056532607, learn_rate = 8.8633584E-5
[DEBUG] 2020-09-08 14:37:12,178 -- CAMF_CU fold [3] iter 40: loss = 643.04865, delta_loss = 1.0059798, learn_rate = 1.6078654E-4
[DEBUG] 2020-09-08 14:37:12,179 -- CAMF_CU fold [5] iter 44: loss = 653.2386, delta_loss = 0.28214064, learn_rate = 4.4316792E-5
[DEBUG] 2020-09-08 14:37:12,180 -- CAMF_CU fold [3] iter 41: loss = 643.0607, delta_loss = -0.012051827, learn_rate = 1.6882586E-4
[DEBUG] 2020-09-08 14:37:12,180 -- CAMF_CU fold [2] iter 42: loss = 653.2644, delta_loss = -0.010179874, learn_rate = 1.7726717E-4
[DEBUG] 2020-09-08 14:37:12,180 -- CAMF_CU fold [4] iter 40: loss = 615.8567, delta_loss = -0.021214021, learn_rate = 3.3765173E-4
[DEBUG] 2020-09-08 14:37:12,181 -- CAMF_CU fold [1] iter 39: loss = 639.904, delta_loss = -0.018565081, learn_rate = 3.2157308E-4
[DEBUG] 2020-09-08 14:37:12,181 -- CAMF_CU fold [5] iter 45: loss = 653.2416, delta_loss = -0.0029867005, learn_rate = 4.653263E-5
[DEBUG] 2020-09-08 14:37:12,182 -- CAMF_CU fold [3] iter 42: loss = 642.5329, delta_loss = 0.52782845, learn_rate = 8.441293E-5
[DEBUG] 2020-09-08 14:37:12,184 -- CAMF_CU fold [2] iter 43: loss = 652.69586, delta_loss = 0.5685317, learn_rate = 8.8633584E-5
[DEBUG] 2020-09-08 14:37:12,184 -- CAMF_CU fold [5] iter 46: loss = 653.0935, delta_loss = 0.14809914, learn_rate = 2.3266315E-5
[DEBUG] 2020-09-08 14:37:12,184 -- CAMF_CU fold [4] iter 41: loss = 614.8327, delta_loss = 1.0239854, learn_rate = 1.6882586E-4
[DEBUG] 2020-09-08 14:37:12,185 -- CAMF_CU fold [3] iter 43: loss = 642.5393, delta_loss = -0.0063922377, learn_rate = 8.8633584E-5
[DEBUG] 2020-09-08 14:37:12,185 -- CAMF_CU fold [1] iter 40: loss = 638.88727, delta_loss = 1.0167501, learn_rate = 1.6078654E-4
[DEBUG] 2020-09-08 14:37:12,187 -- CAMF_CU fold [3] iter 44: loss = 642.26227, delta_loss = 0.27702338, learn_rate = 4.4316792E-5
[DEBUG] 2020-09-08 14:37:12,187 -- CAMF_CU fold [2] iter 44: loss = 652.7013, delta_loss = -0.0054319366, learn_rate = 9.306526E-5
[DEBUG] 2020-09-08 14:37:12,187 -- CAMF_CU fold [5] iter 47: loss = 653.0951, delta_loss = -0.0015731859, learn_rate = 2.4429632E-5
[DEBUG] 2020-09-08 14:37:12,187 -- CAMF_CU fold [1] iter 41: loss = 638.8973, delta_loss = -0.010010973, learn_rate = 1.6882586E-4
[DEBUG] 2020-09-08 14:37:12,187 -- CAMF_CU fold [4] iter 42: loss = 614.8441, delta_loss = -0.011408291, learn_rate = 1.7726717E-4
[DEBUG] 2020-09-08 14:37:12,189 -- CAMF_CU fold [3] iter 45: loss = 642.2656, delta_loss = -0.0033738604, learn_rate = 4.653263E-5
[DEBUG] 2020-09-08 14:37:12,189 -- CAMF_CU fold [1] iter 42: loss = 638.3638, delta_loss = 0.5335033, learn_rate = 8.441293E-5
[DEBUG] 2020-09-08 14:37:12,190 -- CAMF_CU fold [5] iter 48: loss = 653.01733, delta_loss = 0.07774522, learn_rate = 1.2214816E-5
[DEBUG] 2020-09-08 14:37:12,190 -- CAMF_CU fold [2] iter 45: loss = 652.40295, delta_loss = 0.2983846, learn_rate = 4.653263E-5
[DEBUG] 2020-09-08 14:37:12,190 -- CAMF_CU fold [4] iter 43: loss = 614.3068, delta_loss = 0.53726405, learn_rate = 8.8633584E-5
[DEBUG] 2020-09-08 14:37:12,191 -- CAMF_CU fold [3] iter 46: loss = 642.12024, delta_loss = 0.1454133, learn_rate = 2.3266315E-5
[DEBUG] 2020-09-08 14:37:12,193 -- CAMF_CU fold [1] iter 43: loss = 638.3691, delta_loss = -0.0053287144, learn_rate = 8.8633584E-5
[DEBUG] 2020-09-08 14:37:12,193 -- CAMF_CU fold [3] iter 47: loss = 642.122, delta_loss = -0.0017762217, learn_rate = 2.4429632E-5
[DEBUG] 2020-09-08 14:37:12,194 -- CAMF_CU fold [2] iter 46: loss = 652.4058, delta_loss = -0.0028758964, learn_rate = 4.8859263E-5
[DEBUG] 2020-09-08 14:37:12,194 -- CAMF_CU fold [5] iter 49: loss = 653.0181, delta_loss = -8.2734757E-4, learn_rate = 1.2825556E-5
[DEBUG] 2020-09-08 14:37:12,194 -- CAMF_CU fold [4] iter 44: loss = 614.3129, delta_loss = -0.0060641915, learn_rate = 9.306526E-5
[DEBUG] 2020-09-08 14:37:12,195 -- CAMF_CU fold [3] iter 48: loss = 642.04565, delta_loss = 0.07633535, learn_rate = 1.2214816E-5
[DEBUG] 2020-09-08 14:37:12,196 -- CAMF_CU fold [1] iter 44: loss = 638.08905, delta_loss = 0.2800082, learn_rate = 4.4316792E-5
[DEBUG] 2020-09-08 14:37:12,197 -- CAMF_CU fold [5] iter 50: loss = 652.97736, delta_loss = 0.040814355, learn_rate = 6.412778E-6
[DEBUG] 2020-09-08 14:37:12,199 -- CAMF_CU fold [3] iter 49: loss = 642.0466, delta_loss = -9.338796E-4, learn_rate = 1.2825556E-5
[DEBUG] 2020-09-08 14:37:12,199 -- CAMF_CU fold [4] iter 45: loss = 614.03094, delta_loss = 0.28197217, learn_rate = 4.653263E-5
[DEBUG] 2020-09-08 14:37:12,200 -- CAMF_CU fold [1] iter 45: loss = 638.09186, delta_loss = -0.0028176946, learn_rate = 4.653263E-5
[DEBUG] 2020-09-08 14:37:12,202 -- CAMF_CU fold [5] iter 51: loss = 652.9778, delta_loss = -4.3475028E-4, learn_rate = 6.733417E-6
[DEBUG] 2020-09-08 14:37:12,202 -- CAMF_CU fold [3] iter 50: loss = 642.00653, delta_loss = 0.04007423, learn_rate = 6.412778E-6
[DEBUG] 2020-09-08 14:37:12,202 -- CAMF_CU fold [2] iter 47: loss = 652.2492, delta_loss = 0.15662572, learn_rate = 2.4429632E-5
[DEBUG] 2020-09-08 14:37:12,202 -- CAMF_CU fold [4] iter 46: loss = 614.0341, delta_loss = -0.003204348, learn_rate = 4.8859263E-5
[DEBUG] 2020-09-08 14:37:12,203 -- CAMF_CU fold [1] iter 46: loss = 637.9449, delta_loss = 0.14698184, learn_rate = 2.3266315E-5
[DEBUG] 2020-09-08 14:37:12,204 -- CAMF_CU fold [5] iter 52: loss = 652.95636, delta_loss = 0.021427017, learn_rate = 3.3667086E-6
[DEBUG] 2020-09-08 14:37:12,205 -- CAMF_CU fold [3] iter 51: loss = 642.007, delta_loss = -4.906625E-4, learn_rate = 6.733417E-6
[DEBUG] 2020-09-08 14:37:12,205 -- CAMF_CU fold [1] iter 47: loss = 637.9464, delta_loss = -0.0014848365, learn_rate = 2.4429632E-5
[DEBUG] 2020-09-08 14:37:12,205 -- CAMF_CU fold [2] iter 48: loss = 652.2507, delta_loss = -0.0015164978, learn_rate = 2.5651112E-5
[DEBUG] 2020-09-08 14:37:12,206 -- CAMF_CU fold [4] iter 47: loss = 613.8861, delta_loss = 0.14801003, learn_rate = 2.4429632E-5
[DEBUG] 2020-09-08 14:37:12,207 -- CAMF_CU fold [5] iter 53: loss = 652.9566, delta_loss = -2.2835219E-4, learn_rate = 3.535044E-6
[DEBUG] 2020-09-08 14:37:12,207 -- CAMF_CU fold [1] iter 48: loss = 637.8692, delta_loss = 0.07715925, learn_rate = 1.2214816E-5
[DEBUG] 2020-09-08 14:37:12,207 -- CAMF_CU fold [3] iter 52: loss = 641.98596, delta_loss = 0.021038465, learn_rate = 3.3667086E-6
[DEBUG] 2020-09-08 14:37:12,209 -- CAMF_CU fold [4] iter 48: loss = 613.8878, delta_loss = -0.0016879764, learn_rate = 2.5651112E-5
[DEBUG] 2020-09-08 14:37:12,209 -- CAMF_CU fold [2] iter 49: loss = 652.16846, delta_loss = 0.082221255, learn_rate = 1.2825556E-5
[DEBUG] 2020-09-08 14:37:12,209 -- CAMF_CU fold [5] iter 54: loss = 652.9453, delta_loss = 0.011249041, learn_rate = 1.767522E-6
[DEBUG] 2020-09-08 14:37:12,210 -- CAMF_CU fold [1] iter 49: loss = 637.87, delta_loss = -7.8106823E-4, learn_rate = 1.2825556E-5
[DEBUG] 2020-09-08 14:37:12,210 -- CAMF_CU fold [3] iter 53: loss = 641.9862, delta_loss = -2.577014E-4, learn_rate = 3.535044E-6
[DEBUG] 2020-09-08 14:37:12,212 -- CAMF_CU fold [2] iter 50: loss = 652.16925, delta_loss = -7.97995E-4, learn_rate = 1.3466834E-5
[DEBUG] 2020-09-08 14:37:12,212 -- CAMF_CU fold [4] iter 49: loss = 613.8101, delta_loss = 0.07769826, learn_rate = 1.2825556E-5
[DEBUG] 2020-09-08 14:37:12,212 -- CAMF_CU fold [5] iter 55: loss = 652.94543, delta_loss = -1.1991472E-4, learn_rate = 1.8558981E-6
[DEBUG] 2020-09-08 14:37:12,215 -- CAMF_CU fold [1] iter 50: loss = 637.8295, delta_loss = 0.04050689, learn_rate = 6.412778E-6
[DEBUG] 2020-09-08 14:37:12,216 -- CAMF_CU fold [3] iter 54: loss = 641.97516, delta_loss = 0.011045055, learn_rate = 1.767522E-6
[DEBUG] 2020-09-08 14:37:12,216 -- CAMF_CU fold [5] iter 56: loss = 652.9395, delta_loss = 0.005905707, learn_rate = 9.2794903E-7
[DEBUG] 2020-09-08 14:37:12,217 -- CAMF_CU fold [2] iter 51: loss = 652.1261, delta_loss = 0.043164156, learn_rate = 6.733417E-6
[DEBUG] 2020-09-08 14:37:12,216 -- CAMF_CU fold [4] iter 50: loss = 613.811, delta_loss = -8.877573E-4, learn_rate = 1.3466834E-5
[DEBUG] 2020-09-08 14:37:12,218 -- CAMF_CU fold [1] iter 51: loss = 637.8299, delta_loss = -4.1048226E-4, learn_rate = 6.733417E-6
[DEBUG] 2020-09-08 14:37:12,218 -- CAMF_CU fold [5] iter 57: loss = 652.9396, delta_loss = -6.2963474E-5, learn_rate = 9.743464E-7
[DEBUG] 2020-09-08 14:37:12,219 -- CAMF_CU fold [3] iter 55: loss = 641.97534, delta_loss = -1.3532177E-4, learn_rate = 1.8558981E-6
[DEBUG] 2020-09-08 14:37:12,219 -- CAMF_CU fold [4] iter 51: loss = 613.7702, delta_loss = 0.040789653, learn_rate = 6.733417E-6
[DEBUG] 2020-09-08 14:37:12,220 -- CAMF_CU fold [5] iter 58: loss = 652.9365, delta_loss = 0.0031004853, learn_rate = 4.871732E-7
[DEBUG] 2020-09-08 14:37:12,221 -- CAMF_CU fold [1] iter 52: loss = 637.80865, delta_loss = 0.021265645, learn_rate = 3.3667086E-6
[DEBUG] 2020-09-08 14:37:12,222 -- CAMF_CU fold [4] iter 52: loss = 613.7707, delta_loss = -4.6650524E-4, learn_rate = 7.070088E-6
[DEBUG] 2020-09-08 14:37:12,222 -- CAMF_CU fold [5] iter 59: loss = 652.9365, delta_loss = -3.3058088E-5, learn_rate = 5.115319E-7
[DEBUG] 2020-09-08 14:37:12,223 -- CAMF_CU fold [1] iter 53: loss = 637.80884, delta_loss = -2.1561937E-4, learn_rate = 3.535044E-6
[DEBUG] 2020-09-08 14:37:12,219 -- CAMF_CU fold [2] iter 52: loss = 652.1265, delta_loss = -4.1945282E-4, learn_rate = 7.070088E-6
[DEBUG] 2020-09-08 14:37:12,222 -- CAMF_CU fold [3] iter 56: loss = 641.96954, delta_loss = 0.0057986155, learn_rate = 9.2794903E-7
[DEBUG] 2020-09-08 14:37:12,224 -- CAMF_CU fold [4] iter 53: loss = 613.74927, delta_loss = 0.021414034, learn_rate = 3.535044E-6
[DEBUG] 2020-09-08 14:37:12,224 -- CAMF_CU fold [5] iter 60: loss = 652.93494, delta_loss = 0.0016277517, learn_rate = 2.5576594E-7
[DEBUG] 2020-09-08 14:37:12,225 -- CAMF_CU fold [3] iter 57: loss = 641.9696, delta_loss = -7.105179E-5, learn_rate = 9.743464E-7
[DEBUG] 2020-09-08 14:37:12,226 -- CAMF_CU fold [4] iter 54: loss = 613.7495, delta_loss = -2.4503452E-4, learn_rate = 3.7117961E-6
[DEBUG] 2020-09-08 14:37:12,226 -- CAMF_CU fold [1] iter 54: loss = 637.7977, delta_loss = 0.011164333, learn_rate = 1.767522E-6
[DEBUG] 2020-09-08 14:37:12,226 -- CAMF_CU fold [5] iter 61: loss = 652.93494, delta_loss = -1.7356115E-5, learn_rate = 2.6855426E-7
[DEBUG] 2020-09-08 14:37:12,226 -- CAMF_CU fold [2] iter 53: loss = 652.1039, delta_loss = 0.02266063, learn_rate = 3.535044E-6
[DEBUG] 2020-09-08 14:37:12,228 -- CAMF_CU fold [4] iter 55: loss = 613.7383, delta_loss = 0.011242221, learn_rate = 1.8558981E-6
[DEBUG] 2020-09-08 14:37:12,230 -- CAMF_CU fold [5] iter 62: loss = 652.9341, delta_loss = 8.5456885E-4, learn_rate = 1.3427713E-7
[DEBUG] 2020-09-08 14:37:12,230 -- CAMF_CU fold [3] iter 58: loss = 641.96655, delta_loss = 0.0030442625, learn_rate = 4.871732E-7
[DEBUG] 2020-09-08 14:37:12,230 -- CAMF_CU fold [1] iter 55: loss = 637.7978, delta_loss = -1.13232185E-4, learn_rate = 1.8558981E-6
[DEBUG] 2020-09-08 14:37:12,233 -- CAMF_CU fold [5] iter 63: loss = 652.9341, delta_loss = -9.112126E-6, learn_rate = 1.4099098E-7
[DEBUG] 2020-09-08 14:37:12,233 -- CAMF_CU fold [4] iter 56: loss = 613.7384, delta_loss = -1.2867601E-4, learn_rate = 1.948693E-6
[DEBUG] 2020-09-08 14:37:12,234 -- CAMF_CU fold [3] iter 59: loss = 641.9666, delta_loss = -3.7304373E-5, learn_rate = 5.115319E-7
[DEBUG] 2020-09-08 14:37:12,235 -- CAMF_CU fold [2] iter 54: loss = 652.10406, delta_loss = -2.2035204E-4, learn_rate = 3.7117961E-6
[DEBUG] 2020-09-08 14:37:12,236 -- CAMF_CU fold [1] iter 56: loss = 637.79193, delta_loss = 0.0058612386, learn_rate = 9.2794903E-7
[DEBUG] 2020-09-08 14:37:12,236 -- CAMF_CU fold [4] iter 57: loss = 613.7325, delta_loss = 0.0059021255, learn_rate = 9.743464E-7
[DEBUG] 2020-09-08 14:37:12,237 -- CAMF_CU fold [5] iter 64: loss = 652.93365, delta_loss = 4.486484E-4, learn_rate = 7.049549E-8
[DEBUG] 2020-09-08 14:37:12,239 -- CAMF_CU fold [3] iter 60: loss = 641.96497, delta_loss = 0.001598235, learn_rate = 2.5576594E-7
[DEBUG] 2020-09-08 14:37:12,239 -- CAMF_CU fold [2] iter 55: loss = 652.09216, delta_loss = 0.011896679, learn_rate = 1.8558981E-6
[DEBUG] 2020-09-08 14:37:12,240 -- CAMF_CU fold [4] iter 58: loss = 613.73254, delta_loss = -6.756396E-5, learn_rate = 1.0230638E-6
[DEBUG] 2020-09-08 14:37:12,241 -- CAMF_CU fold [5] iter 65: loss = 652.93365, delta_loss = -4.783912E-6, learn_rate = 7.4020264E-8
[DEBUG] 2020-09-08 14:37:12,241 -- CAMF_CU fold [1] iter 57: loss = 637.792, delta_loss = -5.9455728E-5, learn_rate = 9.743464E-7
[DEBUG] 2020-09-08 14:37:12,243 -- CAMF_CU fold [3] iter 61: loss = 641.965, delta_loss = -1.9585386E-5, learn_rate = 2.6855426E-7
[DEBUG] 2020-09-08 14:37:12,243 -- CAMF_CU fold [2] iter 56: loss = 652.0923, delta_loss = -1.15723225E-4, learn_rate = 1.948693E-6
[DEBUG] 2020-09-08 14:37:12,244 -- CAMF_CU fold [4] iter 59: loss = 613.7295, delta_loss = 0.0030986047, learn_rate = 5.115319E-7
[DEBUG] 2020-09-08 14:37:12,245 -- CAMF_CU fold [5] iter 66: loss = 652.9334, delta_loss = 2.3554036E-4, learn_rate = 3.7010132E-8
[DEBUG] 2020-09-08 14:37:12,245 -- CAMF_CU fold [1] iter 58: loss = 637.78894, delta_loss = 0.0030771403, learn_rate = 4.871732E-7
[DEBUG] 2020-09-08 14:37:12,245 -- CAMF_CU fold [3] iter 62: loss = 641.9642, delta_loss = 8.3907257E-4, learn_rate = 1.3427713E-7
[DEBUG] 2020-09-08 14:37:12,246 -- CAMF_CU fold [4] iter 60: loss = 613.7295, delta_loss = -3.5473564E-5, learn_rate = 5.371085E-7
[DEBUG] 2020-09-08 14:37:12,246 -- CAMF_CU fold [2] iter 57: loss = 652.08606, delta_loss = 0.0062457146, learn_rate = 9.743464E-7
[DEBUG] 2020-09-08 14:37:12,248 -- CAMF_CU fold [5] iter 67: loss = 652.9334, delta_loss = -2.511572E-6, learn_rate = 3.886064E-8
[DEBUG] 2020-09-08 14:37:12,249 -- CAMF_CU fold [3] iter 63: loss = 641.9642, delta_loss = -1.02824915E-5, learn_rate = 1.4099098E-7
[DEBUG] 2020-09-08 14:37:12,249 -- CAMF_CU fold [4] iter 61: loss = 613.72784, delta_loss = 0.0016267644, learn_rate = 2.6855426E-7
[DEBUG] 2020-09-08 14:37:12,250 -- CAMF_CU fold [1] iter 59: loss = 637.78894, delta_loss = -3.1216692E-5, learn_rate = 5.115319E-7
[DEBUG] 2020-09-08 14:37:12,250 -- CAMF_CU fold [2] iter 58: loss = 652.0861, delta_loss = -6.0765276E-5, learn_rate = 1.0230638E-6
[DEBUG] 2020-09-08 14:37:12,251 -- CAMF_CU fold [3] iter 64: loss = 641.96375, delta_loss = 4.4051287E-4, learn_rate = 7.049549E-8
[DEBUG] 2020-09-08 14:37:12,252 -- CAMF_CU fold [1] iter 60: loss = 637.78735, delta_loss = 0.001615496, learn_rate = 2.5576594E-7
[DEBUG] 2020-09-08 14:37:12,251 -- CAMF_CU fold [5] iter 68: loss = 652.9333, delta_loss = 1.2365867E-4, learn_rate = 1.943032E-8
[DEBUG] 2020-09-08 14:37:12,251 -- CAMF_CU fold [4] iter 62: loss = 613.7279, delta_loss = -1.8624312E-5, learn_rate = 2.8198195E-7
[DEBUG] 2020-09-08 14:37:12,254 -- CAMF_CU fold [3] iter 65: loss = 641.96375, delta_loss = -5.3983626E-6, learn_rate = 7.4020264E-8
[DEBUG] 2020-09-08 14:37:12,254 -- CAMF_CU fold [2] iter 59: loss = 652.0828, delta_loss = 0.0032789886, learn_rate = 5.115319E-7
[DEBUG] 2020-09-08 14:37:12,255 -- CAMF_CU fold [1] iter 61: loss = 637.78735, delta_loss = -1.6389431E-5, learn_rate = 2.6855426E-7
[DEBUG] 2020-09-08 14:37:12,256 -- CAMF_CU fold [5] iter 69: loss = 652.9333, delta_loss = -1.3185814E-6, learn_rate = 2.0401835E-8
[DEBUG] 2020-09-08 14:37:12,256 -- CAMF_CU fold [4] iter 63: loss = 613.72705, delta_loss = 8.5405045E-4, learn_rate = 1.4099098E-7
[DEBUG] 2020-09-08 14:37:12,257 -- CAMF_CU fold [1] iter 62: loss = 637.7865, delta_loss = 8.4813463E-4, learn_rate = 1.3427713E-7
[DEBUG] 2020-09-08 14:37:12,258 -- CAMF_CU fold [3] iter 66: loss = 641.9635, delta_loss = 2.3126921E-4, learn_rate = 3.7010132E-8
[DEBUG] 2020-09-08 14:37:12,259 -- CAMF_CU fold [2] iter 60: loss = 652.0829, delta_loss = -3.190468E-5, learn_rate = 5.371085E-7
[DEBUG] 2020-09-08 14:37:12,260 -- CAMF_CU fold [1] iter 63: loss = 637.7865, delta_loss = -8.604635E-6, learn_rate = 1.4099098E-7
[DEBUG] 2020-09-08 14:37:12,260 -- CAMF_CU fold [5] iter 70: loss = 652.9332, delta_loss = 6.49208E-5, learn_rate = 1.0200917E-8
[DEBUG] 2020-09-08 14:37:12,260 -- CAMF_CU fold [3] iter 67: loss = 641.9635, delta_loss = -2.8341547E-6, learn_rate = 3.886064E-8
[DEBUG] 2020-09-08 14:37:12,261 -- CAMF_CU fold [1] iter 64: loss = 637.7861, delta_loss = 4.4527047E-4, learn_rate = 7.049549E-8
[DEBUG] 2020-09-08 14:37:12,262 -- CAMF_CU fold [5] iter 71: loss = 652.9332, delta_loss = -6.922505E-7, learn_rate = 1.0710964E-8
[DEBUG] 2020-09-08 14:37:12,260 -- CAMF_CU fold [4] iter 64: loss = 613.72705, delta_loss = -9.7779575E-6, learn_rate = 1.4804053E-7
[DEBUG] 2020-09-08 14:37:12,262 -- CAMF_CU fold [3] iter 68: loss = 641.9634, delta_loss = 1.2141632E-4, learn_rate = 1.943032E-8
[DEBUG] 2020-09-08 14:37:12,263 -- CAMF_CU fold [5] iter 72: loss = 652.93317, delta_loss = 3.4083423E-5, learn_rate = 5.355482E-9
[DEBUG] 2020-09-08 14:37:12,264 -- CAMF_CU fold [3] iter 69: loss = 641.9634, delta_loss = -1.4879399E-6, learn_rate = 2.0401835E-8
[DEBUG] 2020-09-08 14:37:12,264 -- CAMF_CU fold [2] iter 61: loss = 652.0812, delta_loss = 0.0017214657, learn_rate = 2.6855426E-7
[DEBUG] 2020-09-08 14:37:12,264 -- CAMF_CU fold [1] iter 65: loss = 637.7861, delta_loss = -4.5174834E-6, learn_rate = 7.4020264E-8
[DEBUG] 2020-09-08 14:37:12,264 -- CAMF_CU fold [4] iter 65: loss = 613.7266, delta_loss = 4.4837626E-4, learn_rate = 7.4020264E-8
[DEBUG] 2020-09-08 14:37:12,266 -- CAMF_CU fold [5] iter 73: loss = 652.93317, delta_loss = -3.634383E-7, learn_rate = 5.623256E-9
[DEBUG] 2020-09-08 14:37:12,266 -- CAMF_CU fold [3] iter 70: loss = 641.9633, delta_loss = 6.374356E-5, learn_rate = 1.0200917E-8
[DEBUG] 2020-09-08 14:37:12,267 -- CAMF_CU fold [1] iter 66: loss = 637.7858, delta_loss = 2.3376693E-4, learn_rate = 3.7010132E-8
[DEBUG] 2020-09-08 14:37:12,267 -- CAMF_CU fold [2] iter 62: loss = 652.0812, delta_loss = -1.6750757E-5, learn_rate = 2.8198195E-7
[DEBUG] 2020-09-08 14:37:12,268 -- CAMF_CU fold [5] iter 74: loss = 652.93317, delta_loss = 1.7893795E-5, learn_rate = 2.811628E-9
[DEBUG] 2020-09-08 14:37:12,268 -- CAMF_CU fold [3] iter 71: loss = 641.9633, delta_loss = -7.8116557E-7, learn_rate = 1.0710964E-8
[DEBUG] 2020-09-08 14:37:12,269 -- CAMF_CU fold [4] iter 66: loss = 613.7266, delta_loss = -5.133484E-6, learn_rate = 7.772128E-8
[DEBUG] 2020-09-08 14:37:12,270 -- CAMF_CU fold [3] iter 72: loss = 641.9633, delta_loss = 3.346538E-5, learn_rate = 5.355482E-9
[DEBUG] 2020-09-08 14:37:12,270 -- CAMF_CU fold [1] iter 67: loss = 637.7858, delta_loss = -2.3716852E-6, learn_rate = 3.886064E-8
[DEBUG] 2020-09-08 14:37:12,270 -- CAMF_CU fold [5] iter 75: loss = 652.93317, delta_loss = -1.9080551E-7, learn_rate = 2.9522094E-9
[DEBUG] 2020-09-08 14:37:12,271 -- CAMF_CU fold [2] iter 63: loss = 652.08026, delta_loss = 9.0376864E-4, learn_rate = 1.4099098E-7
[DEBUG] 2020-09-08 14:37:12,272 -- CAMF_CU fold [3] iter 73: loss = 641.9633, delta_loss = -4.101214E-7, learn_rate = 5.623256E-9
[DEBUG] 2020-09-08 14:37:12,272 -- CAMF_CU fold [1] iter 68: loss = 637.7857, delta_loss = 1.2272762E-4, learn_rate = 1.943032E-8
[DEBUG] 2020-09-08 14:37:12,272 -- CAMF_CU fold [4] iter 67: loss = 613.7264, delta_loss = 2.3539747E-4, learn_rate = 3.886064E-8
[DEBUG] 2020-09-08 14:37:12,274 -- CAMF_CU fold [5] iter 76: loss = 652.93317, delta_loss = 9.394242E-6, learn_rate = 1.4761047E-9
[DEBUG] 2020-09-08 14:37:12,275 -- CAMF_CU fold [1] iter 69: loss = 637.7857, delta_loss = -1.2451379E-6, learn_rate = 2.0401835E-8
[DEBUG] 2020-09-08 14:37:12,275 -- CAMF_CU fold [3] iter 74: loss = 641.96326, delta_loss = 1.7569326E-5, learn_rate = 2.811628E-9
[DEBUG] 2020-09-08 14:37:12,276 -- CAMF_CU fold [2] iter 64: loss = 652.08026, delta_loss = -8.794365E-6, learn_rate = 1.4804053E-7
[DEBUG] 2020-09-08 14:37:12,276 -- CAMF_CU fold [4] iter 68: loss = 613.7264, delta_loss = -2.695095E-6, learn_rate = 4.080367E-8
[DEBUG] 2020-09-08 14:37:12,277 -- CAMF_CU fold [1] iter 70: loss = 637.78564, delta_loss = 6.4431995E-5, learn_rate = 1.0200917E-8
[DEBUG] 2020-09-08 14:37:12,277 -- CAMF_CU fold [3] iter 75: loss = 641.96326, delta_loss = -2.1531162E-7, learn_rate = 2.9522094E-9
[DEBUG] 2020-09-08 14:37:12,278 -- CAMF_CU fold [5] iter 77: loss = 652.93317, delta_loss = -1.0017118E-7, learn_rate = 1.5499099E-9
[DEBUG] 2020-09-08 14:37:12,279 -- CAMF_CU fold [1] iter 71: loss = 637.78564, delta_loss = -6.5370386E-7, learn_rate = 1.0710964E-8
[DEBUG] 2020-09-08 14:37:12,279 -- CAMF_CU fold [3] iter 76: loss = 641.96326, delta_loss = 9.22389E-6, learn_rate = 1.4761047E-9
[DEBUG] 2020-09-08 14:37:12,279 -- CAMF_CU fold [4] iter 69: loss = 613.72626, delta_loss = 1.2358365E-4, learn_rate = 2.0401835E-8
[DEBUG] 2020-09-08 14:37:12,280 -- CAMF_CU fold [2] iter 65: loss = 652.0798, delta_loss = 4.744783E-4, learn_rate = 7.4020264E-8
[DEBUG] 2020-09-08 14:37:12,281 -- CAMF_CU fold [5] iter 78: loss = 652.93317, delta_loss = 4.931978E-6, learn_rate = 7.7495493E-10
[DEBUG] 2020-09-08 14:37:12,281 -- CAMF_CU fold [1] iter 72: loss = 637.78564, delta_loss = 3.3826796E-5, learn_rate = 5.355482E-9
[DEBUG] 2020-09-08 14:37:12,281 -- CAMF_CU fold [3] iter 77: loss = 641.96326, delta_loss = -1.130403E-7, learn_rate = 1.5499099E-9
[DEBUG] 2020-09-08 14:37:12,282 -- CAMF_CU fold [4] iter 70: loss = 613.72626, delta_loss = -1.4149236E-6, learn_rate = 2.1421927E-8
[DEBUG] 2020-09-08 14:37:12,283 -- CAMF_CU fold [1] iter 73: loss = 637.78564, delta_loss = -3.4318055E-7, learn_rate = 5.623256E-9
[DEBUG] 2020-09-08 14:37:12,283 -- CAMF_CU fold [3] iter 78: loss = 641.96326, delta_loss = 4.8425454E-6, learn_rate = 7.7495493E-10
[DEBUG] 2020-09-08 14:37:12,283 -- CAMF_CU fold [2] iter 66: loss = 652.07983, delta_loss = -4.617096E-6, learn_rate = 7.772128E-8
[DEBUG] 2020-09-08 14:37:12,284 -- CAMF_CU fold [5] iter 79: loss = 652.93317, delta_loss = -5.258778E-8, learn_rate = 8.137027E-10
[DEBUG] 2020-09-08 14:37:12,285 -- CAMF_CU fold [1] iter 74: loss = 637.78564, delta_loss = 1.7759057E-5, learn_rate = 2.811628E-9
[DEBUG] 2020-09-08 14:37:12,285 -- CAMF_CU fold [3] iter 79: loss = 641.96326, delta_loss = -5.9352715E-8, learn_rate = 8.137027E-10
[DEBUG] 2020-09-08 14:37:12,286 -- CAMF_CU fold [4] iter 71: loss = 613.7262, delta_loss = 6.488142E-5, learn_rate = 1.0710964E-8
[DEBUG] 2020-09-08 14:37:12,286 -- CAMF_CU fold [2] iter 67: loss = 652.0795, delta_loss = 2.4910105E-4, learn_rate = 3.886064E-8
[DEBUG] 2020-09-08 14:37:12,287 -- CAMF_CU fold [5] iter 80: loss = 652.93317, delta_loss = 2.5892846E-6, learn_rate = 4.0685136E-10
[DEBUG] 2020-09-08 14:37:12,287 -- CAMF_CU fold [1] iter 75: loss = 637.78564, delta_loss = -1.801734E-7, learn_rate = 2.9522094E-9
[DEBUG] 2020-09-08 14:37:12,288 -- CAMF_CU fold [3] iter 80: loss = 641.96326, delta_loss = 2.5423365E-6, learn_rate = 4.0685136E-10
[DEBUG] 2020-09-08 14:37:12,289 -- CAMF_CU fold [4] iter 72: loss = 613.7262, delta_loss = -7.428456E-7, learn_rate = 1.1246512E-8
[DEBUG] 2020-09-08 14:37:12,290 -- CAMF_CU fold [2] iter 68: loss = 652.0795, delta_loss = -2.4239996E-6, learn_rate = 4.080367E-8
[DEBUG] 2020-09-08 14:37:12,290 -- CAMF_CU fold [3] iter 81: loss = 641.96326, delta_loss = -3.1156787E-8, learn_rate = 4.2719392E-10
[DEBUG] 2020-09-08 14:37:12,290 -- CAMF_CU fold [1] iter 76: loss = 637.7856, delta_loss = 9.323509E-6, learn_rate = 1.4761047E-9
[DEBUG] 2020-09-08 14:37:12,290 -- CAMF_CU fold [5] iter 81: loss = 652.93317, delta_loss = -2.76126E-8, learn_rate = 4.2719392E-10
[DEBUG] 2020-09-08 14:37:12,296 -- CAMF_CU fold [4] iter 73: loss = 613.72614, delta_loss = 3.4062745E-5, learn_rate = 5.623256E-9
[DEBUG] 2020-09-08 14:37:12,296 -- CAMF_CU fold [3] iter 82: loss = 641.96326, delta_loss = 1.3347313E-6, learn_rate = 2.1359696E-10
[DEBUG] 2020-09-08 14:37:12,296 -- CAMF_CU fold [1] iter 77: loss = 637.7856, delta_loss = -9.4592906E-8, learn_rate = 1.5499099E-9
[DEBUG] 2020-09-08 14:37:12,296 -- CAMF_CU fold [5] iter 82: loss = 652.93317, delta_loss = 1.3593744E-6, learn_rate = 2.1359696E-10
[DEBUG] 2020-09-08 14:37:12,297 -- CAMF_CU fold [2] iter 69: loss = 652.0794, delta_loss = 1.3077802E-4, learn_rate = 2.0401835E-8
[DEBUG] 2020-09-08 14:37:12,299 -- CAMF_CU fold [1] iter 78: loss = 637.7856, delta_loss = 4.894848E-6, learn_rate = 7.7495493E-10
[DEBUG] 2020-09-08 14:37:12,299 -- CAMF_CU fold [3] iter 83: loss = 641.96326, delta_loss = -1.6357944E-8, learn_rate = 2.242768E-10
[DEBUG] 2020-09-08 14:37:12,300 -- CAMF_CU fold [4] iter 74: loss = 613.72614, delta_loss = -3.8998428E-7, learn_rate = 5.9044187E-9
[DEBUG] 2020-09-08 14:37:12,300 -- CAMF_CU fold [5] iter 83: loss = 652.93317, delta_loss = -1.4494958E-8, learn_rate = 2.242768E-10
[DEBUG] 2020-09-08 14:37:12,301 -- CAMF_CU fold [2] iter 70: loss = 652.0794, delta_loss = -1.2725903E-6, learn_rate = 2.1421927E-8
[DEBUG] 2020-09-08 14:37:12,301 -- CAMF_CU fold [1] iter 79: loss = 637.7856, delta_loss = -4.9668074E-8, learn_rate = 8.137027E-10
[DEBUG] 2020-09-08 14:37:12,302 -- CAMF_CU fold [3] iter 84: loss = 641.96326, delta_loss = 7.0072815E-7, learn_rate = 1.121384E-10
[DEBUG] 2020-09-08 14:37:12,303 -- CAMF_CU fold [4] iter 75: loss = 613.72614, delta_loss = 1.7882934E-5, learn_rate = 2.9522094E-9
[DEBUG] 2020-09-08 14:37:12,303 -- CAMF_CU fold [1] iter 80: loss = 637.7856, delta_loss = 2.569804E-6, learn_rate = 4.0685136E-10
[DEBUG] 2020-09-08 14:37:12,303 -- CAMF_CU fold [5] iter 84: loss = 652.93317, delta_loss = 7.136773E-7, learn_rate = 1.121384E-10
[DEBUG] 2020-09-08 14:37:12,304 -- CAMF_CU fold [2] iter 71: loss = 652.07935, delta_loss = 6.865845E-5, learn_rate = 1.0710964E-8
[DEBUG] 2020-09-08 14:37:12,305 -- CAMF_CU fold [1] iter 81: loss = 637.7856, delta_loss = -2.6074076E-8, learn_rate = 4.2719392E-10
[DEBUG] 2020-09-08 14:37:12,305 -- CAMF_CU fold [3] iter 85: loss = 641.96326, delta_loss = -8.58563E-9, learn_rate = 1.1774533E-10
[DEBUG] 2020-09-08 14:37:12,306 -- CAMF_CU fold [4] iter 76: loss = 613.72614, delta_loss = -2.0472999E-7, learn_rate = 3.0998197E-9
[DEBUG] 2020-09-08 14:37:12,306 -- CAMF_CU fold [5] iter 85: loss = 652.93317, delta_loss = -7.608378E-9, learn_rate = 1.1774533E-10
[DEBUG] 2020-09-08 14:37:12,307 -- CAMF_CU fold [2] iter 72: loss = 652.07935, delta_loss = -6.6811197E-7, learn_rate = 1.1246512E-8
[DEBUG] 2020-09-08 14:37:12,308 -- CAMF_CU fold [1] iter 82: loss = 637.7856, delta_loss = 1.3491356E-6, learn_rate = 2.1359696E-10
[DEBUG] 2020-09-08 14:37:12,308 -- CAMF_CU fold [3] iter 86: loss = 641.96326, delta_loss = 3.6788242E-7, learn_rate = 5.8872664E-11
[DEBUG] 2020-09-08 14:37:12,310 -- CAMF_CU fold [4] iter 77: loss = 613.72614, delta_loss = 9.388535E-6, learn_rate = 1.5499099E-9
[DEBUG] 2020-09-08 14:37:12,310 -- CAMF_CU fold [2] iter 73: loss = 652.07935, delta_loss = 3.604567E-5, learn_rate = 5.623256E-9
[DEBUG] 2020-09-08 14:37:12,310 -- CAMF_CU fold [5] iter 86: loss = 652.93317, delta_loss = 3.7467862E-7, learn_rate = 5.8872664E-11
[DEBUG] 2020-09-08 14:37:12,310 -- CAMF_CU fold [1] iter 83: loss = 637.7856, delta_loss = -1.3678687E-8, learn_rate = 2.242768E-10
[DEBUG] 2020-09-08 14:37:12,311 -- CAMF_CU fold [3] iter 87: loss = 641.96326, delta_loss = -4.512458E-9, learn_rate = 6.1816295E-11
[DEBUG] 2020-09-08 14:37:12,312 -- CAMF_CU fold [2] iter 74: loss = 652.07935, delta_loss = -3.5075254E-7, learn_rate = 5.9044187E-9
[DEBUG] 2020-09-08 14:37:12,313 -- CAMF_CU fold [1] iter 84: loss = 637.7856, delta_loss = 7.082899E-7, learn_rate = 1.121384E-10
[DEBUG] 2020-09-08 14:37:12,313 -- CAMF_CU fold [3] iter 88: loss = 641.96326, delta_loss = 1.9313757E-7, learn_rate = 3.0908148E-11
[DEBUG] 2020-09-08 14:37:12,313 -- CAMF_CU fold [4] iter 78: loss = 613.72614, delta_loss = -1.07496476E-7, learn_rate = 1.6274054E-9
[DEBUG] 2020-09-08 14:37:12,313 -- CAMF_CU fold [5] iter 87: loss = 652.93317, delta_loss = -3.9956376E-9, learn_rate = 6.1816295E-11
[DEBUG] 2020-09-08 14:37:12,317 -- CAMF_CU fold [2] iter 75: loss = 652.0793, delta_loss = 1.8923996E-5, learn_rate = 2.9522094E-9
[DEBUG] 2020-09-08 14:37:12,317 -- CAMF_CU fold [1] iter 85: loss = 637.7856, delta_loss = -7.177732E-9, learn_rate = 1.1774533E-10
[DEBUG] 2020-09-08 14:37:12,318 -- CAMF_CU fold [3] iter 89: loss = 641.96326, delta_loss = -2.3668463E-9, learn_rate = 3.2453554E-11
[DEBUG] 2020-09-08 14:37:12,322 -- CAMF_CU fold [5] iter 88: loss = 652.93317, delta_loss = 1.9670597E-7, learn_rate = 3.0908148E-11
[DEBUG] 2020-09-08 14:37:12,323 -- CAMF_CU fold [1] iter 86: loss = 637.7856, delta_loss = 3.7185816E-7, learn_rate = 5.8872664E-11
[DEBUG] 2020-09-08 14:37:12,323 -- CAMF_CU fold [4] iter 79: loss = 613.72614, delta_loss = 4.9289865E-6, learn_rate = 8.137027E-10
[DEBUG] 2020-09-08 14:37:12,323 -- CAMF_CU fold [2] iter 76: loss = 652.0793, delta_loss = -1.8415778E-7, learn_rate = 3.0998197E-9
[DEBUG] 2020-09-08 14:37:12,323 -- CAMF_CU fold [3] iter 90: loss = 641.96326, delta_loss = 1.0139843E-7, learn_rate = 1.6226777E-11
[DEBUG] 2020-09-08 14:37:12,326 -- CAMF_CU fold [1] iter 87: loss = 637.7856, delta_loss = -3.7690597E-9, learn_rate = 6.1816295E-11
[DEBUG] 2020-09-08 14:37:12,326 -- CAMF_CU fold [3] iter 91: loss = 641.96326, delta_loss = -1.2433929E-9, learn_rate = 1.7038116E-11
[DEBUG] 2020-09-08 14:37:12,326 -- CAMF_CU fold [2] iter 77: loss = 652.0793, delta_loss = 9.935097E-6, learn_rate = 1.5499099E-9
[DEBUG] 2020-09-08 14:37:12,327 -- CAMF_CU fold [5] iter 89: loss = 652.93317, delta_loss = -2.1013875E-9, learn_rate = 3.2453554E-11
[DEBUG] 2020-09-08 14:37:12,327 -- CAMF_CU fold [4] iter 80: loss = 613.72614, delta_loss = -5.644165E-8, learn_rate = 8.5438784E-10
[DEBUG] 2020-09-08 14:37:12,330 -- CAMF_CU fold [1] iter 88: loss = 637.7856, delta_loss = 1.9522508E-7, learn_rate = 3.0908148E-11
[DEBUG] 2020-09-08 14:37:12,330 -- CAMF_CU fold [3] iter 92: loss = 641.96326, delta_loss = 5.3237954E-8, learn_rate = 8.519058E-12
[DEBUG] 2020-09-08 14:37:12,331 -- CAMF_CU fold [2] iter 78: loss = 652.0793, delta_loss = -9.6682356E-8, learn_rate = 1.6274054E-9
[DEBUG] 2020-09-08 14:37:12,331 -- CAMF_CU fold [5] iter 90: loss = 652.93317, delta_loss = 1.03266984E-7, learn_rate = 1.6226777E-11
[DEBUG] 2020-09-08 14:37:12,332 -- CAMF_CU fold [4] iter 81: loss = 613.72614, delta_loss = 2.5877218E-6, learn_rate = 4.2719392E-10
[DEBUG] 2020-09-08 14:37:12,333 -- CAMF_CU fold [1] iter 89: loss = 637.7856, delta_loss = -1.9786057E-9, learn_rate = 3.2453554E-11
[DEBUG] 2020-09-08 14:37:12,333 -- CAMF_CU fold [3] iter 93: loss = 641.96326, delta_loss = -6.540404E-10, learn_rate = 8.945011E-12
[DEBUG] 2020-09-08 14:37:12,336 -- CAMF_CU fold [2] iter 79: loss = 652.0793, delta_loss = 5.2159157E-6, learn_rate = 8.137027E-10
[DEBUG] 2020-09-08 14:37:12,336 -- CAMF_CU fold [5] iter 91: loss = 652.93317, delta_loss = -1.1024213E-9, learn_rate = 1.7038116E-11
[DEBUG] 2020-09-08 14:37:12,336 -- CAMF_CU fold [4] iter 82: loss = 613.72614, delta_loss = -2.9628836E-8, learn_rate = 4.485536E-10
[DEBUG] 2020-09-08 14:37:12,337 -- CAMF_CU fold [3] iter 94: loss = 641.96326, delta_loss = 2.7944793E-8, learn_rate = 4.4725057E-12
[DEBUG] 2020-09-08 14:37:12,337 -- CAMF_CU fold [1] iter 90: loss = 637.7856, delta_loss = 1.02494255E-7, learn_rate = 1.6226777E-11
[DEBUG] 2020-09-08 14:37:12,340 -- CAMF_CU fold [3] iter 95: loss = 641.96326, delta_loss = -3.393552E-10, learn_rate = 4.6961306E-12
[DEBUG] 2020-09-08 14:37:12,340 -- CAMF_CU fold [5] iter 92: loss = 652.93317, delta_loss = 5.4218276E-8, learn_rate = 8.519058E-12
[DEBUG] 2020-09-08 14:37:12,340 -- CAMF_CU fold [4] iter 83: loss = 613.72614, delta_loss = 1.3585602E-6, learn_rate = 2.242768E-10
[DEBUG] 2020-09-08 14:37:12,341 -- CAMF_CU fold [2] iter 80: loss = 652.0793, delta_loss = -5.0744234E-8, learn_rate = 8.5438784E-10
[DEBUG] 2020-09-08 14:37:12,342 -- CAMF_CU fold [1] iter 91: loss = 637.7856, delta_loss = -1.0388703E-9, learn_rate = 1.7038116E-11
[DEBUG] 2020-09-08 14:37:12,345 -- CAMF_CU fold [3] iter 96: loss = 641.96326, delta_loss = 1.4669922E-8, learn_rate = 2.3480653E-12
[DEBUG] 2020-09-08 14:37:12,345 -- CAMF_CU fold [5] iter 93: loss = 652.93317, delta_loss = -5.82304E-10, learn_rate = 8.945011E-12
[DEBUG] 2020-09-08 14:37:12,345 -- CAMF_CU fold [4] iter 84: loss = 613.72614, delta_loss = -1.5555997E-8, learn_rate = 2.3549065E-10
[DEBUG] 2020-09-08 14:37:12,346 -- CAMF_CU fold [1] iter 92: loss = 637.7856, delta_loss = 5.380491E-8, learn_rate = 8.519058E-12
[DEBUG] 2020-09-08 14:37:12,346 -- CAMF_CU fold [2] iter 81: loss = 652.0793, delta_loss = 2.7383537E-6, learn_rate = 4.2719392E-10
[DEBUG] 2020-09-08 14:37:12,348 -- CAMF_CU fold [3] iter 97: loss = 641.96326, delta_loss = -1.7951152E-10, learn_rate = 2.4654688E-12
[DEBUG] 2020-09-08 14:37:12,349 -- CAMF_CU fold [1] iter 93: loss = 637.7856, delta_loss = -5.466063E-10, learn_rate = 8.945011E-12
[DEBUG] 2020-09-08 14:37:12,349 -- CAMF_CU fold [5] iter 94: loss = 652.93317, delta_loss = 2.8468662E-8, learn_rate = 4.4725057E-12
[DEBUG] 2020-09-08 14:37:12,349 -- CAMF_CU fold [4] iter 85: loss = 613.72614, delta_loss = 7.1324223E-7, learn_rate = 1.1774533E-10
[DEBUG] 2020-09-08 14:37:12,352 -- CAMF_CU fold [2] iter 82: loss = 652.0793, delta_loss = -2.664126E-8, learn_rate = 4.485536E-10
[DEBUG] 2020-09-08 14:37:12,352 -- CAMF_CU fold [3] iter 98: loss = 641.96326, delta_loss = 7.706831E-9, learn_rate = 1.2327344E-12
[DEBUG] 2020-09-08 14:37:12,353 -- CAMF_CU fold [1] iter 94: loss = 637.7856, delta_loss = 2.8249701E-8, learn_rate = 4.4725057E-12
[DEBUG] 2020-09-08 14:37:12,354 -- CAMF_CU fold [5] iter 95: loss = 652.93317, delta_loss = -3.049081E-10, learn_rate = 4.6961306E-12
[DEBUG] 2020-09-08 14:37:12,354 -- CAMF_CU fold [4] iter 86: loss = 613.72614, delta_loss = -8.172833E-9, learn_rate = 1.2363259E-10
[DEBUG] 2020-09-08 14:37:12,355 -- CAMF_CU fold [3] iter 99: loss = 641.96326, delta_loss = -9.492851E-11, learn_rate = 1.2943711E-12
[DEBUG] 2020-09-08 14:37:12,356 -- CAMF_CU fold [1] iter 95: loss = 637.7856, delta_loss = -2.8910563E-10, learn_rate = 4.6961306E-12
[DEBUG] 2020-09-08 14:37:12,357 -- CAMF_CU fold [2] iter 83: loss = 652.0793, delta_loss = 1.437642E-6, learn_rate = 2.242768E-10
[DEBUG] 2020-09-08 14:37:12,357 -- CAMF_CU fold [5] iter 96: loss = 652.93317, delta_loss = 1.4943453E-8, learn_rate = 2.3480653E-12
[DEBUG] 2020-09-08 14:37:12,358 -- CAMF_CU fold [4] iter 87: loss = 613.72614, delta_loss = 3.7444806E-7, learn_rate = 6.1816295E-11
[DEBUG] 2020-09-08 14:37:12,358 -- CAMF_CU fold [3] iter 100: loss = 641.96326, delta_loss = 4.04566E-9, learn_rate = 6.4718554E-13
[DEBUG] 2020-09-08 14:37:12,358 -- CAMF_CU fold [1] iter 96: loss = 637.7856, delta_loss = 1.4831016E-8, learn_rate = 2.3480653E-12
[DEBUG] 2020-09-08 14:37:12,360 -- CAMF_CU fold [1] iter 97: loss = 637.7856, delta_loss = -1.4915713E-10, learn_rate = 2.4654688E-12
[DEBUG] 2020-09-08 14:37:12,360 -- CAMF_CU fold [2] iter 84: loss = 652.0793, delta_loss = -1.3994168E-8, learn_rate = 2.3549065E-10
[DEBUG] 2020-09-08 14:37:12,360 -- CAMF_CU fold [5] iter 97: loss = 652.93317, delta_loss = -1.598437E-10, learn_rate = 2.4654688E-12
[DEBUG] 2020-09-08 14:37:12,360 -- CAMF_CU fold [3] evaluate test data ... 
[DEBUG] 2020-09-08 14:37:12,360 -- CAMF_CU fold [4] iter 88: loss = 613.72614, delta_loss = -4.2828106E-9, learn_rate = 6.490711E-11
[DEBUG] 2020-09-08 14:37:12,362 -- CAMF_CU fold [1] iter 98: loss = 637.7856, delta_loss = 7.784479E-9, learn_rate = 1.2327344E-12
[DEBUG] 2020-09-08 14:37:12,363 -- CAMF_CU fold [5] iter 98: loss = 652.93317, delta_loss = 7.847575E-9, learn_rate = 1.2327344E-12
[DEBUG] 2020-09-08 14:37:12,363 -- CAMF_CU fold [4] iter 89: loss = 613.72614, delta_loss = 1.965833E-7, learn_rate = 3.2453554E-11
[DEBUG] 2020-09-08 14:37:12,363 -- CAMF_CU fold [2] iter 85: loss = 652.0793, delta_loss = 7.54761E-7, learn_rate = 1.1774533E-10
[DEBUG] 2020-09-08 14:37:12,364 -- CAMF_CU fold [1] iter 99: loss = 637.7856, delta_loss = -7.9580786E-11, learn_rate = 1.2943711E-12
[DEBUG] 2020-09-08 14:37:12,367 -- CAMF_CU fold [2] iter 86: loss = 652.0793, delta_loss = -7.348831E-9, learn_rate = 1.2363259E-10
[DEBUG] 2020-09-08 14:37:12,367 -- CAMF_CU fold [1] iter 100: loss = 637.7856, delta_loss = 4.0879513E-9, learn_rate = 6.4718554E-13
[DEBUG] 2020-09-08 14:37:12,367 -- CAMF_CU fold [5] iter 99: loss = 652.93317, delta_loss = -8.424195E-11, learn_rate = 1.2943711E-12
[DEBUG] 2020-09-08 14:37:12,367 -- CAMF_CU fold [1] evaluate test data ... 
[DEBUG] 2020-09-08 14:37:12,367 -- CAMF_CU fold [4] iter 90: loss = 613.72614, delta_loss = -2.2465656E-9, learn_rate = 3.407623E-11
[DEBUG] 2020-09-08 14:37:12,369 -- CAMF_CU fold [2] iter 87: loss = 652.0793, delta_loss = 3.9624626E-7, learn_rate = 6.1816295E-11
[DEBUG] 2020-09-08 14:37:12,369 -- CAMF_CU fold [3] has candidate items: 79
[DEBUG] 2020-09-08 14:37:12,370 -- CAMF_CU fold [5] iter 100: loss = 652.93317, delta_loss = 4.1197836E-9, learn_rate = 6.4718554E-13
[DEBUG] 2020-09-08 14:37:12,370 -- CAMF_CU fold [5] evaluate test data ... 
[DEBUG] 2020-09-08 14:37:12,370 -- CAMF_CU fold [4] iter 91: loss = 613.72614, delta_loss = 1.03205934E-7, learn_rate = 1.7038116E-11
[DEBUG] 2020-09-08 14:37:12,371 -- CAMF_CU fold [2] iter 88: loss = 652.0793, delta_loss = -3.855689E-9, learn_rate = 6.490711E-11
[DEBUG] 2020-09-08 14:37:12,372 -- CAMF_CU fold [2] iter 89: loss = 652.0793, delta_loss = 2.0803202E-7, learn_rate = 3.2453554E-11
[DEBUG] 2020-09-08 14:37:12,373 -- CAMF_CU fold [4] iter 92: loss = 613.72614, delta_loss = -1.1796146E-9, learn_rate = 1.7890023E-11
[DEBUG] 2020-09-08 14:37:12,374 -- CAMF_CU fold [1] has candidate items: 79
[DEBUG] 2020-09-08 14:37:12,374 -- CAMF_CU fold [2] iter 90: loss = 652.0793, delta_loss = -2.0272637E-9, learn_rate = 3.407623E-11
[DEBUG] 2020-09-08 14:37:12,375 -- CAMF_CU fold [4] iter 93: loss = 613.72614, delta_loss = 5.418326E-8, learn_rate = 8.945011E-12
[DEBUG] 2020-09-08 14:37:12,376 -- CAMF_CU fold [2] iter 91: loss = 652.0793, delta_loss = 1.0921781E-7, learn_rate = 1.7038116E-11
[DEBUG] 2020-09-08 14:37:12,377 -- CAMF_CU fold [5] has candidate items: 79
[DEBUG] 2020-09-08 14:37:12,378 -- CAMF_CU fold [2] iter 92: loss = 652.0793, delta_loss = -1.0619488E-9, learn_rate = 1.7890023E-11
[DEBUG] 2020-09-08 14:37:12,378 -- CAMF_CU fold [4] iter 94: loss = 613.72614, delta_loss = -6.217533E-10, learn_rate = 9.392261E-12
[DEBUG] 2020-09-08 14:37:12,379 -- CAMF_CU fold [2] iter 93: loss = 652.0793, delta_loss = 5.7341254E-8, learn_rate = 8.945011E-12
[DEBUG] 2020-09-08 14:37:12,381 -- CAMF_CU fold [4] iter 95: loss = 613.72614, delta_loss = 2.8446493E-8, learn_rate = 4.6961306E-12
[DEBUG] 2020-09-08 14:37:12,381 -- CAMF_CU fold [2] iter 94: loss = 652.0793, delta_loss = -5.596803E-10, learn_rate = 9.392261E-12
[DEBUG] 2020-09-08 14:37:12,383 -- CAMF_CU fold [2] iter 95: loss = 652.0793, delta_loss = 3.010689E-8, learn_rate = 4.6961306E-12
[DEBUG] 2020-09-08 14:37:12,384 -- CAMF_CU fold [4] iter 96: loss = 613.72614, delta_loss = -3.2946446E-10, learn_rate = 4.9309376E-12
[DEBUG] 2020-09-08 14:37:12,386 -- CAMF_CU fold [2] iter 96: loss = 652.0793, delta_loss = -2.9399416E-10, learn_rate = 4.9309376E-12
[DEBUG] 2020-09-08 14:37:12,387 -- CAMF_CU fold [4] iter 97: loss = 613.72614, delta_loss = 1.493629E-8, learn_rate = 2.4654688E-12
[DEBUG] 2020-09-08 14:37:12,389 -- CAMF_CU fold [2] iter 97: loss = 652.0793, delta_loss = 1.5803835E-8, learn_rate = 2.4654688E-12
[DEBUG] 2020-09-08 14:37:12,390 -- CAMF_CU fold [4] iter 98: loss = 613.72614, delta_loss = -1.6882495E-10, learn_rate = 2.5887422E-12
[DEBUG] 2020-09-08 14:37:12,391 -- CAMF_CU fold [2] iter 98: loss = 652.0793, delta_loss = -1.5222668E-10, learn_rate = 2.5887422E-12
[DEBUG] 2020-09-08 14:37:12,393 -- CAMF_CU fold [4] iter 99: loss = 613.72614, delta_loss = 7.8372295E-9, learn_rate = 1.2943711E-12
[DEBUG] 2020-09-08 14:37:12,394 -- CAMF_CU fold [2] iter 99: loss = 652.0793, delta_loss = 8.296752E-9, learn_rate = 1.2943711E-12
[DEBUG] 2020-09-08 14:37:12,396 -- CAMF_CU fold [2] iter 100: loss = 652.0793, delta_loss = -8.20819E-11, learn_rate = 1.3590896E-12
[DEBUG] 2020-09-08 14:37:12,396 -- CAMF_CU fold [4] iter 100: loss = 613.72614, delta_loss = -8.856205E-11, learn_rate = 1.3590896E-12
[DEBUG] 2020-09-08 14:37:12,396 -- CAMF_CU fold [2] evaluate test data ... 
[DEBUG] 2020-09-08 14:37:12,396 -- CAMF_CU fold [4] evaluate test data ... 
[DEBUG] 2020-09-08 14:37:12,401 -- CAMF_CU fold [2] has candidate items: 79
[DEBUG] 2020-09-08 14:37:12,403 -- CAMF_CU fold [4] has candidate items: 79
[DEBUG] 2020-09-08 14:37:12,459 -- CAMF_CU fold [5] has writeen item recommendations to /home/wagno/Documents/Pesquisa_de_bolsa/CARSKit_Interface/source/datasets/results/CAMF_CU-top-10-items fold [5].txt
[DEBUG] 2020-09-08 14:37:12,459 -- CAMF_CU fold [3] has writeen item recommendations to /home/wagno/Documents/Pesquisa_de_bolsa/CARSKit_Interface/source/datasets/results/CAMF_CU-top-10-items fold [3].txt
[DEBUG] 2020-09-08 14:37:12,462 -- CAMF_CU fold [1] has writeen item recommendations to /home/wagno/Documents/Pesquisa_de_bolsa/CARSKit_Interface/source/datasets/results/CAMF_CU-top-10-items fold [1].txt
[DEBUG] 2020-09-08 14:37:12,463 -- CAMF_CU fold [2] has writeen item recommendations to /home/wagno/Documents/Pesquisa_de_bolsa/CARSKit_Interface/source/datasets/results/CAMF_CU-top-10-items fold [2].txt
[DEBUG] 2020-09-08 14:37:12,470 -- CAMF_CU fold [4] has writeen item recommendations to /home/wagno/Documents/Pesquisa_de_bolsa/CARSKit_Interface/source/datasets/results/CAMF_CU-top-10-items fold [4].txt
[DEBUG] 2020-09-08 14:37:12,518 -- CAMF_CU fold [1]: Pre5: 0.056073,Pre10: 0.055934, Rec5: 0.095358, Rec10: 0.207563, AUC5: 0.592415, AUC10: 0.648523, MAP5: 0.038164, MAP10: 0.057143,NDCG5: 0.067764, NDCG10: 0.112546,MRR5: 0.095015, MRR10: 0.114062	Time: 00:00, 00:00
[DEBUG] 2020-09-08 14:37:12,518 -- CAMF_CU fold [2]: Pre5: 0.053763,Pre10: 0.055520, Rec5: 0.101843, Rec10: 0.196070, AUC5: 0.595989, AUC10: 0.653884, MAP5: 0.044670, MAP10: 0.061232,NDCG5: 0.072892, NDCG10: 0.113965,MRR5: 0.096129, MRR10: 0.116925	Time: 00:00, 00:00
[DEBUG] 2020-09-08 14:37:12,518 -- CAMF_CU fold [3]: Pre5: 0.063439,Pre10: 0.058679, Rec5: 0.111454, Rec10: 0.210093, AUC5: 0.614381, AUC10: 0.672742, MAP5: 0.056339, MAP10: 0.073484,NDCG5: 0.089480, NDCG10: 0.131283,MRR5: 0.128035, MRR10: 0.149346	Time: 00:00, 00:00
[DEBUG] 2020-09-08 14:37:12,518 -- CAMF_CU fold [4]: Pre5: 0.040937,Pre10: 0.046626, Rec5: 0.070825, Rec10: 0.160424, AUC5: 0.573015, AUC10: 0.637177, MAP5: 0.030997, MAP10: 0.045388,NDCG5: 0.052523, NDCG10: 0.091420,MRR5: 0.074577, MRR10: 0.097914	Time: 00:00, 00:00
[DEBUG] 2020-09-08 14:37:12,518 -- CAMF_CU fold [5]: Pre5: 0.059347,Pre10: 0.061546, Rec5: 0.094703, Rec10: 0.201434, AUC5: 0.598758, AUC10: 0.658855, MAP5: 0.040241, MAP10: 0.059388,NDCG5: 0.070683, NDCG10: 0.116207,MRR5: 0.099307, MRR10: 0.119956	Time: 00:00, 00:00
[INFO ] 2020-09-08 14:37:12,521 -- Final Results by CAMF_CU, Pre5: 0.054712,Pre10: 0.055661, Rec5: 0.094837, Rec10: 0.195117, AUC5: 0.594912, AUC10: 0.654236, MAP5: 0.042082, MAP10: 0.059327,NDCG5: 0.070668, NDCG10: 0.113084,MRR5: 0.098612, MRR10: 0.119641, numFactors: 10, numIter: 100, lrate: 0.02, maxlrate: -1.0, regB: 1.0E-4, regU: 1.0E-4, regI: 1.0E-4, regC: 0.001, isBoldDriver: true, Time: '00:00','00:00'

[DEBUG] 2020-09-08 14:37:12,521 -- Have been collected to file: results_all.txt
