[INFO ] 2020-08-24 18:38:01,969 -- WorkingPath: C:\Users\Waguinho\Documents\pesquisa\CARSKit_Interface\source\datasets\results\
[INFO ] 2020-08-24 18:38:01,982 -- Your original rating data path: C:\Users\Waguinho\Documents\pesquisa\CARSKit_Interface\source\datasets\ratings.txt
[INFO ] 2020-08-24 18:38:01,983 -- Current working path: C:\Users\Waguinho\Documents\pesquisa\CARSKit_Interface\source\datasets\results\
[WARN ] 2020-08-24 18:38:01,988 -- You rating data is in Compact format. CARSKit is working on transformation on the data format...
[INFO ] 2020-08-24 18:38:02,069 -- User, Item, Rating, time:na, time:weekday, time:weekend, location:na, location:cinema, location:home, companion:na, companion:alone, companion:family, companion:partner
[INFO ] 2020-08-24 18:38:02,291 -- Data transformaton completed (from Compact to Binary format). See new rating file: C:\Users\Waguinho\Documents\pesquisa\CARSKit_Interface\source\datasets\results\train.csv
[INFO ] 2020-08-24 18:38:02,316 -- Dataset: ...e\source\datasets\results\train.csv
[INFO ] 2020-08-24 18:38:02,320 -- DataPath: C:\Users\Waguinho\Documents\pesquisa\CARSKit_Interface\source\datasets\results\train.csv
[INFO ] 2020-08-24 18:38:02,602 -- Rating data set has been successfully loaded.
[INFO ] 2020-08-24 18:38:02,626 -- 
/**************************************************************************************************
 *
 * Dataset: C:\Users\Waguinho\Documents\pesquisa\CARSKit_Interface\source\datasets\results\train.csv
 * 
 * Statistics of U-I-C Matrix:
 * User amount: 97
 * Item amount: 79
 * Rate amount: 5035
 * Context dimensions: 3 (time, location, companion)
 * Context conditions: 10 (time: 3, location: 3, companion: 4)
 * Context situations: 13
 * Data density: 1,8230%
 * Scale distribution: [1.0 x 829, 2.0 x 625, 4.0 x 1209, 5.0 x 1367, 3.0 x 1005]
 * Average value of all ratings: 3,328892
 * Standard deviation of all ratings: 1,414777
 * Mode of all rating values: 5,000000
 * Median of all rating values: 4,000000
 *
 **************************************************************************************************/
[INFO ] 2020-08-24 18:38:02,630 -- With Setup: cv -k 5 -p on --rand-seed 1 --test-view all
[DEBUG] 2020-08-24 18:38:02,655 -- Fold [1]: training amount: 4023, test amount: 1006
[DEBUG] 2020-08-24 18:38:02,672 -- Fold [2]: training amount: 4023, test amount: 1006
[DEBUG] 2020-08-24 18:38:02,687 -- Fold [3]: training amount: 4023, test amount: 1006
[DEBUG] 2020-08-24 18:38:02,702 -- Fold [4]: training amount: 4023, test amount: 1006
[DEBUG] 2020-08-24 18:38:02,709 -- Fold [5]: training amount: 4024, test amount: 1005
[DEBUG] 2020-08-24 18:38:02,749 -- CAMF_CU fold [3] iter 1: loss = 4543.3984, delta_loss = -4543.3984, learn_rate = 0.02
[DEBUG] 2020-08-24 18:38:02,757 -- CAMF_CU fold [2] iter 1: loss = 4644.3027, delta_loss = -4644.3027, learn_rate = 0.02
[DEBUG] 2020-08-24 18:38:02,758 -- CAMF_CU fold [1] iter 1: loss = 4598.27, delta_loss = -4598.27, learn_rate = 0.02
[DEBUG] 2020-08-24 18:38:02,782 -- CAMF_CU fold [2] iter 2: loss = 2732.447, delta_loss = 1911.8557, learn_rate = 0.02
[DEBUG] 2020-08-24 18:38:02,783 -- CAMF_CU fold [3] iter 2: loss = 2719.9495, delta_loss = 1823.4491, learn_rate = 0.02
[DEBUG] 2020-08-24 18:38:02,795 -- CAMF_CU fold [2] iter 3: loss = 2345.7083, delta_loss = 386.73865, learn_rate = 0.021
[DEBUG] 2020-08-24 18:38:02,795 -- CAMF_CU fold [3] iter 3: loss = 2344.9216, delta_loss = 375.02786, learn_rate = 0.021
[DEBUG] 2020-08-24 18:38:02,817 -- CAMF_CU fold [2] iter 4: loss = 2068.695, delta_loss = 277.01337, learn_rate = 0.022049999
[DEBUG] 2020-08-24 18:38:02,818 -- CAMF_CU fold [1] iter 2: loss = 2749.2874, delta_loss = 1848.9828, learn_rate = 0.02
[DEBUG] 2020-08-24 18:38:02,830 -- CAMF_CU fold [1] iter 3: loss = 2361.6462, delta_loss = 387.64114, learn_rate = 0.021
[DEBUG] 2020-08-24 18:38:02,834 -- CAMF_CU fold [5] iter 1: loss = 4599.1035, delta_loss = -4599.1035, learn_rate = 0.02
[DEBUG] 2020-08-24 18:38:02,846 -- CAMF_CU fold [5] iter 2: loss = 2755.4487, delta_loss = 1843.655, learn_rate = 0.02
[DEBUG] 2020-08-24 18:38:02,847 -- CAMF_CU fold [4] iter 1: loss = 4738.544, delta_loss = -4738.544, learn_rate = 0.02
[DEBUG] 2020-08-24 18:38:02,855 -- CAMF_CU fold [1] iter 4: loss = 2075.8677, delta_loss = 285.77847, learn_rate = 0.022049999
[DEBUG] 2020-08-24 18:38:02,858 -- CAMF_CU fold [4] iter 2: loss = 2778.0862, delta_loss = 1960.4576, learn_rate = 0.02
[DEBUG] 2020-08-24 18:38:02,862 -- CAMF_CU fold [3] iter 4: loss = 2081.1804, delta_loss = 263.74115, learn_rate = 0.022049999
[DEBUG] 2020-08-24 18:38:02,875 -- CAMF_CU fold [2] iter 5: loss = 1797.5044, delta_loss = 271.19058, learn_rate = 0.0231525
[DEBUG] 2020-08-24 18:38:02,882 -- CAMF_CU fold [3] iter 5: loss = 1825.9933, delta_loss = 255.18724, learn_rate = 0.0231525
[DEBUG] 2020-08-24 18:38:02,884 -- CAMF_CU fold [5] iter 3: loss = 2393.8604, delta_loss = 361.58823, learn_rate = 0.021
[DEBUG] 2020-08-24 18:38:02,888 -- CAMF_CU fold [2] iter 6: loss = 1563.7606, delta_loss = 233.74387, learn_rate = 0.024310125
[DEBUG] 2020-08-24 18:38:02,895 -- CAMF_CU fold [3] iter 6: loss = 1598.2408, delta_loss = 227.75238, learn_rate = 0.024310125
[DEBUG] 2020-08-24 18:38:02,897 -- CAMF_CU fold [5] iter 4: loss = 2134.2717, delta_loss = 259.5887, learn_rate = 0.022049999
[DEBUG] 2020-08-24 18:38:02,899 -- CAMF_CU fold [2] iter 7: loss = 1395.9824, delta_loss = 167.77817, learn_rate = 0.025525631
[DEBUG] 2020-08-24 18:38:02,908 -- CAMF_CU fold [1] iter 5: loss = 1789.2505, delta_loss = 286.61725, learn_rate = 0.0231525
[DEBUG] 2020-08-24 18:38:02,908 -- CAMF_CU fold [4] iter 3: loss = 2361.9453, delta_loss = 416.14096, learn_rate = 0.021
[DEBUG] 2020-08-24 18:38:02,909 -- CAMF_CU fold [5] iter 5: loss = 1873.6459, delta_loss = 260.6259, learn_rate = 0.0231525
[DEBUG] 2020-08-24 18:38:02,919 -- CAMF_CU fold [1] iter 6: loss = 1538.4756, delta_loss = 250.77486, learn_rate = 0.024310125
[DEBUG] 2020-08-24 18:38:02,929 -- CAMF_CU fold [4] iter 4: loss = 2049.8123, delta_loss = 312.13293, learn_rate = 0.022049999
[DEBUG] 2020-08-24 18:38:02,931 -- CAMF_CU fold [1] iter 7: loss = 1362.9886, delta_loss = 175.48692, learn_rate = 0.025525631
[DEBUG] 2020-08-24 18:38:02,943 -- CAMF_CU fold [4] iter 5: loss = 1754.1436, delta_loss = 295.66882, learn_rate = 0.0231525
[DEBUG] 2020-08-24 18:38:02,949 -- CAMF_CU fold [2] iter 8: loss = 1282.0265, delta_loss = 113.95588, learn_rate = 0.026801912
[DEBUG] 2020-08-24 18:38:02,957 -- CAMF_CU fold [3] iter 7: loss = 1422.3517, delta_loss = 175.88918, learn_rate = 0.025525631
[DEBUG] 2020-08-24 18:38:02,961 -- CAMF_CU fold [2] iter 9: loss = 1202.6001, delta_loss = 79.42638, learn_rate = 0.028142007
[DEBUG] 2020-08-24 18:38:02,967 -- CAMF_CU fold [3] iter 8: loss = 1295.6227, delta_loss = 126.72907, learn_rate = 0.026801912
[DEBUG] 2020-08-24 18:38:02,969 -- CAMF_CU fold [2] iter 10: loss = 1145.2189, delta_loss = 57.381245, learn_rate = 0.029549109
[DEBUG] 2020-08-24 18:38:02,973 -- CAMF_CU fold [5] iter 6: loss = 1631.5146, delta_loss = 242.13115, learn_rate = 0.024310125
[DEBUG] 2020-08-24 18:38:02,983 -- CAMF_CU fold [3] iter 9: loss = 1206.3767, delta_loss = 89.245964, learn_rate = 0.028142007
[DEBUG] 2020-08-24 18:38:02,984 -- CAMF_CU fold [1] iter 8: loss = 1248.3955, delta_loss = 114.59319, learn_rate = 0.026801912
[DEBUG] 2020-08-24 18:38:02,985 -- CAMF_CU fold [5] iter 7: loss = 1447.4797, delta_loss = 184.03493, learn_rate = 0.025525631
[DEBUG] 2020-08-24 18:38:02,989 -- CAMF_CU fold [3] iter 10: loss = 1143.6724, delta_loss = 62.70428, learn_rate = 0.029549109
[DEBUG] 2020-08-24 18:38:02,990 -- CAMF_CU fold [1] iter 9: loss = 1169.7786, delta_loss = 78.61692, learn_rate = 0.028142007
[DEBUG] 2020-08-24 18:38:02,991 -- CAMF_CU fold [5] iter 8: loss = 1319.2323, delta_loss = 128.24745, learn_rate = 0.026801912
[DEBUG] 2020-08-24 18:38:02,995 -- CAMF_CU fold [3] iter 11: loss = 1099.1038, delta_loss = 44.568623, learn_rate = 0.031026565
[DEBUG] 2020-08-24 18:38:02,996 -- CAMF_CU fold [5] iter 9: loss = 1228.1361, delta_loss = 91.09614, learn_rate = 0.028142007
[DEBUG] 2020-08-24 18:38:03,000 -- CAMF_CU fold [2] iter 11: loss = 1102.5889, delta_loss = 42.630054, learn_rate = 0.031026565
[DEBUG] 2020-08-24 18:38:03,001 -- CAMF_CU fold [4] iter 6: loss = 1514.7932, delta_loss = 239.35027, learn_rate = 0.024310125
[DEBUG] 2020-08-24 18:38:03,005 -- CAMF_CU fold [5] iter 10: loss = 1162.1521, delta_loss = 65.98409, learn_rate = 0.029549109
[DEBUG] 2020-08-24 18:38:03,006 -- CAMF_CU fold [2] iter 12: loss = 1070.4025, delta_loss = 32.18637, learn_rate = 0.03257789
[DEBUG] 2020-08-24 18:38:03,008 -- CAMF_CU fold [4] iter 7: loss = 1347.072, delta_loss = 167.72118, learn_rate = 0.025525631
[DEBUG] 2020-08-24 18:38:02,995 -- CAMF_CU fold [1] iter 10: loss = 1113.3694, delta_loss = 56.40918, learn_rate = 0.029549109
[DEBUG] 2020-08-24 18:38:03,011 -- CAMF_CU fold [2] iter 13: loss = 1046.1637, delta_loss = 24.238752, learn_rate = 0.034206785
[DEBUG] 2020-08-24 18:38:03,013 -- CAMF_CU fold [4] iter 8: loss = 1230.6423, delta_loss = 116.42975, learn_rate = 0.026801912
[DEBUG] 2020-08-24 18:38:03,015 -- CAMF_CU fold [1] iter 11: loss = 1071.9265, delta_loss = 41.44291, learn_rate = 0.031026565
[DEBUG] 2020-08-24 18:38:03,019 -- CAMF_CU fold [2] iter 14: loss = 1028.478, delta_loss = 17.68563, learn_rate = 0.035917126
[DEBUG] 2020-08-24 18:38:03,019 -- CAMF_CU fold [4] iter 9: loss = 1146.2021, delta_loss = 84.44022, learn_rate = 0.028142007
[DEBUG] 2020-08-24 18:38:03,020 -- CAMF_CU fold [1] iter 12: loss = 1041.1246, delta_loss = 30.801865, learn_rate = 0.03257789
[DEBUG] 2020-08-24 18:38:03,025 -- CAMF_CU fold [2] iter 15: loss = 1016.5168, delta_loss = 11.961273, learn_rate = 0.037712984
[DEBUG] 2020-08-24 18:38:03,027 -- CAMF_CU fold [4] iter 10: loss = 1083.7483, delta_loss = 62.45379, learn_rate = 0.029549109
[DEBUG] 2020-08-24 18:38:03,034 -- CAMF_CU fold [5] iter 11: loss = 1114.283, delta_loss = 47.869087, learn_rate = 0.031026565
[DEBUG] 2020-08-24 18:38:03,034 -- CAMF_CU fold [3] iter 12: loss = 1066.9944, delta_loss = 32.109413, learn_rate = 0.03257789
[DEBUG] 2020-08-24 18:38:03,035 -- CAMF_CU fold [2] iter 16: loss = 1009.65643, delta_loss = 6.8603926, learn_rate = 0.039598633
[DEBUG] 2020-08-24 18:38:03,038 -- CAMF_CU fold [1] iter 13: loss = 1018.35504, delta_loss = 22.769543, learn_rate = 0.034206785
[DEBUG] 2020-08-24 18:38:03,040 -- CAMF_CU fold [5] iter 12: loss = 1079.6909, delta_loss = 34.592056, learn_rate = 0.03257789
[DEBUG] 2020-08-24 18:38:03,041 -- CAMF_CU fold [3] iter 13: loss = 1043.7761, delta_loss = 23.218195, learn_rate = 0.034206785
[DEBUG] 2020-08-24 18:38:03,043 -- CAMF_CU fold [1] iter 14: loss = 1002.00726, delta_loss = 16.347773, learn_rate = 0.035917126
[DEBUG] 2020-08-24 18:38:03,045 -- CAMF_CU fold [2] iter 17: loss = 1007.3229, delta_loss = 2.333532, learn_rate = 0.04157856
[DEBUG] 2020-08-24 18:38:03,045 -- CAMF_CU fold [5] iter 13: loss = 1054.9481, delta_loss = 24.74286, learn_rate = 0.034206785
[DEBUG] 2020-08-24 18:38:03,047 -- CAMF_CU fold [3] iter 14: loss = 1027.2861, delta_loss = 16.49006, learn_rate = 0.035917126
[DEBUG] 2020-08-24 18:38:03,049 -- CAMF_CU fold [1] iter 15: loss = 991.0343, delta_loss = 10.972954, learn_rate = 0.037712984
[DEBUG] 2020-08-24 18:38:03,051 -- CAMF_CU fold [5] iter 14: loss = 1037.793, delta_loss = 17.155159, learn_rate = 0.035917126
[DEBUG] 2020-08-24 18:38:03,052 -- CAMF_CU fold [3] iter 15: loss = 1016.22845, delta_loss = 11.057614, learn_rate = 0.037712984
[DEBUG] 2020-08-24 18:38:03,055 -- CAMF_CU fold [1] iter 16: loss = 984.74243, delta_loss = 6.2918863, learn_rate = 0.039598633
[DEBUG] 2020-08-24 18:38:03,055 -- CAMF_CU fold [2] iter 18: loss = 1008.9824, delta_loss = -1.6595242, learn_rate = 0.04365749
[DEBUG] 2020-08-24 18:38:03,057 -- CAMF_CU fold [5] iter 15: loss = 1026.7798, delta_loss = 11.013109, learn_rate = 0.037712984
[DEBUG] 2020-08-24 18:38:03,058 -- CAMF_CU fold [3] iter 16: loss = 1009.7882, delta_loss = 6.4402475, learn_rate = 0.039598633
[DEBUG] 2020-08-24 18:38:03,060 -- CAMF_CU fold [1] iter 17: loss = 982.65576, delta_loss = 2.0866804, learn_rate = 0.04157856
[DEBUG] 2020-08-24 18:38:03,062 -- CAMF_CU fold [2] iter 19: loss = 857.206, delta_loss = 151.7764, learn_rate = 0.021828745
[DEBUG] 2020-08-24 18:38:03,062 -- CAMF_CU fold [5] iter 16: loss = 1020.9139, delta_loss = 5.8659472, learn_rate = 0.039598633
[DEBUG] 2020-08-24 18:38:03,063 -- CAMF_CU fold [4] iter 11: loss = 1037.9824, delta_loss = 45.765926, learn_rate = 0.031026565
[DEBUG] 2020-08-24 18:38:03,067 -- CAMF_CU fold [3] iter 17: loss = 1007.3977, delta_loss = 2.390524, learn_rate = 0.04157856
[DEBUG] 2020-08-24 18:38:03,069 -- CAMF_CU fold [2] iter 20: loss = 842.6944, delta_loss = 14.511592, learn_rate = 0.022920182
[DEBUG] 2020-08-24 18:38:03,069 -- CAMF_CU fold [4] iter 12: loss = 1004.7473, delta_loss = 33.235043, learn_rate = 0.03257789
[DEBUG] 2020-08-24 18:38:03,073 -- CAMF_CU fold [5] iter 17: loss = 1019.4274, delta_loss = 1.4864216, learn_rate = 0.04157856
[DEBUG] 2020-08-24 18:38:03,077 -- CAMF_CU fold [3] iter 18: loss = 1008.6418, delta_loss = -1.2440912, learn_rate = 0.04365749
[DEBUG] 2020-08-24 18:38:03,079 -- CAMF_CU fold [4] iter 13: loss = 980.6886, delta_loss = 24.058708, learn_rate = 0.034206785
[DEBUG] 2020-08-24 18:38:03,081 -- CAMF_CU fold [1] iter 18: loss = 984.4025, delta_loss = -1.7467988, learn_rate = 0.04365749
[DEBUG] 2020-08-24 18:38:03,081 -- CAMF_CU fold [5] iter 18: loss = 1021.7108, delta_loss = -2.283409, learn_rate = 0.04365749
[DEBUG] 2020-08-24 18:38:03,084 -- CAMF_CU fold [3] iter 19: loss = 856.2199, delta_loss = 152.42188, learn_rate = 0.021828745
[DEBUG] 2020-08-24 18:38:03,086 -- CAMF_CU fold [4] iter 14: loss = 963.60455, delta_loss = 17.08407, learn_rate = 0.035917126
[DEBUG] 2020-08-24 18:38:03,089 -- CAMF_CU fold [5] iter 19: loss = 865.9284, delta_loss = 155.78242, learn_rate = 0.021828745
[DEBUG] 2020-08-24 18:38:03,089 -- CAMF_CU fold [1] iter 19: loss = 836.7654, delta_loss = 147.63719, learn_rate = 0.021828745
[DEBUG] 2020-08-24 18:38:03,094 -- CAMF_CU fold [4] iter 15: loss = 952.2169, delta_loss = 11.387664, learn_rate = 0.037712984
[DEBUG] 2020-08-24 18:38:03,094 -- CAMF_CU fold [3] iter 20: loss = 842.52515, delta_loss = 13.694793, learn_rate = 0.022920182
[DEBUG] 2020-08-24 18:38:03,097 -- CAMF_CU fold [5] iter 20: loss = 852.3556, delta_loss = 13.572826, learn_rate = 0.022920182
[DEBUG] 2020-08-24 18:38:03,098 -- CAMF_CU fold [2] iter 21: loss = 840.26794, delta_loss = 2.426498, learn_rate = 0.024066191
[DEBUG] 2020-08-24 18:38:03,098 -- CAMF_CU fold [1] iter 20: loss = 821.9807, delta_loss = 14.784646, learn_rate = 0.022920182
[DEBUG] 2020-08-24 18:38:03,104 -- CAMF_CU fold [4] iter 16: loss = 945.729, delta_loss = 6.4878764, learn_rate = 0.039598633
[DEBUG] 2020-08-24 18:38:03,105 -- CAMF_CU fold [5] iter 21: loss = 850.04974, delta_loss = 2.305849, learn_rate = 0.024066191
[DEBUG] 2020-08-24 18:38:03,106 -- CAMF_CU fold [1] iter 21: loss = 819.28754, delta_loss = 2.6931746, learn_rate = 0.024066191
[DEBUG] 2020-08-24 18:38:03,106 -- CAMF_CU fold [2] iter 22: loss = 841.3588, delta_loss = -1.0908762, learn_rate = 0.0252695
[DEBUG] 2020-08-24 18:38:03,114 -- CAMF_CU fold [3] iter 21: loss = 839.7077, delta_loss = 2.8174443, learn_rate = 0.024066191
[DEBUG] 2020-08-24 18:38:03,116 -- CAMF_CU fold [1] iter 22: loss = 820.1164, delta_loss = -0.8288816, learn_rate = 0.0252695
[DEBUG] 2020-08-24 18:38:03,116 -- CAMF_CU fold [2] iter 23: loss = 757.2122, delta_loss = 84.14661, learn_rate = 0.01263475
[DEBUG] 2020-08-24 18:38:03,116 -- CAMF_CU fold [5] iter 22: loss = 851.0465, delta_loss = -0.9967745, learn_rate = 0.0252695
[DEBUG] 2020-08-24 18:38:03,120 -- CAMF_CU fold [4] iter 17: loss = 943.5502, delta_loss = 2.1788163, learn_rate = 0.04157856
[DEBUG] 2020-08-24 18:38:03,120 -- CAMF_CU fold [3] iter 22: loss = 840.25037, delta_loss = -0.54270023, learn_rate = 0.0252695
[DEBUG] 2020-08-24 18:38:03,122 -- CAMF_CU fold [2] iter 24: loss = 753.92914, delta_loss = 3.2830448, learn_rate = 0.013266488
[DEBUG] 2020-08-24 18:38:03,124 -- CAMF_CU fold [5] iter 23: loss = 765.0115, delta_loss = 86.035065, learn_rate = 0.01263475
[DEBUG] 2020-08-24 18:38:03,125 -- CAMF_CU fold [4] iter 18: loss = 945.2026, delta_loss = -1.6523653, learn_rate = 0.04365749
[DEBUG] 2020-08-24 18:38:03,128 -- CAMF_CU fold [2] iter 25: loss = 753.70654, delta_loss = 0.2225772, learn_rate = 0.013929812
[DEBUG] 2020-08-24 18:38:03,129 -- CAMF_CU fold [3] iter 23: loss = 755.7242, delta_loss = 84.5262, learn_rate = 0.01263475
[DEBUG] 2020-08-24 18:38:03,131 -- CAMF_CU fold [4] iter 19: loss = 799.25867, delta_loss = 145.9439, learn_rate = 0.021828745
[DEBUG] 2020-08-24 18:38:03,133 -- CAMF_CU fold [5] iter 24: loss = 761.73004, delta_loss = 3.2814326, learn_rate = 0.013266488
[DEBUG] 2020-08-24 18:38:03,135 -- CAMF_CU fold [3] iter 24: loss = 752.5507, delta_loss = 3.1734524, learn_rate = 0.013266488
[DEBUG] 2020-08-24 18:38:03,137 -- CAMF_CU fold [4] iter 20: loss = 787.4206, delta_loss = 11.83806, learn_rate = 0.022920182
[DEBUG] 2020-08-24 18:38:03,139 -- CAMF_CU fold [5] iter 25: loss = 761.4022, delta_loss = 0.3278059, learn_rate = 0.013929812
[DEBUG] 2020-08-24 18:38:03,140 -- CAMF_CU fold [1] iter 23: loss = 737.8897, delta_loss = 82.226715, learn_rate = 0.01263475
[DEBUG] 2020-08-24 18:38:03,141 -- CAMF_CU fold [3] iter 25: loss = 752.1018, delta_loss = 0.44895342, learn_rate = 0.013929812
[DEBUG] 2020-08-24 18:38:03,141 -- CAMF_CU fold [2] iter 26: loss = 754.7053, delta_loss = -0.9987304, learn_rate = 0.014626304
[DEBUG] 2020-08-24 18:38:03,146 -- CAMF_CU fold [1] iter 24: loss = 734.3184, delta_loss = 3.5712557, learn_rate = 0.013266488
[DEBUG] 2020-08-24 18:38:03,146 -- CAMF_CU fold [3] iter 26: loss = 752.8133, delta_loss = -0.711503, learn_rate = 0.014626304
[DEBUG] 2020-08-24 18:38:03,148 -- CAMF_CU fold [2] iter 27: loss = 707.1793, delta_loss = 47.52601, learn_rate = 0.007313152
[DEBUG] 2020-08-24 18:38:03,148 -- CAMF_CU fold [4] iter 21: loss = 785.34344, delta_loss = 2.07714, learn_rate = 0.024066191
[DEBUG] 2020-08-24 18:38:03,151 -- CAMF_CU fold [1] iter 25: loss = 733.88135, delta_loss = 0.4370705, learn_rate = 0.013929812
[DEBUG] 2020-08-24 18:38:03,153 -- CAMF_CU fold [2] iter 28: loss = 706.8224, delta_loss = 0.35692587, learn_rate = 0.007678809
[DEBUG] 2020-08-24 18:38:03,154 -- CAMF_CU fold [4] iter 22: loss = 786.4433, delta_loss = -1.0998173, learn_rate = 0.0252695
[DEBUG] 2020-08-24 18:38:03,154 -- CAMF_CU fold [3] iter 27: loss = 705.1155, delta_loss = 47.697803, learn_rate = 0.007313152
[DEBUG] 2020-08-24 18:38:03,157 -- CAMF_CU fold [1] iter 26: loss = 734.68494, delta_loss = -0.8035714, learn_rate = 0.014626304
[DEBUG] 2020-08-24 18:38:03,161 -- CAMF_CU fold [4] iter 23: loss = 705.93225, delta_loss = 80.51102, learn_rate = 0.01263475
[DEBUG] 2020-08-24 18:38:03,162 -- CAMF_CU fold [3] iter 28: loss = 704.73474, delta_loss = 0.3807652, learn_rate = 0.007678809
[DEBUG] 2020-08-24 18:38:03,163 -- CAMF_CU fold [1] iter 27: loss = 688.0047, delta_loss = 46.68027, learn_rate = 0.007313152
[DEBUG] 2020-08-24 18:38:03,168 -- CAMF_CU fold [2] iter 29: loss = 707.17194, delta_loss = -0.34955153, learn_rate = 0.00806275
[DEBUG] 2020-08-24 18:38:03,168 -- CAMF_CU fold [3] iter 29: loss = 704.9757, delta_loss = -0.24098119, learn_rate = 0.00806275
[DEBUG] 2020-08-24 18:38:03,168 -- CAMF_CU fold [1] iter 28: loss = 687.5149, delta_loss = 0.48977405, learn_rate = 0.007678809
[DEBUG] 2020-08-24 18:38:03,148 -- CAMF_CU fold [5] iter 26: loss = 762.2737, delta_loss = -0.87146765, learn_rate = 0.014626304
[DEBUG] 2020-08-24 18:38:03,170 -- CAMF_CU fold [4] iter 24: loss = 703.3828, delta_loss = 2.5494337, learn_rate = 0.013266488
[DEBUG] 2020-08-24 18:38:03,173 -- CAMF_CU fold [2] iter 30: loss = 681.1888, delta_loss = 25.983156, learn_rate = 0.004031375
[DEBUG] 2020-08-24 18:38:03,173 -- CAMF_CU fold [3] iter 30: loss = 678.9307, delta_loss = 26.04499, learn_rate = 0.004031375
[DEBUG] 2020-08-24 18:38:03,174 -- CAMF_CU fold [5] iter 27: loss = 713.7715, delta_loss = 48.502213, learn_rate = 0.007313152
[DEBUG] 2020-08-24 18:38:03,178 -- CAMF_CU fold [4] iter 25: loss = 703.29956, delta_loss = 0.0832445, learn_rate = 0.013929812
[DEBUG] 2020-08-24 18:38:03,180 -- CAMF_CU fold [2] iter 31: loss = 681.30597, delta_loss = -0.11719455, learn_rate = 0.0042329435
[DEBUG] 2020-08-24 18:38:03,180 -- CAMF_CU fold [3] iter 31: loss = 679.00977, delta_loss = -0.07903549, learn_rate = 0.0042329435
[DEBUG] 2020-08-24 18:38:03,180 -- CAMF_CU fold [5] iter 28: loss = 713.3688, delta_loss = 0.40271834, learn_rate = 0.007678809
[DEBUG] 2020-08-24 18:38:03,186 -- CAMF_CU fold [4] iter 26: loss = 704.2939, delta_loss = -0.99432635, learn_rate = 0.014626304
[DEBUG] 2020-08-24 18:38:03,187 -- CAMF_CU fold [5] iter 29: loss = 713.6406, delta_loss = -0.271855, learn_rate = 0.00806275
[DEBUG] 2020-08-24 18:38:03,188 -- CAMF_CU fold [2] iter 32: loss = 667.7056, delta_loss = 13.600362, learn_rate = 0.0021164718
[DEBUG] 2020-08-24 18:38:03,189 -- CAMF_CU fold [1] iter 29: loss = 687.74194, delta_loss = -0.22704235, learn_rate = 0.00806275
[DEBUG] 2020-08-24 18:38:03,193 -- CAMF_CU fold [5] iter 30: loss = 687.14575, delta_loss = 26.494884, learn_rate = 0.004031375
[DEBUG] 2020-08-24 18:38:03,193 -- CAMF_CU fold [4] iter 27: loss = 658.9675, delta_loss = 45.326412, learn_rate = 0.007313152
[DEBUG] 2020-08-24 18:38:03,194 -- CAMF_CU fold [2] iter 33: loss = 667.8028, delta_loss = -0.0971748, learn_rate = 0.0022222954
[DEBUG] 2020-08-24 18:38:03,194 -- CAMF_CU fold [1] iter 30: loss = 662.13354, delta_loss = 25.608412, learn_rate = 0.004031375
[DEBUG] 2020-08-24 18:38:03,199 -- CAMF_CU fold [5] iter 31: loss = 687.23157, delta_loss = -0.08581768, learn_rate = 0.0042329435
[DEBUG] 2020-08-24 18:38:03,199 -- CAMF_CU fold [4] iter 28: loss = 658.78827, delta_loss = 0.17920268, learn_rate = 0.007678809
[DEBUG] 2020-08-24 18:38:03,200 -- CAMF_CU fold [1] iter 31: loss = 662.1895, delta_loss = -0.05598323, learn_rate = 0.0042329435
[DEBUG] 2020-08-24 18:38:03,200 -- CAMF_CU fold [2] iter 34: loss = 660.6985, delta_loss = 7.1042995, learn_rate = 0.0011111477
[DEBUG] 2020-08-24 18:38:03,203 -- CAMF_CU fold [3] iter 32: loss = 665.39355, delta_loss = 13.616158, learn_rate = 0.0021164718
[DEBUG] 2020-08-24 18:38:03,205 -- CAMF_CU fold [4] iter 29: loss = 659.18317, delta_loss = -0.3948903, learn_rate = 0.00806275
[DEBUG] 2020-08-24 18:38:03,205 -- CAMF_CU fold [1] iter 32: loss = 648.76184, delta_loss = 13.427696, learn_rate = 0.0021164718
[DEBUG] 2020-08-24 18:38:03,206 -- CAMF_CU fold [2] iter 35: loss = 660.76166, delta_loss = -0.06320721, learn_rate = 0.001166705
[DEBUG] 2020-08-24 18:38:03,209 -- CAMF_CU fold [3] iter 33: loss = 665.4668, delta_loss = -0.07323066, learn_rate = 0.0022222954
[DEBUG] 2020-08-24 18:38:03,211 -- CAMF_CU fold [1] iter 33: loss = 648.828, delta_loss = -0.066199385, learn_rate = 0.0022222954
[DEBUG] 2020-08-24 18:38:03,211 -- CAMF_CU fold [4] iter 30: loss = 634.47296, delta_loss = 24.710257, learn_rate = 0.004031375
[DEBUG] 2020-08-24 18:38:03,214 -- CAMF_CU fold [5] iter 32: loss = 673.3729, delta_loss = 13.8586035, learn_rate = 0.0021164718
[DEBUG] 2020-08-24 18:38:03,214 -- CAMF_CU fold [3] iter 34: loss = 658.3569, delta_loss = 7.1099663, learn_rate = 0.0011111477
[DEBUG] 2020-08-24 18:38:03,217 -- CAMF_CU fold [2] iter 36: loss = 657.0445, delta_loss = 3.7172062, learn_rate = 5.833525E-4
[DEBUG] 2020-08-24 18:38:03,217 -- CAMF_CU fold [4] iter 31: loss = 634.63043, delta_loss = -0.15752453, learn_rate = 0.0042329435
[DEBUG] 2020-08-24 18:38:03,220 -- CAMF_CU fold [5] iter 33: loss = 673.45154, delta_loss = -0.0785672, learn_rate = 0.0022222954
[DEBUG] 2020-08-24 18:38:03,221 -- CAMF_CU fold [3] iter 35: loss = 658.40625, delta_loss = -0.049401116, learn_rate = 0.001166705
[DEBUG] 2020-08-24 18:38:03,221 -- CAMF_CU fold [1] iter 34: loss = 641.80945, delta_loss = 7.0185413, learn_rate = 0.0011111477
[DEBUG] 2020-08-24 18:38:03,222 -- CAMF_CU fold [2] iter 37: loss = 657.0812, delta_loss = -0.036687154, learn_rate = 6.1252015E-4
[DEBUG] 2020-08-24 18:38:03,226 -- CAMF_CU fold [5] iter 34: loss = 666.2145, delta_loss = 7.23703, learn_rate = 0.0011111477
[DEBUG] 2020-08-24 18:38:03,226 -- CAMF_CU fold [3] iter 36: loss = 654.68665, delta_loss = 3.719597, learn_rate = 5.833525E-4
[DEBUG] 2020-08-24 18:38:03,228 -- CAMF_CU fold [1] iter 35: loss = 641.8569, delta_loss = -0.047416463, learn_rate = 0.001166705
[DEBUG] 2020-08-24 18:38:03,230 -- CAMF_CU fold [4] iter 32: loss = 621.7239, delta_loss = 12.906557, learn_rate = 0.0021164718
[DEBUG] 2020-08-24 18:38:03,232 -- CAMF_CU fold [3] iter 37: loss = 654.71576, delta_loss = -0.02910448, learn_rate = 6.1252015E-4
[DEBUG] 2020-08-24 18:38:03,233 -- CAMF_CU fold [5] iter 35: loss = 666.2674, delta_loss = -0.052933626, learn_rate = 0.001166705
[DEBUG] 2020-08-24 18:38:03,233 -- CAMF_CU fold [1] iter 36: loss = 638.1836, delta_loss = 3.6733177, learn_rate = 5.833525E-4
[DEBUG] 2020-08-24 18:38:03,238 -- CAMF_CU fold [4] iter 33: loss = 621.8343, delta_loss = -0.11036029, learn_rate = 0.0022222954
[DEBUG] 2020-08-24 18:38:03,239 -- CAMF_CU fold [5] iter 36: loss = 662.4813, delta_loss = 3.7861152, learn_rate = 5.833525E-4
[DEBUG] 2020-08-24 18:38:03,241 -- CAMF_CU fold [1] iter 37: loss = 638.2121, delta_loss = -0.028540706, learn_rate = 6.1252015E-4
[DEBUG] 2020-08-24 18:38:03,244 -- CAMF_CU fold [4] iter 34: loss = 615.09717, delta_loss = 6.737089, learn_rate = 0.0011111477
[DEBUG] 2020-08-24 18:38:03,244 -- CAMF_CU fold [5] iter 37: loss = 662.51245, delta_loss = -0.031177336, learn_rate = 6.1252015E-4
[DEBUG] 2020-08-24 18:38:03,248 -- CAMF_CU fold [1] iter 38: loss = 636.2871, delta_loss = 1.9249806, learn_rate = 3.0626007E-4
[DEBUG] 2020-08-24 18:38:03,248 -- CAMF_CU fold [3] iter 38: loss = 652.7669, delta_loss = 1.9488466, learn_rate = 3.0626007E-4
[DEBUG] 2020-08-24 18:38:03,250 -- CAMF_CU fold [4] iter 35: loss = 615.16486, delta_loss = -0.06766998, learn_rate = 0.001166705
[DEBUG] 2020-08-24 18:38:03,251 -- CAMF_CU fold [2] iter 38: loss = 655.1334, delta_loss = 1.9477373, learn_rate = 3.0626007E-4
[DEBUG] 2020-08-24 18:38:03,254 -- CAMF_CU fold [3] iter 39: loss = 652.7831, delta_loss = -0.016165754, learn_rate = 3.2157308E-4
[DEBUG] 2020-08-24 18:38:03,257 -- CAMF_CU fold [4] iter 36: loss = 611.64087, delta_loss = 3.523967, learn_rate = 5.833525E-4
[DEBUG] 2020-08-24 18:38:03,259 -- CAMF_CU fold [2] iter 39: loss = 655.1537, delta_loss = -0.020236772, learn_rate = 3.2157308E-4
[DEBUG] 2020-08-24 18:38:03,260 -- CAMF_CU fold [5] iter 38: loss = 660.52875, delta_loss = 1.9837036, learn_rate = 3.0626007E-4
[DEBUG] 2020-08-24 18:38:03,262 -- CAMF_CU fold [3] iter 40: loss = 651.76105, delta_loss = 1.0220144, learn_rate = 1.6078654E-4
[DEBUG] 2020-08-24 18:38:03,264 -- CAMF_CU fold [1] iter 39: loss = 636.30316, delta_loss = -0.016000876, learn_rate = 3.2157308E-4
[DEBUG] 2020-08-24 18:38:03,267 -- CAMF_CU fold [2] iter 40: loss = 654.1322, delta_loss = 1.0214702, learn_rate = 1.6078654E-4
[DEBUG] 2020-08-24 18:38:03,268 -- CAMF_CU fold [5] iter 39: loss = 660.5461, delta_loss = -0.017315641, learn_rate = 3.2157308E-4
[DEBUG] 2020-08-24 18:38:03,270 -- CAMF_CU fold [3] iter 41: loss = 651.7698, delta_loss = -0.008732421, learn_rate = 1.6882586E-4
[DEBUG] 2020-08-24 18:38:03,271 -- CAMF_CU fold [1] iter 40: loss = 635.2935, delta_loss = 1.0095977, learn_rate = 1.6078654E-4
[DEBUG] 2020-08-24 18:38:03,275 -- CAMF_CU fold [5] iter 40: loss = 659.5058, delta_loss = 1.040295, learn_rate = 1.6078654E-4
[DEBUG] 2020-08-24 18:38:03,275 -- CAMF_CU fold [2] iter 41: loss = 654.14307, delta_loss = -0.0108941775, learn_rate = 1.6882586E-4
[DEBUG] 2020-08-24 18:38:03,279 -- CAMF_CU fold [1] iter 41: loss = 635.30225, delta_loss = -0.008681786, learn_rate = 1.6882586E-4
[DEBUG] 2020-08-24 18:38:03,280 -- CAMF_CU fold [4] iter 37: loss = 611.6792, delta_loss = -0.038356174, learn_rate = 6.1252015E-4
[DEBUG] 2020-08-24 18:38:03,280 -- CAMF_CU fold [3] iter 42: loss = 651.2336, delta_loss = 0.5362399, learn_rate = 8.441293E-5
[DEBUG] 2020-08-24 18:38:03,283 -- CAMF_CU fold [5] iter 41: loss = 659.51514, delta_loss = -0.009353253, learn_rate = 1.6882586E-4
[DEBUG] 2020-08-24 18:38:03,287 -- CAMF_CU fold [1] iter 42: loss = 634.77246, delta_loss = 0.52975154, learn_rate = 8.441293E-5
[DEBUG] 2020-08-24 18:38:03,288 -- CAMF_CU fold [4] iter 38: loss = 609.833, delta_loss = 1.8462043, learn_rate = 3.0626007E-4
[DEBUG] 2020-08-24 18:38:03,288 -- CAMF_CU fold [3] iter 43: loss = 651.2382, delta_loss = -0.004652296, learn_rate = 8.8633584E-5
[DEBUG] 2020-08-24 18:38:03,290 -- CAMF_CU fold [2] iter 42: loss = 653.6071, delta_loss = 0.53596455, learn_rate = 8.441293E-5
[DEBUG] 2020-08-24 18:38:03,295 -- CAMF_CU fold [1] iter 43: loss = 634.7771, delta_loss = -0.004635577, learn_rate = 8.8633584E-5
[DEBUG] 2020-08-24 18:38:03,296 -- CAMF_CU fold [4] iter 39: loss = 609.85394, delta_loss = -0.020929612, learn_rate = 3.2157308E-4
[DEBUG] 2020-08-24 18:38:03,297 -- CAMF_CU fold [2] iter 43: loss = 653.6129, delta_loss = -0.0057939063, learn_rate = 8.8633584E-5
[DEBUG] 2020-08-24 18:38:03,297 -- CAMF_CU fold [3] iter 44: loss = 650.9568, delta_loss = 0.28143755, learn_rate = 4.4316792E-5
[DEBUG] 2020-08-24 18:38:03,301 -- CAMF_CU fold [5] iter 42: loss = 658.9693, delta_loss = 0.54583174, learn_rate = 8.441293E-5
[DEBUG] 2020-08-24 18:38:03,304 -- CAMF_CU fold [4] iter 40: loss = 608.8858, delta_loss = 0.96814823, learn_rate = 1.6078654E-4
[DEBUG] 2020-08-24 18:38:03,305 -- CAMF_CU fold [2] iter 44: loss = 653.3316, delta_loss = 0.28129578, learn_rate = 4.4316792E-5
[DEBUG] 2020-08-24 18:38:03,305 -- CAMF_CU fold [3] iter 45: loss = 650.9592, delta_loss = -0.002461153, learn_rate = 4.653263E-5
[DEBUG] 2020-08-24 18:38:03,312 -- CAMF_CU fold [2] iter 45: loss = 653.33466, delta_loss = -0.003062333, learn_rate = 4.653263E-5
[DEBUG] 2020-08-24 18:38:03,317 -- CAMF_CU fold [5] iter 43: loss = 658.9743, delta_loss = -0.0049829753, learn_rate = 8.8633584E-5
[DEBUG] 2020-08-24 18:38:03,320 -- CAMF_CU fold [3] iter 46: loss = 650.8115, delta_loss = 0.14773022, learn_rate = 2.3266315E-5
[DEBUG] 2020-08-24 18:38:03,324 -- CAMF_CU fold [1] iter 44: loss = 634.4991, delta_loss = 0.2780394, learn_rate = 4.4316792E-5
[DEBUG] 2020-08-24 18:38:03,328 -- CAMF_CU fold [5] iter 44: loss = 658.6878, delta_loss = 0.2864717, learn_rate = 4.4316792E-5
[DEBUG] 2020-08-24 18:38:03,331 -- CAMF_CU fold [4] iter 41: loss = 608.89703, delta_loss = -0.011207812, learn_rate = 1.6882586E-4
[DEBUG] 2020-08-24 18:38:03,333 -- CAMF_CU fold [2] iter 46: loss = 653.187, delta_loss = 0.14765656, learn_rate = 2.3266315E-5
[DEBUG] 2020-08-24 18:38:03,337 -- CAMF_CU fold [5] iter 45: loss = 658.6904, delta_loss = -0.002636069, learn_rate = 4.653263E-5
[DEBUG] 2020-08-24 18:38:03,338 -- CAMF_CU fold [1] iter 45: loss = 634.5015, delta_loss = -0.0024550885, learn_rate = 4.653263E-5
[DEBUG] 2020-08-24 18:38:03,339 -- CAMF_CU fold [4] iter 42: loss = 608.38904, delta_loss = 0.5079665, learn_rate = 8.441293E-5
[DEBUG] 2020-08-24 18:38:03,341 -- CAMF_CU fold [2] iter 47: loss = 653.18866, delta_loss = -0.0016133849, learn_rate = 2.4429632E-5
[DEBUG] 2020-08-24 18:38:03,348 -- CAMF_CU fold [1] iter 46: loss = 634.3556, delta_loss = 0.14594844, learn_rate = 2.3266315E-5
[DEBUG] 2020-08-24 18:38:03,348 -- CAMF_CU fold [3] iter 47: loss = 650.8128, delta_loss = -0.001297261, learn_rate = 2.4429632E-5
[DEBUG] 2020-08-24 18:38:03,348 -- CAMF_CU fold [4] iter 43: loss = 608.395, delta_loss = -0.0059448234, learn_rate = 8.8633584E-5
[DEBUG] 2020-08-24 18:38:03,350 -- CAMF_CU fold [5] iter 46: loss = 658.5401, delta_loss = 0.15037271, learn_rate = 2.3266315E-5
[DEBUG] 2020-08-24 18:38:03,353 -- CAMF_CU fold [4] iter 44: loss = 608.1284, delta_loss = 0.26659584, learn_rate = 4.4316792E-5
[DEBUG] 2020-08-24 18:38:03,353 -- CAMF_CU fold [3] iter 48: loss = 650.7352, delta_loss = 0.077551596, learn_rate = 1.2214816E-5
[DEBUG] 2020-08-24 18:38:03,356 -- CAMF_CU fold [2] iter 48: loss = 653.11115, delta_loss = 0.077513136, learn_rate = 1.2214816E-5
[DEBUG] 2020-08-24 18:38:03,359 -- CAMF_CU fold [5] iter 47: loss = 658.5415, delta_loss = -0.0013894531, learn_rate = 2.4429632E-5
[DEBUG] 2020-08-24 18:38:03,359 -- CAMF_CU fold [4] iter 45: loss = 608.13153, delta_loss = -0.0031377878, learn_rate = 4.653263E-5
[DEBUG] 2020-08-24 18:38:03,361 -- CAMF_CU fold [3] iter 49: loss = 650.7359, delta_loss = -6.8248337E-4, learn_rate = 1.2825556E-5
[DEBUG] 2020-08-24 18:38:03,362 -- CAMF_CU fold [2] iter 49: loss = 653.112, delta_loss = -8.485873E-4, learn_rate = 1.2825556E-5
[DEBUG] 2020-08-24 18:38:03,364 -- CAMF_CU fold [5] iter 48: loss = 658.4625, delta_loss = 0.07893879, learn_rate = 1.2214816E-5
[DEBUG] 2020-08-24 18:38:03,353 -- CAMF_CU fold [1] iter 47: loss = 634.3569, delta_loss = -0.0012948241, learn_rate = 2.4429632E-5
[DEBUG] 2020-08-24 18:38:03,368 -- CAMF_CU fold [3] iter 50: loss = 650.6952, delta_loss = 0.04071272, learn_rate = 6.412778E-6
[DEBUG] 2020-08-24 18:38:03,368 -- CAMF_CU fold [2] iter 50: loss = 653.0713, delta_loss = 0.040692586, learn_rate = 6.412778E-6
[DEBUG] 2020-08-24 18:38:03,370 -- CAMF_CU fold [5] iter 49: loss = 658.46326, delta_loss = -7.309838E-4, learn_rate = 1.2825556E-5
[DEBUG] 2020-08-24 18:38:03,373 -- CAMF_CU fold [3] iter 51: loss = 650.69556, delta_loss = -3.5869557E-4, learn_rate = 6.733417E-6
[DEBUG] 2020-08-24 18:38:03,374 -- CAMF_CU fold [4] iter 46: loss = 607.9916, delta_loss = 0.13993883, learn_rate = 2.3266315E-5
[DEBUG] 2020-08-24 18:38:03,376 -- CAMF_CU fold [5] iter 50: loss = 658.4218, delta_loss = 0.041440964, learn_rate = 6.412778E-6
[DEBUG] 2020-08-24 18:38:03,378 -- CAMF_CU fold [1] iter 48: loss = 634.2803, delta_loss = 0.07661678, learn_rate = 1.2214816E-5
[DEBUG] 2020-08-24 18:38:03,378 -- CAMF_CU fold [2] iter 51: loss = 653.0717, delta_loss = -4.4593835E-4, learn_rate = 6.733417E-6
[DEBUG] 2020-08-24 18:38:03,381 -- CAMF_CU fold [5] iter 51: loss = 658.42224, delta_loss = -3.8418575E-4, learn_rate = 6.733417E-6
[DEBUG] 2020-08-24 18:38:03,382 -- CAMF_CU fold [4] iter 47: loss = 607.9932, delta_loss = -0.0016519594, learn_rate = 2.4429632E-5
[DEBUG] 2020-08-24 18:38:03,384 -- CAMF_CU fold [2] iter 52: loss = 653.05035, delta_loss = 0.021363107, learn_rate = 3.3667086E-6
[DEBUG] 2020-08-24 18:38:03,384 -- CAMF_CU fold [1] iter 49: loss = 634.28094, delta_loss = -6.8140967E-4, learn_rate = 1.2825556E-5
[DEBUG] 2020-08-24 18:38:03,388 -- CAMF_CU fold [4] iter 48: loss = 607.9198, delta_loss = 0.07346126, learn_rate = 1.2214816E-5
[DEBUG] 2020-08-24 18:38:03,389 -- CAMF_CU fold [2] iter 53: loss = 653.0506, delta_loss = -2.3423617E-4, learn_rate = 3.535044E-6
[DEBUG] 2020-08-24 18:38:03,390 -- CAMF_CU fold [1] iter 50: loss = 634.2407, delta_loss = 0.040222112, learn_rate = 6.412778E-6
[DEBUG] 2020-08-24 18:38:03,395 -- CAMF_CU fold [2] iter 54: loss = 653.03937, delta_loss = 0.011215494, learn_rate = 1.767522E-6
[DEBUG] 2020-08-24 18:38:03,398 -- CAMF_CU fold [4] iter 49: loss = 607.92065, delta_loss = -8.685526E-4, learn_rate = 1.2825556E-5
[DEBUG] 2020-08-24 18:38:03,401 -- CAMF_CU fold [2] iter 55: loss = 653.0395, delta_loss = -1.2300666E-4, learn_rate = 1.8558981E-6
[DEBUG] 2020-08-24 18:38:03,403 -- CAMF_CU fold [1] iter 51: loss = 634.2411, delta_loss = -3.5818855E-4, learn_rate = 6.733417E-6
[DEBUG] 2020-08-24 18:38:03,403 -- CAMF_CU fold [4] iter 50: loss = 607.8821, delta_loss = 0.03856533, learn_rate = 6.412778E-6
[DEBUG] 2020-08-24 18:38:03,404 -- CAMF_CU fold [3] iter 52: loss = 650.6742, delta_loss = 0.021373663, learn_rate = 3.3667086E-6
[DEBUG] 2020-08-24 18:38:03,407 -- CAMF_CU fold [2] iter 56: loss = 653.0336, delta_loss = 0.0058880965, learn_rate = 9.2794903E-7
[DEBUG] 2020-08-24 18:38:03,409 -- CAMF_CU fold [1] iter 52: loss = 634.22, delta_loss = 0.021116141, learn_rate = 3.3667086E-6
[DEBUG] 2020-08-24 18:38:03,409 -- CAMF_CU fold [4] iter 51: loss = 607.88257, delta_loss = -4.563413E-4, learn_rate = 6.733417E-6
[DEBUG] 2020-08-24 18:38:03,410 -- CAMF_CU fold [3] iter 53: loss = 650.6744, delta_loss = -1.8842318E-4, learn_rate = 3.535044E-6
[DEBUG] 2020-08-24 18:38:03,414 -- CAMF_CU fold [5] iter 52: loss = 658.40045, delta_loss = 0.02175598, learn_rate = 3.3667086E-6
[DEBUG] 2020-08-24 18:38:03,414 -- CAMF_CU fold [1] iter 53: loss = 634.22015, delta_loss = -1.881726E-4, learn_rate = 3.535044E-6
[DEBUG] 2020-08-24 18:38:03,415 -- CAMF_CU fold [3] iter 54: loss = 650.66315, delta_loss = 0.011221031, learn_rate = 1.767522E-6
[DEBUG] 2020-08-24 18:38:03,420 -- CAMF_CU fold [2] iter 57: loss = 653.0337, delta_loss = -6.458751E-5, learn_rate = 9.743464E-7
[DEBUG] 2020-08-24 18:38:03,420 -- CAMF_CU fold [5] iter 53: loss = 658.40063, delta_loss = -2.0181309E-4, learn_rate = 3.535044E-6
[DEBUG] 2020-08-24 18:38:03,422 -- CAMF_CU fold [4] iter 52: loss = 607.8623, delta_loss = 0.020246295, learn_rate = 3.3667086E-6
[DEBUG] 2020-08-24 18:38:03,424 -- CAMF_CU fold [3] iter 55: loss = 650.66327, delta_loss = -9.895194E-5, learn_rate = 1.8558981E-6
[DEBUG] 2020-08-24 18:38:03,425 -- CAMF_CU fold [5] iter 54: loss = 658.3892, delta_loss = 0.011421746, learn_rate = 1.767522E-6
[DEBUG] 2020-08-24 18:38:03,425 -- CAMF_CU fold [2] iter 58: loss = 653.0306, delta_loss = 0.00309124, learn_rate = 4.871732E-7
[DEBUG] 2020-08-24 18:38:03,428 -- CAMF_CU fold [4] iter 53: loss = 607.86255, delta_loss = -2.3967598E-4, learn_rate = 3.535044E-6
[DEBUG] 2020-08-24 18:38:03,430 -- CAMF_CU fold [3] iter 56: loss = 650.65735, delta_loss = 0.005891002, learn_rate = 9.2794903E-7
[DEBUG] 2020-08-24 18:38:03,431 -- CAMF_CU fold [5] iter 55: loss = 658.38934, delta_loss = -1.0598373E-4, learn_rate = 1.8558981E-6
[DEBUG] 2020-08-24 18:38:03,432 -- CAMF_CU fold [2] iter 59: loss = 653.03064, delta_loss = -3.3910925E-5, learn_rate = 5.115319E-7
[DEBUG] 2020-08-24 18:38:03,434 -- CAMF_CU fold [4] iter 54: loss = 607.8519, delta_loss = 0.010629166, learn_rate = 1.767522E-6
[DEBUG] 2020-08-24 18:38:03,435 -- CAMF_CU fold [3] iter 57: loss = 650.6574, delta_loss = -5.195797E-5, learn_rate = 9.743464E-7
[DEBUG] 2020-08-24 18:38:03,436 -- CAMF_CU fold [5] iter 56: loss = 658.38336, delta_loss = 0.0059963763, learn_rate = 9.2794903E-7
[DEBUG] 2020-08-24 18:38:03,438 -- CAMF_CU fold [2] iter 60: loss = 653.029, delta_loss = 0.0016228982, learn_rate = 2.5576594E-7
[DEBUG] 2020-08-24 18:38:03,440 -- CAMF_CU fold [4] iter 55: loss = 607.85205, delta_loss = -1.2585658E-4, learn_rate = 1.8558981E-6
[DEBUG] 2020-08-24 18:38:03,442 -- CAMF_CU fold [1] iter 54: loss = 634.20905, delta_loss = 0.011085845, learn_rate = 1.767522E-6
[DEBUG] 2020-08-24 18:38:03,445 -- CAMF_CU fold [2] iter 61: loss = 653.029, delta_loss = -1.7803912E-5, learn_rate = 2.6855426E-7
[DEBUG] 2020-08-24 18:38:03,446 -- CAMF_CU fold [4] iter 56: loss = 607.84644, delta_loss = 0.0055802735, learn_rate = 9.2794903E-7
[DEBUG] 2020-08-24 18:38:03,448 -- CAMF_CU fold [1] iter 55: loss = 634.20917, delta_loss = -9.8824705E-5, learn_rate = 1.8558981E-6
[DEBUG] 2020-08-24 18:38:03,448 -- CAMF_CU fold [3] iter 58: loss = 650.65436, delta_loss = 0.0030927653, learn_rate = 4.871732E-7
[DEBUG] 2020-08-24 18:38:03,451 -- CAMF_CU fold [2] iter 62: loss = 653.02814, delta_loss = 8.5202075E-4, learn_rate = 1.3427713E-7
[DEBUG] 2020-08-24 18:38:03,452 -- CAMF_CU fold [4] iter 57: loss = 607.8465, delta_loss = -6.608206E-5, learn_rate = 9.743464E-7
[DEBUG] 2020-08-24 18:38:03,453 -- CAMF_CU fold [5] iter 57: loss = 658.3834, delta_loss = -5.565024E-5, learn_rate = 9.743464E-7
[DEBUG] 2020-08-24 18:38:03,453 -- CAMF_CU fold [1] iter 56: loss = 634.2033, delta_loss = 0.005820033, learn_rate = 9.2794903E-7
[DEBUG] 2020-08-24 18:38:03,454 -- CAMF_CU fold [3] iter 59: loss = 650.65436, delta_loss = -2.7280192E-5, learn_rate = 5.115319E-7
[DEBUG] 2020-08-24 18:38:03,460 -- CAMF_CU fold [2] iter 63: loss = 653.0282, delta_loss = -9.347259E-6, learn_rate = 1.4099098E-7
[DEBUG] 2020-08-24 18:38:03,462 -- CAMF_CU fold [1] iter 57: loss = 634.20337, delta_loss = -5.189236E-5, learn_rate = 9.743464E-7
[DEBUG] 2020-08-24 18:38:03,463 -- CAMF_CU fold [3] iter 60: loss = 650.6527, delta_loss = 0.0016236987, learn_rate = 2.5576594E-7
[DEBUG] 2020-08-24 18:38:03,464 -- CAMF_CU fold [5] iter 58: loss = 658.38025, delta_loss = 0.0031480866, learn_rate = 4.871732E-7
[DEBUG] 2020-08-24 18:38:03,466 -- CAMF_CU fold [2] iter 64: loss = 653.0277, delta_loss = 4.4731068E-4, learn_rate = 7.049549E-8
[DEBUG] 2020-08-24 18:38:03,469 -- CAMF_CU fold [1] iter 58: loss = 634.2003, delta_loss = 0.0030555076, learn_rate = 4.871732E-7
[DEBUG] 2020-08-24 18:38:03,469 -- CAMF_CU fold [3] iter 61: loss = 650.6528, delta_loss = -1.4322725E-5, learn_rate = 2.6855426E-7
[DEBUG] 2020-08-24 18:38:03,470 -- CAMF_CU fold [5] iter 59: loss = 658.3803, delta_loss = -2.92188E-5, learn_rate = 5.115319E-7
[DEBUG] 2020-08-24 18:38:03,472 -- CAMF_CU fold [2] iter 65: loss = 653.0277, delta_loss = -4.9073547E-6, learn_rate = 7.4020264E-8
[DEBUG] 2020-08-24 18:38:03,474 -- CAMF_CU fold [3] iter 62: loss = 650.6519, delta_loss = 8.5244107E-4, learn_rate = 1.3427713E-7
[DEBUG] 2020-08-24 18:38:03,476 -- CAMF_CU fold [5] iter 60: loss = 658.3786, delta_loss = 0.0016527425, learn_rate = 2.5576594E-7
[DEBUG] 2020-08-24 18:38:03,478 -- CAMF_CU fold [2] iter 66: loss = 653.0275, delta_loss = 2.3483804E-4, learn_rate = 3.7010132E-8
[DEBUG] 2020-08-24 18:38:03,480 -- CAMF_CU fold [3] iter 63: loss = 650.6519, delta_loss = -7.5196112E-6, learn_rate = 1.4099098E-7
[DEBUG] 2020-08-24 18:38:03,480 -- CAMF_CU fold [4] iter 58: loss = 607.84357, delta_loss = 0.002929633, learn_rate = 4.871732E-7
[DEBUG] 2020-08-24 18:38:03,481 -- CAMF_CU fold [1] iter 59: loss = 634.2004, delta_loss = -2.7246073E-5, learn_rate = 5.115319E-7
[DEBUG] 2020-08-24 18:38:03,482 -- CAMF_CU fold [5] iter 61: loss = 658.37866, delta_loss = -1.534053E-5, learn_rate = 2.6855426E-7
[DEBUG] 2020-08-24 18:38:03,484 -- CAMF_CU fold [2] iter 67: loss = 653.0275, delta_loss = -2.5763657E-6, learn_rate = 3.886064E-8
[DEBUG] 2020-08-24 18:38:03,486 -- CAMF_CU fold [4] iter 59: loss = 607.8436, delta_loss = -3.4695102E-5, learn_rate = 5.115319E-7
[DEBUG] 2020-08-24 18:38:03,488 -- CAMF_CU fold [5] iter 62: loss = 658.3778, delta_loss = 8.6768897E-4, learn_rate = 1.3427713E-7
[DEBUG] 2020-08-24 18:38:03,488 -- CAMF_CU fold [1] iter 60: loss = 634.1987, delta_loss = 0.0016041388, learn_rate = 2.5576594E-7
[DEBUG] 2020-08-24 18:38:03,493 -- CAMF_CU fold [2] iter 68: loss = 653.0274, delta_loss = 1.2328995E-4, learn_rate = 1.943032E-8
[DEBUG] 2020-08-24 18:38:03,493 -- CAMF_CU fold [4] iter 60: loss = 607.8421, delta_loss = 0.0015380544, learn_rate = 2.5576594E-7
[DEBUG] 2020-08-24 18:38:03,495 -- CAMF_CU fold [1] iter 61: loss = 634.1988, delta_loss = -1.43048965E-5, learn_rate = 2.6855426E-7
[DEBUG] 2020-08-24 18:38:03,495 -- CAMF_CU fold [3] iter 64: loss = 650.6515, delta_loss = 4.4753132E-4, learn_rate = 7.049549E-8
[DEBUG] 2020-08-24 18:38:03,499 -- CAMF_CU fold [2] iter 69: loss = 653.0274, delta_loss = -1.3526013E-6, learn_rate = 2.0401835E-8
[DEBUG] 2020-08-24 18:38:03,499 -- CAMF_CU fold [4] iter 61: loss = 607.8421, delta_loss = -1.8215504E-5, learn_rate = 2.6855426E-7
[DEBUG] 2020-08-24 18:38:03,500 -- CAMF_CU fold [1] iter 62: loss = 634.19794, delta_loss = 8.4217207E-4, learn_rate = 1.3427713E-7
[DEBUG] 2020-08-24 18:38:03,501 -- CAMF_CU fold [3] iter 65: loss = 650.6515, delta_loss = -3.9478364E-6, learn_rate = 7.4020264E-8
[DEBUG] 2020-08-24 18:38:03,504 -- CAMF_CU fold [2] iter 70: loss = 653.02734, delta_loss = 6.472722E-5, learn_rate = 1.0200917E-8
[DEBUG] 2020-08-24 18:38:03,505 -- CAMF_CU fold [4] iter 62: loss = 607.8413, delta_loss = 8.074778E-4, learn_rate = 1.3427713E-7
[DEBUG] 2020-08-24 18:38:03,506 -- CAMF_CU fold [1] iter 63: loss = 634.19794, delta_loss = -7.5102694E-6, learn_rate = 1.4099098E-7
[DEBUG] 2020-08-24 18:38:03,507 -- CAMF_CU fold [3] iter 66: loss = 650.65125, delta_loss = 2.349539E-4, learn_rate = 3.7010132E-8
[DEBUG] 2020-08-24 18:38:03,510 -- CAMF_CU fold [2] iter 71: loss = 653.02734, delta_loss = -7.1011164E-7, learn_rate = 1.0710964E-8
[DEBUG] 2020-08-24 18:38:03,512 -- CAMF_CU fold [1] iter 64: loss = 634.1975, delta_loss = 4.4214015E-4, learn_rate = 7.049549E-8
[DEBUG] 2020-08-24 18:38:03,512 -- CAMF_CU fold [3] iter 67: loss = 650.65125, delta_loss = -2.0726352E-6, learn_rate = 3.886064E-8
[DEBUG] 2020-08-24 18:38:03,515 -- CAMF_CU fold [5] iter 63: loss = 658.3778, delta_loss = -8.053962E-6, learn_rate = 1.4099098E-7
[DEBUG] 2020-08-24 18:38:03,515 -- CAMF_CU fold [2] iter 72: loss = 653.0273, delta_loss = 3.3981793E-5, learn_rate = 5.355482E-9
[DEBUG] 2020-08-24 18:38:03,518 -- CAMF_CU fold [4] iter 63: loss = 607.8413, delta_loss = -9.56329E-6, learn_rate = 1.4099098E-7
[DEBUG] 2020-08-24 18:38:03,518 -- CAMF_CU fold [3] iter 68: loss = 650.6511, delta_loss = 1.2335078E-4, learn_rate = 1.943032E-8
[DEBUG] 2020-08-24 18:38:03,521 -- CAMF_CU fold [2] iter 73: loss = 653.0273, delta_loss = -3.7282246E-7, learn_rate = 5.623256E-9
[DEBUG] 2020-08-24 18:38:03,522 -- CAMF_CU fold [5] iter 64: loss = 658.3773, delta_loss = 4.5553647E-4, learn_rate = 7.049549E-8
[DEBUG] 2020-08-24 18:38:03,523 -- CAMF_CU fold [4] iter 64: loss = 607.8409, delta_loss = 4.239256E-4, learn_rate = 7.049549E-8
[DEBUG] 2020-08-24 18:38:03,527 -- CAMF_CU fold [1] iter 65: loss = 634.1975, delta_loss = -3.9429397E-6, learn_rate = 7.4020264E-8
[DEBUG] 2020-08-24 18:38:03,528 -- CAMF_CU fold [5] iter 65: loss = 658.3773, delta_loss = -4.228389E-6, learn_rate = 7.4020264E-8
[DEBUG] 2020-08-24 18:38:03,530 -- CAMF_CU fold [4] iter 65: loss = 607.8409, delta_loss = -5.0207686E-6, learn_rate = 7.4020264E-8
[DEBUG] 2020-08-24 18:38:03,532 -- CAMF_CU fold [1] iter 66: loss = 634.19727, delta_loss = 2.3212351E-4, learn_rate = 3.7010132E-8
[DEBUG] 2020-08-24 18:38:03,533 -- CAMF_CU fold [5] iter 66: loss = 658.3771, delta_loss = 2.391566E-4, learn_rate = 3.7010132E-8
[DEBUG] 2020-08-24 18:38:03,534 -- CAMF_CU fold [3] iter 69: loss = 650.6511, delta_loss = -1.0881317E-6, learn_rate = 2.0401835E-8
[DEBUG] 2020-08-24 18:38:03,536 -- CAMF_CU fold [4] iter 66: loss = 607.8407, delta_loss = 2.2256089E-4, learn_rate = 3.7010132E-8
[DEBUG] 2020-08-24 18:38:03,538 -- CAMF_CU fold [1] iter 67: loss = 634.19727, delta_loss = -2.0700668E-6, learn_rate = 3.886064E-8
[DEBUG] 2020-08-24 18:38:03,539 -- CAMF_CU fold [5] iter 67: loss = 658.3771, delta_loss = -2.219921E-6, learn_rate = 3.886064E-8
[DEBUG] 2020-08-24 18:38:03,539 -- CAMF_CU fold [3] iter 70: loss = 650.65106, delta_loss = 6.4759144E-5, learn_rate = 1.0200917E-8
[DEBUG] 2020-08-24 18:38:03,542 -- CAMF_CU fold [4] iter 67: loss = 607.8407, delta_loss = -2.6359098E-6, learn_rate = 3.886064E-8
[DEBUG] 2020-08-24 18:38:03,544 -- CAMF_CU fold [1] iter 68: loss = 634.19714, delta_loss = 1.2186484E-4, learn_rate = 1.943032E-8
[DEBUG] 2020-08-24 18:38:03,545 -- CAMF_CU fold [5] iter 68: loss = 658.37695, delta_loss = 1.255572E-4, learn_rate = 1.943032E-8
[DEBUG] 2020-08-24 18:38:03,545 -- CAMF_CU fold [3] iter 71: loss = 650.65106, delta_loss = -5.712651E-7, learn_rate = 1.0710964E-8
[DEBUG] 2020-08-24 18:38:03,548 -- CAMF_CU fold [2] iter 74: loss = 653.0273, delta_loss = 1.7840444E-5, learn_rate = 2.811628E-9
[DEBUG] 2020-08-24 18:38:03,548 -- CAMF_CU fold [4] iter 68: loss = 607.8406, delta_loss = 1.1684445E-4, learn_rate = 1.943032E-8
[DEBUG] 2020-08-24 18:38:03,549 -- CAMF_CU fold [1] iter 69: loss = 634.19714, delta_loss = -1.0867888E-6, learn_rate = 2.0401835E-8
[DEBUG] 2020-08-24 18:38:03,550 -- CAMF_CU fold [3] iter 72: loss = 650.651, delta_loss = 3.399855E-5, learn_rate = 5.355482E-9
[DEBUG] 2020-08-24 18:38:03,554 -- CAMF_CU fold [2] iter 75: loss = 653.0273, delta_loss = -1.9571178E-7, learn_rate = 2.9522094E-9
[DEBUG] 2020-08-24 18:38:03,555 -- CAMF_CU fold [1] iter 70: loss = 634.1971, delta_loss = 6.397904E-5, learn_rate = 1.0200917E-8
[DEBUG] 2020-08-24 18:38:03,556 -- CAMF_CU fold [3] iter 73: loss = 650.651, delta_loss = -2.9991918E-7, learn_rate = 5.623256E-9
[DEBUG] 2020-08-24 18:38:03,557 -- CAMF_CU fold [5] iter 69: loss = 658.37695, delta_loss = -1.1654549E-6, learn_rate = 2.0401835E-8
[DEBUG] 2020-08-24 18:38:03,561 -- CAMF_CU fold [2] iter 76: loss = 653.0273, delta_loss = 9.366217E-6, learn_rate = 1.4761047E-9
[DEBUG] 2020-08-24 18:38:03,561 -- CAMF_CU fold [4] iter 69: loss = 607.8406, delta_loss = -1.3838694E-6, learn_rate = 2.0401835E-8
[DEBUG] 2020-08-24 18:38:03,562 -- CAMF_CU fold [3] iter 74: loss = 650.651, delta_loss = 1.7849245E-5, learn_rate = 2.811628E-9
[DEBUG] 2020-08-24 18:38:03,563 -- CAMF_CU fold [5] iter 70: loss = 658.3769, delta_loss = 6.5917506E-5, learn_rate = 1.0200917E-8
[DEBUG] 2020-08-24 18:38:03,567 -- CAMF_CU fold [2] iter 77: loss = 653.0273, delta_loss = -1.0275903E-7, learn_rate = 1.5499099E-9
[DEBUG] 2020-08-24 18:38:03,567 -- CAMF_CU fold [4] iter 70: loss = 607.8405, delta_loss = 6.134335E-5, learn_rate = 1.0200917E-8
[DEBUG] 2020-08-24 18:38:03,569 -- CAMF_CU fold [5] iter 71: loss = 658.3769, delta_loss = -6.118602E-7, learn_rate = 1.0710964E-8
[DEBUG] 2020-08-24 18:38:03,570 -- CAMF_CU fold [3] iter 75: loss = 650.651, delta_loss = -1.5747173E-7, learn_rate = 2.9522094E-9
[DEBUG] 2020-08-24 18:38:03,573 -- CAMF_CU fold [4] iter 71: loss = 607.8405, delta_loss = -7.2653654E-7, learn_rate = 1.0710964E-8
[DEBUG] 2020-08-24 18:38:03,573 -- CAMF_CU fold [2] iter 78: loss = 653.0272, delta_loss = 4.9172813E-6, learn_rate = 7.7495493E-10
[DEBUG] 2020-08-24 18:38:03,574 -- CAMF_CU fold [5] iter 72: loss = 658.3769, delta_loss = 3.460669E-5, learn_rate = 5.355482E-9
[DEBUG] 2020-08-24 18:38:03,575 -- CAMF_CU fold [3] iter 76: loss = 650.651, delta_loss = 9.370859E-6, learn_rate = 1.4761047E-9
[DEBUG] 2020-08-24 18:38:03,578 -- CAMF_CU fold [4] iter 72: loss = 607.84045, delta_loss = 3.2205244E-5, learn_rate = 5.355482E-9
[DEBUG] 2020-08-24 18:38:03,580 -- CAMF_CU fold [5] iter 73: loss = 658.3769, delta_loss = -3.212224E-7, learn_rate = 5.623256E-9
[DEBUG] 2020-08-24 18:38:03,581 -- CAMF_CU fold [1] iter 71: loss = 634.1971, delta_loss = -5.705682E-7, learn_rate = 1.0710964E-8
[DEBUG] 2020-08-24 18:38:03,582 -- CAMF_CU fold [3] iter 77: loss = 650.651, delta_loss = -8.2663064E-8, learn_rate = 1.5499099E-9
[DEBUG] 2020-08-24 18:38:03,584 -- CAMF_CU fold [4] iter 73: loss = 607.84045, delta_loss = -3.814248E-7, learn_rate = 5.623256E-9
[DEBUG] 2020-08-24 18:38:03,585 -- CAMF_CU fold [2] iter 79: loss = 653.0272, delta_loss = -5.3961003E-8, learn_rate = 8.137027E-10
[DEBUG] 2020-08-24 18:38:03,587 -- CAMF_CU fold [1] iter 72: loss = 634.197, delta_loss = 3.3588985E-5, learn_rate = 5.355482E-9
[DEBUG] 2020-08-24 18:38:03,587 -- CAMF_CU fold [3] iter 78: loss = 650.651, delta_loss = 4.9197033E-6, learn_rate = 7.7495493E-10
[DEBUG] 2020-08-24 18:38:03,589 -- CAMF_CU fold [4] iter 74: loss = 607.84045, delta_loss = 1.690775E-5, learn_rate = 2.811628E-9
[DEBUG] 2020-08-24 18:38:03,590 -- CAMF_CU fold [5] iter 74: loss = 658.37683, delta_loss = 1.8168514E-5, learn_rate = 2.811628E-9
[DEBUG] 2020-08-24 18:38:03,591 -- CAMF_CU fold [2] iter 80: loss = 653.0272, delta_loss = 2.5815768E-6, learn_rate = 4.0685136E-10
[DEBUG] 2020-08-24 18:38:03,593 -- CAMF_CU fold [1] iter 73: loss = 634.197, delta_loss = -2.9953912E-7, learn_rate = 5.623256E-9
[DEBUG] 2020-08-24 18:38:03,593 -- CAMF_CU fold [3] iter 79: loss = 650.651, delta_loss = -4.34012E-8, learn_rate = 8.137027E-10
[DEBUG] 2020-08-24 18:38:03,596 -- CAMF_CU fold [5] iter 75: loss = 658.37683, delta_loss = -1.6864476E-7, learn_rate = 2.9522094E-9
[DEBUG] 2020-08-24 18:38:03,598 -- CAMF_CU fold [2] iter 81: loss = 653.0272, delta_loss = -2.8328827E-8, learn_rate = 4.2719392E-10
[DEBUG] 2020-08-24 18:38:03,599 -- CAMF_CU fold [3] iter 80: loss = 650.651, delta_loss = 2.5828472E-6, learn_rate = 4.0685136E-10
[DEBUG] 2020-08-24 18:38:03,599 -- CAMF_CU fold [1] iter 74: loss = 634.197, delta_loss = 1.763422E-5, learn_rate = 2.811628E-9
[DEBUG] 2020-08-24 18:38:03,603 -- CAMF_CU fold [5] iter 76: loss = 658.37683, delta_loss = 9.5384685E-6, learn_rate = 1.4761047E-9
[DEBUG] 2020-08-24 18:38:03,605 -- CAMF_CU fold [1] iter 75: loss = 634.197, delta_loss = -1.5726164E-7, learn_rate = 2.9522094E-9
[DEBUG] 2020-08-24 18:38:03,605 -- CAMF_CU fold [4] iter 75: loss = 607.84045, delta_loss = -2.0023992E-7, learn_rate = 2.9522094E-9
[DEBUG] 2020-08-24 18:38:03,605 -- CAMF_CU fold [2] iter 82: loss = 653.0272, delta_loss = 1.3553392E-6, learn_rate = 2.1359696E-10
[DEBUG] 2020-08-24 18:38:03,610 -- CAMF_CU fold [3] iter 81: loss = 650.651, delta_loss = -2.2787617E-8, learn_rate = 4.2719392E-10
[DEBUG] 2020-08-24 18:38:03,610 -- CAMF_CU fold [4] iter 76: loss = 607.84045, delta_loss = 8.876565E-6, learn_rate = 1.4761047E-9
[DEBUG] 2020-08-24 18:38:03,611 -- CAMF_CU fold [2] iter 83: loss = 653.0272, delta_loss = -1.4870011E-8, learn_rate = 2.242768E-10
[DEBUG] 2020-08-24 18:38:03,615 -- CAMF_CU fold [5] iter 77: loss = 658.37683, delta_loss = -8.854374E-8, learn_rate = 1.5499099E-9
[DEBUG] 2020-08-24 18:38:03,615 -- CAMF_CU fold [3] iter 82: loss = 650.651, delta_loss = 1.3559828E-6, learn_rate = 2.1359696E-10
[DEBUG] 2020-08-24 18:38:03,616 -- CAMF_CU fold [4] iter 77: loss = 607.84045, delta_loss = -1.051244E-7, learn_rate = 1.5499099E-9
[DEBUG] 2020-08-24 18:38:03,618 -- CAMF_CU fold [2] iter 84: loss = 653.0272, delta_loss = 7.1154807E-7, learn_rate = 1.121384E-10
[DEBUG] 2020-08-24 18:38:03,610 -- CAMF_CU fold [1] iter 76: loss = 634.197, delta_loss = 9.257964E-6, learn_rate = 1.4761047E-9
[DEBUG] 2020-08-24 18:38:03,621 -- CAMF_CU fold [5] iter 78: loss = 658.37683, delta_loss = 5.007704E-6, learn_rate = 7.7495493E-10
[DEBUG] 2020-08-24 18:38:03,622 -- CAMF_CU fold [3] iter 83: loss = 650.651, delta_loss = -1.1962015E-8, learn_rate = 2.242768E-10
[DEBUG] 2020-08-24 18:38:03,623 -- CAMF_CU fold [4] iter 78: loss = 607.84045, delta_loss = 4.660194E-6, learn_rate = 7.7495493E-10
[DEBUG] 2020-08-24 18:38:03,630 -- CAMF_CU fold [1] iter 77: loss = 634.197, delta_loss = -8.256552E-8, learn_rate = 1.5499099E-9
[DEBUG] 2020-08-24 18:38:03,634 -- CAMF_CU fold [3] iter 84: loss = 650.651, delta_loss = 7.118957E-7, learn_rate = 1.121384E-10
[DEBUG] 2020-08-24 18:38:03,634 -- CAMF_CU fold [5] iter 79: loss = 658.37683, delta_loss = -4.648416E-8, learn_rate = 8.137027E-10
[DEBUG] 2020-08-24 18:38:03,635 -- CAMF_CU fold [4] iter 79: loss = 607.84045, delta_loss = -5.5187797E-8, learn_rate = 8.137027E-10
[DEBUG] 2020-08-24 18:38:03,638 -- CAMF_CU fold [2] iter 85: loss = 653.0272, delta_loss = -7.800509E-9, learn_rate = 1.1774533E-10
[DEBUG] 2020-08-24 18:38:03,640 -- CAMF_CU fold [1] iter 78: loss = 634.197, delta_loss = 4.8604347E-6, learn_rate = 7.7495493E-10
[DEBUG] 2020-08-24 18:38:03,643 -- CAMF_CU fold [5] iter 80: loss = 658.37683, delta_loss = 2.6290425E-6, learn_rate = 4.0685136E-10
[DEBUG] 2020-08-24 18:38:03,643 -- CAMF_CU fold [4] iter 80: loss = 607.84045, delta_loss = 2.4465955E-6, learn_rate = 4.0685136E-10
[DEBUG] 2020-08-24 18:38:03,648 -- CAMF_CU fold [2] iter 86: loss = 653.0272, delta_loss = 3.7355835E-7, learn_rate = 5.8872664E-11
[DEBUG] 2020-08-24 18:38:03,651 -- CAMF_CU fold [5] iter 81: loss = 658.37683, delta_loss = -2.4411179E-8, learn_rate = 4.2719392E-10
[DEBUG] 2020-08-24 18:38:03,651 -- CAMF_CU fold [1] iter 79: loss = 634.197, delta_loss = -4.3346176E-8, learn_rate = 8.137027E-10
[DEBUG] 2020-08-24 18:38:03,653 -- CAMF_CU fold [4] iter 81: loss = 607.84045, delta_loss = -2.8977183E-8, learn_rate = 4.2719392E-10
[DEBUG] 2020-08-24 18:38:03,658 -- CAMF_CU fold [2] iter 87: loss = 653.0272, delta_loss = -4.0979558E-9, learn_rate = 6.1816295E-11
[DEBUG] 2020-08-24 18:38:03,659 -- CAMF_CU fold [5] iter 82: loss = 658.37683, delta_loss = 1.3802456E-6, learn_rate = 2.1359696E-10
[DEBUG] 2020-08-24 18:38:03,663 -- CAMF_CU fold [4] iter 82: loss = 607.84045, delta_loss = 1.2844662E-6, learn_rate = 2.1359696E-10
[DEBUG] 2020-08-24 18:38:03,667 -- CAMF_CU fold [2] iter 88: loss = 653.0272, delta_loss = 1.9611298E-7, learn_rate = 3.0908148E-11
[DEBUG] 2020-08-24 18:38:03,668 -- CAMF_CU fold [1] iter 80: loss = 634.197, delta_loss = 2.551718E-6, learn_rate = 4.0685136E-10
[DEBUG] 2020-08-24 18:38:03,671 -- CAMF_CU fold [5] iter 83: loss = 658.37683, delta_loss = -1.2814326E-8, learn_rate = 2.242768E-10
[DEBUG] 2020-08-24 18:38:03,671 -- CAMF_CU fold [3] iter 85: loss = 650.651, delta_loss = -6.2806293E-9, learn_rate = 1.1774533E-10
[DEBUG] 2020-08-24 18:38:03,674 -- CAMF_CU fold [4] iter 83: loss = 607.84045, delta_loss = -1.5215619E-8, learn_rate = 2.242768E-10
[DEBUG] 2020-08-24 18:38:03,677 -- CAMF_CU fold [1] iter 81: loss = 634.197, delta_loss = -2.275533E-8, learn_rate = 4.2719392E-10
[DEBUG] 2020-08-24 18:38:03,678 -- CAMF_CU fold [5] iter 84: loss = 658.37683, delta_loss = 7.246248E-7, learn_rate = 1.121384E-10
[DEBUG] 2020-08-24 18:38:03,679 -- CAMF_CU fold [3] iter 86: loss = 650.651, delta_loss = 3.737448E-7, learn_rate = 5.8872664E-11
[DEBUG] 2020-08-24 18:38:03,680 -- CAMF_CU fold [4] iter 84: loss = 607.84045, delta_loss = 6.743519E-7, learn_rate = 1.121384E-10
[DEBUG] 2020-08-24 18:38:03,683 -- CAMF_CU fold [1] iter 82: loss = 634.197, delta_loss = 1.3396602E-6, learn_rate = 2.1359696E-10
[DEBUG] 2020-08-24 18:38:03,684 -- CAMF_CU fold [5] iter 85: loss = 658.37683, delta_loss = -6.721507E-9, learn_rate = 1.1774533E-10
[DEBUG] 2020-08-24 18:38:03,684 -- CAMF_CU fold [3] iter 87: loss = 650.651, delta_loss = -3.3007836E-9, learn_rate = 6.1816295E-11
[DEBUG] 2020-08-24 18:38:03,686 -- CAMF_CU fold [4] iter 85: loss = 607.84045, delta_loss = -7.983203E-9, learn_rate = 1.1774533E-10
[DEBUG] 2020-08-24 18:38:03,689 -- CAMF_CU fold [1] iter 83: loss = 634.197, delta_loss = -1.1952807E-8, learn_rate = 2.242768E-10
[DEBUG] 2020-08-24 18:38:03,689 -- CAMF_CU fold [5] iter 86: loss = 658.37683, delta_loss = 3.8042992E-7, learn_rate = 5.8872664E-11
[DEBUG] 2020-08-24 18:38:03,690 -- CAMF_CU fold [3] iter 88: loss = 650.651, delta_loss = 1.9622064E-7, learn_rate = 3.0908148E-11
[DEBUG] 2020-08-24 18:38:03,691 -- CAMF_CU fold [4] iter 86: loss = 607.84045, delta_loss = 3.5403707E-7, learn_rate = 5.8872664E-11
[DEBUG] 2020-08-24 18:38:03,694 -- CAMF_CU fold [1] iter 84: loss = 634.197, delta_loss = 7.033241E-7, learn_rate = 1.121384E-10
[DEBUG] 2020-08-24 18:38:03,695 -- CAMF_CU fold [5] iter 87: loss = 658.37683, delta_loss = -3.5265657E-9, learn_rate = 6.1816295E-11
[DEBUG] 2020-08-24 18:38:03,696 -- CAMF_CU fold [3] iter 89: loss = 650.651, delta_loss = -1.7276989E-9, learn_rate = 3.2453554E-11
[DEBUG] 2020-08-24 18:38:03,697 -- CAMF_CU fold [4] iter 87: loss = 607.84045, delta_loss = -4.1945896E-9, learn_rate = 6.1816295E-11
[DEBUG] 2020-08-24 18:38:03,700 -- CAMF_CU fold [5] iter 88: loss = 658.37683, delta_loss = 1.9972458E-7, learn_rate = 3.0908148E-11
[DEBUG] 2020-08-24 18:38:03,702 -- CAMF_CU fold [3] iter 90: loss = 650.651, delta_loss = 1.0300937E-7, learn_rate = 1.6226777E-11
[DEBUG] 2020-08-24 18:38:03,703 -- CAMF_CU fold [2] iter 89: loss = 653.0272, delta_loss = -2.1519782E-9, learn_rate = 3.2453554E-11
[DEBUG] 2020-08-24 18:38:03,703 -- CAMF_CU fold [4] iter 88: loss = 607.84045, delta_loss = 1.858657E-7, learn_rate = 3.0908148E-11
[DEBUG] 2020-08-24 18:38:03,704 -- CAMF_CU fold [1] iter 85: loss = 634.197, delta_loss = -6.2707386E-9, learn_rate = 1.1774533E-10
[DEBUG] 2020-08-24 18:38:03,708 -- CAMF_CU fold [2] iter 90: loss = 653.0272, delta_loss = 1.0296026E-7, learn_rate = 1.6226777E-11
[DEBUG] 2020-08-24 18:38:03,709 -- CAMF_CU fold [5] iter 89: loss = 658.37683, delta_loss = -1.8548008E-9, learn_rate = 3.2453554E-11
[DEBUG] 2020-08-24 18:38:03,710 -- CAMF_CU fold [1] iter 86: loss = 634.197, delta_loss = 3.692486E-7, learn_rate = 5.8872664E-11
[DEBUG] 2020-08-24 18:38:03,710 -- CAMF_CU fold [3] iter 91: loss = 650.651, delta_loss = -9.071073E-10, learn_rate = 1.7038116E-11
[DEBUG] 2020-08-24 18:38:03,714 -- CAMF_CU fold [2] iter 91: loss = 653.0272, delta_loss = -1.1285692E-9, learn_rate = 1.7038116E-11
[DEBUG] 2020-08-24 18:38:03,715 -- CAMF_CU fold [5] iter 90: loss = 658.37683, delta_loss = 1.04854735E-7, learn_rate = 1.6226777E-11
[DEBUG] 2020-08-24 18:38:03,715 -- CAMF_CU fold [1] iter 87: loss = 634.197, delta_loss = -3.2865728E-9, learn_rate = 6.1816295E-11
[DEBUG] 2020-08-24 18:38:03,715 -- CAMF_CU fold [3] iter 92: loss = 650.651, delta_loss = 5.4079578E-8, learn_rate = 8.519058E-12
[DEBUG] 2020-08-24 18:38:03,720 -- CAMF_CU fold [2] iter 92: loss = 653.0272, delta_loss = 5.4052634E-8, learn_rate = 8.519058E-12
[DEBUG] 2020-08-24 18:38:03,721 -- CAMF_CU fold [5] iter 91: loss = 658.37683, delta_loss = -9.738415E-10, learn_rate = 1.7038116E-11
[DEBUG] 2020-08-24 18:38:03,721 -- CAMF_CU fold [1] iter 88: loss = 634.197, delta_loss = 1.9385914E-7, learn_rate = 3.0908148E-11
[DEBUG] 2020-08-24 18:38:03,721 -- CAMF_CU fold [3] iter 93: loss = 650.651, delta_loss = -4.778258E-10, learn_rate = 8.945011E-12
[DEBUG] 2020-08-24 18:38:03,725 -- CAMF_CU fold [2] iter 93: loss = 653.0272, delta_loss = -5.9128524E-10, learn_rate = 8.945011E-12
[DEBUG] 2020-08-24 18:38:03,727 -- CAMF_CU fold [5] iter 92: loss = 658.37683, delta_loss = 5.5053647E-8, learn_rate = 8.519058E-12
[DEBUG] 2020-08-24 18:38:03,727 -- CAMF_CU fold [1] iter 89: loss = 634.197, delta_loss = -1.7322463E-9, learn_rate = 3.2453554E-11
[DEBUG] 2020-08-24 18:38:03,728 -- CAMF_CU fold [3] iter 94: loss = 650.651, delta_loss = 2.8394197E-8, learn_rate = 4.4725057E-12
[DEBUG] 2020-08-24 18:38:03,732 -- CAMF_CU fold [5] iter 93: loss = 658.37683, delta_loss = -5.1363713E-10, learn_rate = 8.945011E-12
[DEBUG] 2020-08-24 18:38:03,732 -- CAMF_CU fold [1] iter 90: loss = 634.197, delta_loss = 1.0177291E-7, learn_rate = 1.6226777E-11
[DEBUG] 2020-08-24 18:38:03,733 -- CAMF_CU fold [3] iter 95: loss = 650.651, delta_loss = -2.5022473E-10, learn_rate = 4.6961306E-12
[DEBUG] 2020-08-24 18:38:03,734 -- CAMF_CU fold [4] iter 89: loss = 607.84045, delta_loss = -2.1991582E-9, learn_rate = 3.2453554E-11
[DEBUG] 2020-08-24 18:38:03,737 -- CAMF_CU fold [2] iter 94: loss = 653.0272, delta_loss = 2.8377144E-8, learn_rate = 4.4725057E-12
[DEBUG] 2020-08-24 18:38:03,740 -- CAMF_CU fold [5] iter 94: loss = 658.37683, delta_loss = 2.8899649E-8, learn_rate = 4.4725057E-12
[DEBUG] 2020-08-24 18:38:03,741 -- CAMF_CU fold [4] iter 90: loss = 607.84045, delta_loss = 9.758048E-8, learn_rate = 1.6226777E-11
[DEBUG] 2020-08-24 18:38:03,741 -- CAMF_CU fold [1] iter 91: loss = 634.197, delta_loss = -9.0733465E-10, learn_rate = 1.7038116E-11
[DEBUG] 2020-08-24 18:38:03,743 -- CAMF_CU fold [2] iter 95: loss = 653.0272, delta_loss = -3.143441E-10, learn_rate = 4.6961306E-12
[DEBUG] 2020-08-24 18:38:03,746 -- CAMF_CU fold [4] iter 91: loss = 607.84045, delta_loss = -1.1502834E-9, learn_rate = 1.7038116E-11
[DEBUG] 2020-08-24 18:38:03,747 -- CAMF_CU fold [5] iter 95: loss = 658.37683, delta_loss = -2.6921043E-10, learn_rate = 4.6961306E-12
[DEBUG] 2020-08-24 18:38:03,747 -- CAMF_CU fold [1] iter 92: loss = 634.197, delta_loss = 5.343088E-8, learn_rate = 8.519058E-12
[DEBUG] 2020-08-24 18:38:03,749 -- CAMF_CU fold [2] iter 96: loss = 653.0272, delta_loss = 1.48992285E-8, learn_rate = 2.3480653E-12
[DEBUG] 2020-08-24 18:38:03,752 -- CAMF_CU fold [4] iter 92: loss = 607.84045, delta_loss = 5.122274E-8, learn_rate = 8.519058E-12
[DEBUG] 2020-08-24 18:38:03,752 -- CAMF_CU fold [5] iter 96: loss = 658.37683, delta_loss = 1.5173555E-8, learn_rate = 2.3480653E-12
[DEBUG] 2020-08-24 18:38:03,753 -- CAMF_CU fold [1] iter 93: loss = 634.197, delta_loss = -4.7361937E-10, learn_rate = 8.945011E-12
[DEBUG] 2020-08-24 18:38:03,755 -- CAMF_CU fold [2] iter 97: loss = 653.0272, delta_loss = -1.6291324E-10, learn_rate = 2.4654688E-12
[DEBUG] 2020-08-24 18:38:03,758 -- CAMF_CU fold [4] iter 93: loss = 607.84045, delta_loss = -6.052687E-10, learn_rate = 8.945011E-12
[DEBUG] 2020-08-24 18:38:03,758 -- CAMF_CU fold [5] iter 97: loss = 658.37683, delta_loss = -1.3858426E-10, learn_rate = 2.4654688E-12
[DEBUG] 2020-08-24 18:38:03,759 -- CAMF_CU fold [1] iter 94: loss = 634.197, delta_loss = 2.805109E-8, learn_rate = 4.4725057E-12
[DEBUG] 2020-08-24 18:38:03,761 -- CAMF_CU fold [2] iter 98: loss = 653.0272, delta_loss = 7.818812E-9, learn_rate = 1.2327344E-12
[DEBUG] 2020-08-24 18:38:03,764 -- CAMF_CU fold [1] iter 95: loss = 634.197, delta_loss = -2.5102054E-10, learn_rate = 4.6961306E-12
[DEBUG] 2020-08-24 18:38:03,765 -- CAMF_CU fold [5] iter 98: loss = 658.37683, delta_loss = 7.9646725E-9, learn_rate = 1.2327344E-12
[DEBUG] 2020-08-24 18:38:03,765 -- CAMF_CU fold [3] iter 96: loss = 650.651, delta_loss = 1.490639E-8, learn_rate = 2.3480653E-12
[DEBUG] 2020-08-24 18:38:03,767 -- CAMF_CU fold [2] iter 99: loss = 653.0272, delta_loss = -8.344614E-11, learn_rate = 1.2943711E-12
[DEBUG] 2020-08-24 18:38:03,770 -- CAMF_CU fold [1] iter 96: loss = 634.197, delta_loss = 1.4725288E-8, learn_rate = 2.3480653E-12
[DEBUG] 2020-08-24 18:38:03,771 -- CAMF_CU fold [5] iter 99: loss = 658.37683, delta_loss = -7.526069E-11, learn_rate = 1.2943711E-12
[DEBUG] 2020-08-24 18:38:03,764 -- CAMF_CU fold [4] iter 94: loss = 607.84045, delta_loss = 2.6894327E-8, learn_rate = 4.4725057E-12
[DEBUG] 2020-08-24 18:38:03,771 -- CAMF_CU fold [3] iter 97: loss = 650.651, delta_loss = -1.339231E-10, learn_rate = 2.4654688E-12
[DEBUG] 2020-08-24 18:38:03,773 -- CAMF_CU fold [2] iter 100: loss = 653.0272, delta_loss = 4.10796E-9, learn_rate = 6.4718554E-13
[DEBUG] 2020-08-24 18:38:03,775 -- CAMF_CU fold [2] evaluate test data ... 
[DEBUG] 2020-08-24 18:38:03,776 -- CAMF_CU fold [4] iter 95: loss = 607.84045, delta_loss = -3.196874E-10, learn_rate = 4.6961306E-12
[DEBUG] 2020-08-24 18:38:03,778 -- CAMF_CU fold [1] iter 97: loss = 634.197, delta_loss = -1.2789769E-10, learn_rate = 2.4654688E-12
[DEBUG] 2020-08-24 18:38:03,782 -- CAMF_CU fold [4] iter 96: loss = 607.84045, delta_loss = 1.4118427E-8, learn_rate = 2.3480653E-12
[DEBUG] 2020-08-24 18:38:03,787 -- CAMF_CU fold [4] iter 97: loss = 607.84045, delta_loss = -1.6677859E-10, learn_rate = 2.4654688E-12
[DEBUG] 2020-08-24 18:38:03,789 -- CAMF_CU fold [2] has candidate items: 79
[DEBUG] 2020-08-24 18:38:03,790 -- CAMF_CU fold [1] iter 98: loss = 634.197, delta_loss = 7.731501E-9, learn_rate = 1.2327344E-12
[DEBUG] 2020-08-24 18:38:03,791 -- CAMF_CU fold [3] iter 98: loss = 650.651, delta_loss = 7.825747E-9, learn_rate = 1.2327344E-12
[DEBUG] 2020-08-24 18:38:03,793 -- CAMF_CU fold [4] iter 98: loss = 607.84045, delta_loss = 7.413746E-9, learn_rate = 1.2327344E-12
[DEBUG] 2020-08-24 18:38:03,797 -- CAMF_CU fold [3] iter 99: loss = 650.651, delta_loss = -6.900791E-11, learn_rate = 1.2943711E-12
[DEBUG] 2020-08-24 18:38:03,798 -- CAMF_CU fold [1] iter 99: loss = 634.197, delta_loss = -7.1054274E-11, learn_rate = 1.2943711E-12
[DEBUG] 2020-08-24 18:38:03,798 -- CAMF_CU fold [4] iter 99: loss = 607.84045, delta_loss = -8.5378815E-11, learn_rate = 1.2943711E-12
[DEBUG] 2020-08-24 18:38:03,805 -- CAMF_CU fold [3] iter 100: loss = 650.651, delta_loss = 4.106255E-9, learn_rate = 6.4718554E-13
[DEBUG] 2020-08-24 18:38:03,807 -- CAMF_CU fold [3] evaluate test data ... 
[DEBUG] 2020-08-24 18:38:03,812 -- CAMF_CU fold [1] iter 100: loss = 634.197, delta_loss = 4.059075E-9, learn_rate = 6.4718554E-13
[DEBUG] 2020-08-24 18:38:03,812 -- CAMF_CU fold [1] evaluate test data ... 
[DEBUG] 2020-08-24 18:38:03,814 -- CAMF_CU fold [4] iter 100: loss = 607.84045, delta_loss = 3.89025E-9, learn_rate = 6.4718554E-13
[DEBUG] 2020-08-24 18:38:03,814 -- CAMF_CU fold [4] evaluate test data ... 
[DEBUG] 2020-08-24 18:38:03,814 -- CAMF_CU fold [5] iter 100: loss = 658.37683, delta_loss = 4.183221E-9, learn_rate = 6.4718554E-13
[DEBUG] 2020-08-24 18:38:03,814 -- CAMF_CU fold [5] evaluate test data ... 
[DEBUG] 2020-08-24 18:38:03,821 -- CAMF_CU fold [1] has candidate items: 79
[DEBUG] 2020-08-24 18:38:03,860 -- CAMF_CU fold [4] has candidate items: 79
[DEBUG] 2020-08-24 18:38:03,885 -- CAMF_CU fold [5] has candidate items: 79
[DEBUG] 2020-08-24 18:38:03,925 -- CAMF_CU fold [3] has candidate items: 79
[DEBUG] 2020-08-24 18:38:04,056 -- CAMF_CU fold [2] has writeen item recommendations to C:\Users\Waguinho\Documents\pesquisa\CARSKit_Interface\source\datasets\results\CAMF_CU-top-10-items fold [2].txt
[DEBUG] 2020-08-24 18:38:04,099 -- CAMF_CU fold [1] has writeen item recommendations to C:\Users\Waguinho\Documents\pesquisa\CARSKit_Interface\source\datasets\results\CAMF_CU-top-10-items fold [1].txt
[DEBUG] 2020-08-24 18:38:04,105 -- CAMF_CU fold [2]: Pre5: 0,049032,Pre10: 0,059821, Rec5: 0,093601, Rec10: 0,226298, AUC5: 0,594529, AUC10: 0,665984, MAP5: 0,034079, MAP10: 0,057805,NDCG5: 0,062152, NDCG10: 0,118214,MRR5: 0,083369, MRR10: 0,109134	Time: 00:01, 00:00
[DEBUG] 2020-08-24 18:38:04,133 -- CAMF_CU fold [1]: Pre5: 0,053129,Pre10: 0,058136, Rec5: 0,097490, Rec10: 0,206292, AUC5: 0,596066, AUC10: 0,655886, MAP5: 0,042293, MAP10: 0,062278,NDCG5: 0,072285, NDCG10: 0,119381,MRR5: 0,105383, MRR10: 0,127750	Time: 00:01, 00:00
[DEBUG] 2020-08-24 18:38:04,135 -- CAMF_CU fold [5] has writeen item recommendations to C:\Users\Waguinho\Documents\pesquisa\CARSKit_Interface\source\datasets\results\CAMF_CU-top-10-items fold [5].txt
[DEBUG] 2020-08-24 18:38:04,137 -- CAMF_CU fold [5]: Pre5: 0,051340,Pre10: 0,065670, Rec5: 0,084437, Rec10: 0,217829, AUC5: 0,581592, AUC10: 0,664984, MAP5: 0,034910, MAP10: 0,059365,NDCG5: 0,061091, NDCG10: 0,119235,MRR5: 0,083322, MRR10: 0,113772	Time: 00:00, 00:00
[DEBUG] 2020-08-24 18:38:04,142 -- CAMF_CU fold [4] has writeen item recommendations to C:\Users\Waguinho\Documents\pesquisa\CARSKit_Interface\source\datasets\results\CAMF_CU-top-10-items fold [4].txt
[DEBUG] 2020-08-24 18:38:04,144 -- CAMF_CU fold [4]: Pre5: 0,051135,Pre10: 0,052102, Rec5: 0,086946, Rec10: 0,172147, AUC5: 0,595406, AUC10: 0,648883, MAP5: 0,033831, MAP10: 0,048714,NDCG5: 0,061935, NDCG10: 0,099296,MRR5: 0,086726, MRR10: 0,105759	Time: 00:00, 00:00
[DEBUG] 2020-08-24 18:38:04,149 -- CAMF_CU fold [3] has writeen item recommendations to C:\Users\Waguinho\Documents\pesquisa\CARSKit_Interface\source\datasets\results\CAMF_CU-top-10-items fold [3].txt
[DEBUG] 2020-08-24 18:38:04,152 -- CAMF_CU fold [3]: Pre5: 0,056115,Pre10: 0,053213, Rec5: 0,092259, Rec10: 0,188706, AUC5: 0,594379, AUC10: 0,658857, MAP5: 0,039735, MAP10: 0,054772,NDCG5: 0,068912, NDCG10: 0,108684,MRR5: 0,094880, MRR10: 0,117952	Time: 00:01, 00:00
[INFO ] 2020-08-24 18:38:04,155 -- Final Results by CAMF_CU, Pre5: 0,052150,Pre10: 0,057788, Rec5: 0,090947, Rec10: 0,202254, AUC5: 0,592394, AUC10: 0,658919, MAP5: 0,036970, MAP10: 0,056587,NDCG5: 0,065275, NDCG10: 0,112962,MRR5: 0,090736, MRR10: 0,114874, numFactors: 10, numIter: 100, lrate: 0.02, maxlrate: -1.0, regB: 1.0E-4, regU: 1.0E-4, regI: 1.0E-4, regC: 0.001, isBoldDriver: true, Time: '00:01','00:00'

[DEBUG] 2020-08-24 18:38:04,157 -- Have been collected to file: results_all.txt
